<?xml version="1.0" encoding="UTF-8"?>
<robot generator="Robot 5.0.1 (Python 3.10.5 on win32)" generated="20220715 09:55:39.780" rpa="false" schemaversion="3">
<suite id="s1" name="TestesUsuarios GET" source="C:\Users\Usuario\Robotron_Beatriz_Jardim_Projeto_Final\usuarios\TestesUsuarios_GET.robot">
<test id="s1-t1" name="Cenário: GET Todos os Usuários 200" line="15">
<kw name="Criar Sessao" library="common">
<kw name="Create Session" library="RequestsLibrary">
<arg>serverest</arg>
<arg>http://localhost:3000</arg>
<doc>Create Session: create a HTTP session to a server</doc>
<msg timestamp="20220715 09:55:39.942" level="INFO">Creating Session using : alias=serverest, url=http://localhost:3000, headers={},                     cookies={}, auth=None, timeout=None, proxies=None, verify=False,                     debug=0 </msg>
<status status="PASS" starttime="20220715 09:55:39.942" endtime="20220715 09:55:39.942"/>
</kw>
<status status="PASS" starttime="20220715 09:55:39.942" endtime="20220715 09:55:39.943"/>
</kw>
<kw name="GET Endpoint /usuarios">
<kw name="GET On Session" library="RequestsLibrary">
<var>${response}</var>
<arg>serverest</arg>
<arg>/usuarios</arg>
<doc>Sends a GET request on a previously created HTTP Session.</doc>
<msg timestamp="20220715 09:55:39.954" level="INFO">GET Request : url=http://localhost:3000/usuarios 
 path_url=/usuarios 
 headers={'User-Agent': 'python-requests/2.28.1', 'Accept-Encoding': 'gzip, deflate', 'Accept': '*/*', 'Connection': 'keep-alive'} 
 body=None 
 </msg>
<msg timestamp="20220715 09:55:39.954" level="INFO">GET Response : url=http://localhost:3000/usuarios 
 status=200, reason=OK 
 headers={'Access-Control-Allow-Origin': '*', 'x-dns-prefetch-control': 'off', 'x-frame-options': 'SAMEORIGIN', 'strict-transport-security': 'max-age=15552000; includeSubDomains', 'x-download-options': 'noopen', 'x-content-type-options': 'nosniff', 'x-xss-protection': '1; mode=block', 'x-moesif-transaction-id': '01d5c164-bbb4-4153-b218-563fafa79767', 'Content-Type': 'application/json; charset=utf-8', 'Content-Length': '923', 'Date': 'Fri, 15 Jul 2022 12:55:39 GMT', 'Connection': 'keep-alive', 'Keep-Alive': 'timeout=5'} 
 body={
    "quantidade": 4,
    "usuarios": [
        {
            "nome": "Taylor Swift",
            "email": "evermore@gmail.com",
            "password": "reputation",
            "administrador": "true",
            "_id": "CNR4yVgA8tQfkvqv"
        },
        {
            "nome": "Shawn Mendes",
            "email": "illuminate@gmail.com",
            "password": "handwritten",
            "administrador": "true",
            "_id": "QrfK3NGEg3gATntD"
        },
        {
            "nome": "Lizzie Grant",
            "email": "stargirlinterlude@gmail.com",
            "password": "ultraviolence",
            "administrador": "true",
            "_id": "susXVV8VDdM3MOhW"
        },
        {
            "nome": "Childish Gambino",
            "email": "becausetheinternet@gmail.com",
            "password": "3005",
            "administrador": "false",
            "_id": "xqG1S38j6Cbelmu8"
        }
    ]
} 
 </msg>
<msg timestamp="20220715 09:55:39.954" level="INFO">${response} = &lt;Response [200]&gt;</msg>
<status status="PASS" starttime="20220715 09:55:39.944" endtime="20220715 09:55:39.954"/>
</kw>
<kw name="Printar Conteudo Response" library="common">
<arg>${response}</arg>
<kw name="Log To Console" library="BuiltIn">
<arg>Response: ${response.content}</arg>
<doc>Logs the given message to the console.</doc>
<status status="PASS" starttime="20220715 09:55:39.955" endtime="20220715 09:55:39.956"/>
</kw>
<status status="PASS" starttime="20220715 09:55:39.954" endtime="20220715 09:55:39.956"/>
</kw>
<kw name="Set Global Variable" library="BuiltIn">
<arg>${response}</arg>
<doc>Makes a variable available globally in all tests and suites.</doc>
<msg timestamp="20220715 09:55:39.956" level="INFO">${response} = &lt;Response [200]&gt;</msg>
<status status="PASS" starttime="20220715 09:55:39.956" endtime="20220715 09:55:39.956"/>
</kw>
<status status="PASS" starttime="20220715 09:55:39.943" endtime="20220715 09:55:39.956"/>
</kw>
<kw name="Validar Status Code &quot;200&quot;" library="common" sourcename="Validar Status Code &quot;${statuscode}&quot;">
<kw name="Should Be True" library="BuiltIn">
<arg>${response.status_code} == ${statuscode}</arg>
<doc>Fails if the given condition is not true.</doc>
<status status="PASS" starttime="20220715 09:55:39.957" endtime="20220715 09:55:39.958"/>
</kw>
<status status="PASS" starttime="20220715 09:55:39.957" endtime="20220715 09:55:39.958"/>
</kw>
<kw name="Validar Quantidade ${4}" sourcename="Validar Quantidade ${qnt}">
<kw name="Should Be Equal" library="BuiltIn">
<arg>${response.json()["quantidade"]}</arg>
<arg>${qnt}</arg>
<doc>Fails if the given objects are unequal.</doc>
<status status="PASS" starttime="20220715 09:55:39.959" endtime="20220715 09:55:39.960"/>
</kw>
<status status="PASS" starttime="20220715 09:55:39.959" endtime="20220715 09:55:39.960"/>
</kw>
<tag>GET200.1</tag>
<status status="PASS" starttime="20220715 09:55:39.941" endtime="20220715 09:55:39.960"/>
</test>
<test id="s1-t2" name="Cenário: GET Usuário Específico 200" line="22">
<kw name="Criar Sessao" library="common">
<kw name="Create Session" library="RequestsLibrary">
<arg>serverest</arg>
<arg>http://localhost:3000</arg>
<doc>Create Session: create a HTTP session to a server</doc>
<msg timestamp="20220715 09:55:39.965" level="INFO">Creating Session using : alias=serverest, url=http://localhost:3000, headers={},                     cookies={}, auth=None, timeout=None, proxies=None, verify=False,                     debug=0 </msg>
<status status="PASS" starttime="20220715 09:55:39.964" endtime="20220715 09:55:39.965"/>
</kw>
<status status="PASS" starttime="20220715 09:55:39.964" endtime="20220715 09:55:39.965"/>
</kw>
<kw name="GET Endpoint /usuarios id &quot;CNR4yVgA8tQfkvqv&quot;" sourcename="GET Endpoint /usuarios id &quot;${id}&quot;">
<kw name="GET On Session" library="RequestsLibrary">
<var>${response}</var>
<arg>serverest</arg>
<arg>/usuarios/${id}</arg>
<arg>expected_status=anything</arg>
<doc>Sends a GET request on a previously created HTTP Session.</doc>
<msg timestamp="20220715 09:55:39.969" level="INFO">GET Request : url=http://localhost:3000/usuarios/CNR4yVgA8tQfkvqv 
 path_url=/usuarios/CNR4yVgA8tQfkvqv 
 headers={'User-Agent': 'python-requests/2.28.1', 'Accept-Encoding': 'gzip, deflate', 'Accept': '*/*', 'Connection': 'keep-alive'} 
 body=None 
 </msg>
<msg timestamp="20220715 09:55:39.970" level="INFO">GET Response : url=http://localhost:3000/usuarios/CNR4yVgA8tQfkvqv 
 status=200, reason=OK 
 headers={'Access-Control-Allow-Origin': '*', 'x-dns-prefetch-control': 'off', 'x-frame-options': 'SAMEORIGIN', 'strict-transport-security': 'max-age=15552000; includeSubDomains', 'x-download-options': 'noopen', 'x-content-type-options': 'nosniff', 'x-xss-protection': '1; mode=block', 'x-moesif-transaction-id': '5478258e-3063-41bc-8c78-302561b8e2ed', 'Content-Type': 'application/json; charset=utf-8', 'Content-Length': '155', 'Date': 'Fri, 15 Jul 2022 12:55:39 GMT', 'Connection': 'keep-alive', 'Keep-Alive': 'timeout=5'} 
 body={
    "nome": "Taylor Swift",
    "email": "evermore@gmail.com",
    "password": "reputation",
    "administrador": "true",
    "_id": "CNR4yVgA8tQfkvqv"
} 
 </msg>
<msg timestamp="20220715 09:55:39.970" level="INFO">${response} = &lt;Response [200]&gt;</msg>
<status status="PASS" starttime="20220715 09:55:39.966" endtime="20220715 09:55:39.970"/>
</kw>
<kw name="Printar Conteudo Response" library="common">
<arg>${response}</arg>
<kw name="Log To Console" library="BuiltIn">
<arg>Response: ${response.content}</arg>
<doc>Logs the given message to the console.</doc>
<status status="PASS" starttime="20220715 09:55:39.970" endtime="20220715 09:55:39.972"/>
</kw>
<status status="PASS" starttime="20220715 09:55:39.970" endtime="20220715 09:55:39.972"/>
</kw>
<kw name="Set Global Variable" library="BuiltIn">
<arg>${response}</arg>
<doc>Makes a variable available globally in all tests and suites.</doc>
<msg timestamp="20220715 09:55:39.972" level="INFO">${response} = &lt;Response [200]&gt;</msg>
<status status="PASS" starttime="20220715 09:55:39.972" endtime="20220715 09:55:39.972"/>
</kw>
<status status="PASS" starttime="20220715 09:55:39.966" endtime="20220715 09:55:39.972"/>
</kw>
<kw name="Validar Status Code &quot;200&quot;" library="common" sourcename="Validar Status Code &quot;${statuscode}&quot;">
<kw name="Should Be True" library="BuiltIn">
<arg>${response.status_code} == ${statuscode}</arg>
<doc>Fails if the given condition is not true.</doc>
<status status="PASS" starttime="20220715 09:55:39.972" endtime="20220715 09:55:39.973"/>
</kw>
<status status="PASS" starttime="20220715 09:55:39.972" endtime="20220715 09:55:39.973"/>
</kw>
<kw name="Validar Nome: &quot;Taylor Swift&quot;" library="common" sourcename="Validar Nome: &quot;${nome}&quot;">
<kw name="Should Match" library="BuiltIn">
<arg>${response.json()["nome"]}</arg>
<arg>${nome}</arg>
<doc>Fails if the given ``string`` does not match the given ``pattern``.</doc>
<status status="PASS" starttime="20220715 09:55:39.974" endtime="20220715 09:55:39.975"/>
</kw>
<status status="PASS" starttime="20220715 09:55:39.974" endtime="20220715 09:55:39.975"/>
</kw>
<tag>GET200.2</tag>
<status status="PASS" starttime="20220715 09:55:39.964" endtime="20220715 09:55:39.975"/>
</test>
<test id="s1-t3" name="Cenário: GET Usuário Inexistente 400" line="29">
<kw name="Criar Sessao" library="common">
<kw name="Create Session" library="RequestsLibrary">
<arg>serverest</arg>
<arg>http://localhost:3000</arg>
<doc>Create Session: create a HTTP session to a server</doc>
<msg timestamp="20220715 09:55:39.982" level="INFO">Creating Session using : alias=serverest, url=http://localhost:3000, headers={},                     cookies={}, auth=None, timeout=None, proxies=None, verify=False,                     debug=0 </msg>
<status status="PASS" starttime="20220715 09:55:39.982" endtime="20220715 09:55:39.983"/>
</kw>
<status status="PASS" starttime="20220715 09:55:39.982" endtime="20220715 09:55:39.983"/>
</kw>
<kw name="GET Endpoint /usuarios id &quot;Inexistente&quot;" sourcename="GET Endpoint /usuarios id &quot;${id}&quot;">
<kw name="GET On Session" library="RequestsLibrary">
<var>${response}</var>
<arg>serverest</arg>
<arg>/usuarios/${id}</arg>
<arg>expected_status=anything</arg>
<doc>Sends a GET request on a previously created HTTP Session.</doc>
<msg timestamp="20220715 09:55:39.986" level="INFO">GET Request : url=http://localhost:3000/usuarios/Inexistente 
 path_url=/usuarios/Inexistente 
 headers={'User-Agent': 'python-requests/2.28.1', 'Accept-Encoding': 'gzip, deflate', 'Accept': '*/*', 'Connection': 'keep-alive'} 
 body=None 
 </msg>
<msg timestamp="20220715 09:55:39.986" level="INFO">GET Response : url=http://localhost:3000/usuarios/Inexistente 
 status=400, reason=Bad Request 
 headers={'Access-Control-Allow-Origin': '*', 'x-dns-prefetch-control': 'off', 'x-frame-options': 'SAMEORIGIN', 'strict-transport-security': 'max-age=15552000; includeSubDomains', 'x-download-options': 'noopen', 'x-content-type-options': 'nosniff', 'x-xss-protection': '1; mode=block', 'x-moesif-transaction-id': '311ba7b4-1d6e-44d1-9b06-0c4c63332374', 'Content-Type': 'application/json; charset=utf-8', 'Content-Length': '45', 'Date': 'Fri, 15 Jul 2022 12:55:39 GMT', 'Connection': 'keep-alive', 'Keep-Alive': 'timeout=5'} 
 body={
    "message": "Usuário não encontrado"
} 
 </msg>
<msg timestamp="20220715 09:55:39.987" level="INFO">${response} = &lt;Response [400]&gt;</msg>
<status status="PASS" starttime="20220715 09:55:39.983" endtime="20220715 09:55:39.987"/>
</kw>
<kw name="Printar Conteudo Response" library="common">
<arg>${response}</arg>
<kw name="Log To Console" library="BuiltIn">
<arg>Response: ${response.content}</arg>
<doc>Logs the given message to the console.</doc>
<status status="PASS" starttime="20220715 09:55:39.987" endtime="20220715 09:55:39.989"/>
</kw>
<status status="PASS" starttime="20220715 09:55:39.987" endtime="20220715 09:55:39.989"/>
</kw>
<kw name="Set Global Variable" library="BuiltIn">
<arg>${response}</arg>
<doc>Makes a variable available globally in all tests and suites.</doc>
<msg timestamp="20220715 09:55:39.989" level="INFO">${response} = &lt;Response [400]&gt;</msg>
<status status="PASS" starttime="20220715 09:55:39.989" endtime="20220715 09:55:39.989"/>
</kw>
<status status="PASS" starttime="20220715 09:55:39.983" endtime="20220715 09:55:39.989"/>
</kw>
<kw name="Validar Status Code &quot;400&quot;" library="common" sourcename="Validar Status Code &quot;${statuscode}&quot;">
<kw name="Should Be True" library="BuiltIn">
<arg>${response.status_code} == ${statuscode}</arg>
<doc>Fails if the given condition is not true.</doc>
<status status="PASS" starttime="20220715 09:55:39.990" endtime="20220715 09:55:39.990"/>
</kw>
<status status="PASS" starttime="20220715 09:55:39.990" endtime="20220715 09:55:39.990"/>
</kw>
<kw name="Validar Mensagem: &quot;Usuário não encontrado&quot;" library="common" sourcename="Validar Mensagem: &quot;${mensagem}&quot;">
<kw name="Should Match" library="BuiltIn">
<arg>${response.json()["message"]}</arg>
<arg>${mensagem}</arg>
<doc>Fails if the given ``string`` does not match the given ``pattern``.</doc>
<status status="PASS" starttime="20220715 09:55:39.991" endtime="20220715 09:55:39.992"/>
</kw>
<status status="PASS" starttime="20220715 09:55:39.991" endtime="20220715 09:55:39.992"/>
</kw>
<tag>GET400</tag>
<status status="PASS" starttime="20220715 09:55:39.978" endtime="20220715 09:55:39.993"/>
</test>
<doc>Arquivo simples para requisições GET do Endpoint /usuarios</doc>
<status status="PASS" starttime="20220715 09:55:39.783" endtime="20220715 09:55:39.998"/>
</suite>
<statistics>
<total>
<stat pass="3" fail="0" skip="0">All Tests</stat>
</total>
<tag>
<stat pass="1" fail="0" skip="0">GET200.1</stat>
<stat pass="1" fail="0" skip="0">GET200.2</stat>
<stat pass="1" fail="0" skip="0">GET400</stat>
</tag>
<suite>
<stat pass="3" fail="0" skip="0" id="s1" name="TestesUsuarios GET">TestesUsuarios GET</stat>
</suite>
</statistics>
<errors>
</errors>
</robot>
