<?xml version="1.0" encoding="UTF-8"?>
<robot generator="Robot 5.0.1 (Python 3.10.5 on win32)" generated="20220715 11:55:25.253" rpa="false" schemaversion="3">
<suite id="s1" name="TestesProdutos POST" source="C:\Users\Usuario\Robotron_Beatriz_Jardim_Projeto_Final\produtos\TestesProdutos_POST.robot">
<test id="s1-t1" name="Cenário: POST Cadastrar Novo Produto 201" line="14">
<kw name="Criar Sessao" library="common">
<kw name="Create Session" library="RequestsLibrary">
<arg>serverest</arg>
<arg>http://localhost:3000</arg>
<doc>Create Session: create a HTTP session to a server</doc>
<msg timestamp="20220715 11:55:25.482" level="INFO">Creating Session using : alias=serverest, url=http://localhost:3000, headers={},                     cookies={}, auth=None, timeout=None, proxies=None, verify=False,                     debug=0 </msg>
<status status="PASS" starttime="20220715 11:55:25.482" endtime="20220715 11:55:25.483"/>
</kw>
<status status="PASS" starttime="20220715 11:55:25.482" endtime="20220715 11:55:25.483"/>
</kw>
<kw name="Fazer Login e Armazenar Token" library="keywordsLogin">
<kw name="Fazer Login com Usuário Válido de Massa Estatica" library="keywordsLogin">
<kw name="Importar JSON Estatico" library="common">
<var>${json}</var>
<arg>../login/json_login_ex.json</arg>
<kw name="Get File" library="OperatingSystem">
<var>${arquivo}</var>
<arg>${EXECDIR}/${nome_arquivo}</arg>
<doc>Returns the contents of a specified file.</doc>
<msg timestamp="20220715 11:55:25.487" level="INFO" html="true">Getting file '&lt;a href="file://C:\Users\Usuario\Robotron_Beatriz_Jardim_Projeto_Final\login\json_login_ex.json"&gt;C:\Users\Usuario\Robotron_Beatriz_Jardim_Projeto_Final\login\json_login_ex.json&lt;/a&gt;'.</msg>
<msg timestamp="20220715 11:55:25.487" level="INFO">${arquivo} = {
    "login_valido_sem_carrinho":{
        "email":"evermore@gmail.com",
        "password":"reputation"
    },
    "login_email_invalido":{
        "email":"emailInvalido@gmail.com",
        "passwo...</msg>
<status status="PASS" starttime="20220715 11:55:25.486" endtime="20220715 11:55:25.487"/>
</kw>
<kw name="Evaluate" library="BuiltIn">
<var>&amp;{data}</var>
<arg>json.loads('''${arquivo}''')</arg>
<arg>json</arg>
<doc>Evaluates the given expression in Python and returns the result.</doc>
<msg timestamp="20220715 11:55:25.488" level="INFO">&amp;{data} = { login_valido_sem_carrinho={'email': 'evermore@gmail.com', 'password': 'reputation'} | login_email_invalido={'email': 'emailInvalido@gmail.com', 'password': 'reputation'} | login_senha_invalida={'ema...</msg>
<status status="PASS" starttime="20220715 11:55:25.487" endtime="20220715 11:55:25.488"/>
</kw>
<msg timestamp="20220715 11:55:25.489" level="INFO">${json} = {'login_valido_sem_carrinho': {'email': 'evermore@gmail.com', 'password': 'reputation'}, 'login_email_invalido': {'email': 'emailInvalido@gmail.com', 'password': 'reputation'}, 'login_senha_invalida':...</msg>
<status status="PASS" starttime="20220715 11:55:25.485" endtime="20220715 11:55:25.489"/>
</kw>
<kw name="Set Variable" library="BuiltIn">
<var>${payload}</var>
<arg>${json["login_valido_sem_carrinho"]}</arg>
<doc>Returns the given values which can then be assigned to a variables.</doc>
<msg timestamp="20220715 11:55:25.490" level="INFO">${payload} = {'email': 'evermore@gmail.com', 'password': 'reputation'}</msg>
<status status="PASS" starttime="20220715 11:55:25.489" endtime="20220715 11:55:25.490"/>
</kw>
<kw name="Set Global Variable" library="BuiltIn">
<arg>${payload}</arg>
<doc>Makes a variable available globally in all tests and suites.</doc>
<msg timestamp="20220715 11:55:25.491" level="INFO">${payload} = {'email': 'evermore@gmail.com', 'password': 'reputation'}</msg>
<status status="PASS" starttime="20220715 11:55:25.490" endtime="20220715 11:55:25.491"/>
</kw>
<kw name="POST Endpoint /login" library="keywordsLogin">
<kw name="POST On Session" library="RequestsLibrary">
<var>${response}</var>
<arg>serverest</arg>
<arg>/login</arg>
<arg>json=&amp;{payload}</arg>
<arg>expected_status=anything</arg>
<doc>Sends a POST request on a previously created HTTP Session.</doc>
<msg timestamp="20220715 11:55:25.512" level="INFO">POST Request : url=http://localhost:3000/login 
 path_url=/login 
 headers={'User-Agent': 'python-requests/2.28.1', 'Accept-Encoding': 'gzip, deflate', 'Accept': '*/*', 'Connection': 'keep-alive', 'Content-Length': '57', 'Content-Type': 'application/json'} 
 body=b'{"email": "evermore@gmail.com", "password": "reputation"}' 
 </msg>
<msg timestamp="20220715 11:55:25.512" level="INFO">POST Response : url=http://localhost:3000/login 
 status=200, reason=OK 
 headers={'Access-Control-Allow-Origin': '*', 'x-dns-prefetch-control': 'off', 'x-frame-options': 'SAMEORIGIN', 'strict-transport-security': 'max-age=15552000; includeSubDomains', 'x-download-options': 'noopen', 'x-content-type-options': 'nosniff', 'x-xss-protection': '1; mode=block', 'x-moesif-transaction-id': '747e1ec7-d09c-43a7-af80-de6fdf5ad28f', 'Content-Type': 'application/json; charset=utf-8', 'Content-Length': '279', 'Date': 'Fri, 15 Jul 2022 14:55:25 GMT', 'Connection': 'keep-alive', 'Keep-Alive': 'timeout=5'} 
 body={
    "message": "Login realizado com sucesso",
    "authorization": "Bearer eyJhbGciOiJIUzI1NiIsInR5cCI6IkpXVCJ9.eyJlbWFpbCI6ImV2ZXJtb3JlQGdtYWlsLmNvbSIsInBhc3N3b3JkIjoicmVwdXRhdGlvbiIsImlhdCI6MTY1Nzg5NjkyNSwiZXhwIjoxNjU3ODk3NTI1fQ.u3aZCwI9qzlHf71Gn4PVwntzfG7eSKXChu29aupOY2c"
} 
 </msg>
<msg timestamp="20220715 11:55:25.513" level="INFO">${response} = &lt;Response [200]&gt;</msg>
<status status="PASS" starttime="20220715 11:55:25.491" endtime="20220715 11:55:25.513"/>
</kw>
<kw name="Printar Conteudo Response" library="common">
<arg>${response}</arg>
<kw name="Log To Console" library="BuiltIn">
<arg>Response: ${response.content}</arg>
<doc>Logs the given message to the console.</doc>
<status status="PASS" starttime="20220715 11:55:25.513" endtime="20220715 11:55:25.514"/>
</kw>
<status status="PASS" starttime="20220715 11:55:25.513" endtime="20220715 11:55:25.514"/>
</kw>
<kw name="Set Global Variable" library="BuiltIn">
<arg>${response}</arg>
<doc>Makes a variable available globally in all tests and suites.</doc>
<msg timestamp="20220715 11:55:25.515" level="INFO">${response} = &lt;Response [200]&gt;</msg>
<status status="PASS" starttime="20220715 11:55:25.514" endtime="20220715 11:55:25.515"/>
</kw>
<status status="PASS" starttime="20220715 11:55:25.491" endtime="20220715 11:55:25.515"/>
</kw>
<status status="PASS" starttime="20220715 11:55:25.485" endtime="20220715 11:55:25.515"/>
</kw>
<kw name="Validar Ter Logado" library="keywordsLogin">
<kw name="Should Be Equal" library="BuiltIn">
<arg>${response.json()["message"]}</arg>
<arg>Login realizado com sucesso</arg>
<doc>Fails if the given objects are unequal.</doc>
<status status="PASS" starttime="20220715 11:55:25.516" endtime="20220715 11:55:25.516"/>
</kw>
<kw name="Should Not Be Empty" library="BuiltIn">
<arg>${response.json()["authorization"]}</arg>
<doc>Verifies that the given item is not empty.</doc>
<msg timestamp="20220715 11:55:25.518" level="INFO">Length is 206</msg>
<status status="PASS" starttime="20220715 11:55:25.517" endtime="20220715 11:55:25.518"/>
</kw>
<status status="PASS" starttime="20220715 11:55:25.515" endtime="20220715 11:55:25.518"/>
</kw>
<kw name="Set Variable" library="BuiltIn">
<var>${token_auth}</var>
<arg>${response.json()["authorization"]}</arg>
<doc>Returns the given values which can then be assigned to a variables.</doc>
<msg timestamp="20220715 11:55:25.519" level="INFO">${token_auth} = Bearer eyJhbGciOiJIUzI1NiIsInR5cCI6IkpXVCJ9.eyJlbWFpbCI6ImV2ZXJtb3JlQGdtYWlsLmNvbSIsInBhc3N3b3JkIjoicmVwdXRhdGlvbiIsImlhdCI6MTY1Nzg5NjkyNSwiZXhwIjoxNjU3ODk3NTI1fQ.u3aZCwI9qzlHf71Gn4PVwntzfG7eSKXChu29a...</msg>
<status status="PASS" starttime="20220715 11:55:25.518" endtime="20220715 11:55:25.519"/>
</kw>
<kw name="Set Global Variable" library="BuiltIn">
<arg>${token_auth}</arg>
<doc>Makes a variable available globally in all tests and suites.</doc>
<msg timestamp="20220715 11:55:25.520" level="INFO">${token_auth} = Bearer eyJhbGciOiJIUzI1NiIsInR5cCI6IkpXVCJ9.eyJlbWFpbCI6ImV2ZXJtb3JlQGdtYWlsLmNvbSIsInBhc3N3b3JkIjoicmVwdXRhdGlvbiIsImlhdCI6MTY1Nzg5NjkyNSwiZXhwIjoxNjU3ODk3NTI1fQ.u3aZCwI9qzlHf71Gn4PVwntzfG7eSKXChu29a...</msg>
<status status="PASS" starttime="20220715 11:55:25.519" endtime="20220715 11:55:25.520"/>
</kw>
<status status="PASS" starttime="20220715 11:55:25.484" endtime="20220715 11:55:25.520"/>
</kw>
<kw name="Cadastra Produto Estatico Valido">
<kw name="Importar JSON Estatico" library="common">
<var>${json}</var>
<arg>json_produtos_ex.json</arg>
<kw name="Get File" library="OperatingSystem">
<var>${arquivo}</var>
<arg>${EXECDIR}/${nome_arquivo}</arg>
<doc>Returns the contents of a specified file.</doc>
<msg timestamp="20220715 11:55:25.522" level="INFO" html="true">Getting file '&lt;a href="file://C:\Users\Usuario\Robotron_Beatriz_Jardim_Projeto_Final\produtos\json_produtos_ex.json"&gt;C:\Users\Usuario\Robotron_Beatriz_Jardim_Projeto_Final\produtos\json_produtos_ex.json&lt;/a&gt;'.</msg>
<msg timestamp="20220715 11:55:25.522" level="INFO">${arquivo} = {
    "produto_valido":{
    "nome": "IPhone 13 - 128GB",
    "preco": 5060,
    "descricao": "Celular",
    "quantidade": 128
  },
  "produto_invalido":{
    "nome": "IPhone 11 - 128GB",
    "preco":...</msg>
<status status="PASS" starttime="20220715 11:55:25.521" endtime="20220715 11:55:25.522"/>
</kw>
<kw name="Evaluate" library="BuiltIn">
<var>&amp;{data}</var>
<arg>json.loads('''${arquivo}''')</arg>
<arg>json</arg>
<doc>Evaluates the given expression in Python and returns the result.</doc>
<msg timestamp="20220715 11:55:25.523" level="INFO">&amp;{data} = { produto_valido={'nome': 'IPhone 13 - 128GB', 'preco': 5060, 'descricao': 'Celular', 'quantidade': 128} | produto_invalido={'nome': 'IPhone 11 - 128GB', 'preco': 2080, 'descricao': 'Celular em promoç...</msg>
<status status="PASS" starttime="20220715 11:55:25.522" endtime="20220715 11:55:25.523"/>
</kw>
<msg timestamp="20220715 11:55:25.523" level="INFO">${json} = {'produto_valido': {'nome': 'IPhone 13 - 128GB', 'preco': 5060, 'descricao': 'Celular', 'quantidade': 128}, 'produto_invalido': {'nome': 'IPhone 11 - 128GB', 'preco': 2080, 'descricao': 'Celular em pr...</msg>
<status status="PASS" starttime="20220715 11:55:25.521" endtime="20220715 11:55:25.523"/>
</kw>
<kw name="Set Variable" library="BuiltIn">
<var>${payload}</var>
<arg>${json["produto_valido"]}</arg>
<doc>Returns the given values which can then be assigned to a variables.</doc>
<msg timestamp="20220715 11:55:25.524" level="INFO">${payload} = {'nome': 'IPhone 13 - 128GB', 'preco': 5060, 'descricao': 'Celular', 'quantidade': 128}</msg>
<status status="PASS" starttime="20220715 11:55:25.523" endtime="20220715 11:55:25.524"/>
</kw>
<kw name="Set Global Variable" library="BuiltIn">
<arg>${payload}</arg>
<doc>Makes a variable available globally in all tests and suites.</doc>
<msg timestamp="20220715 11:55:25.525" level="INFO">${payload} = {'nome': 'IPhone 13 - 128GB', 'preco': 5060, 'descricao': 'Celular', 'quantidade': 128}</msg>
<status status="PASS" starttime="20220715 11:55:25.524" endtime="20220715 11:55:25.525"/>
</kw>
<kw name="POST Endpoint /produtos">
<kw name="Create Dictionary" library="BuiltIn">
<var>&amp;{header}</var>
<arg>Authorization=${token_auth}</arg>
<doc>Creates and returns a dictionary based on the given ``items``.</doc>
<msg timestamp="20220715 11:55:25.525" level="INFO">&amp;{header} = { Authorization=Bearer eyJhbGciOiJIUzI1NiIsInR5cCI6IkpXVCJ9.eyJlbWFpbCI6ImV2ZXJtb3JlQGdtYWlsLmNvbSIsInBhc3N3b3JkIjoicmVwdXRhdGlvbiIsImlhdCI6MTY1Nzg5NjkyNSwiZXhwIjoxNjU3ODk3NTI1fQ.u3aZCwI9qzlHf71Gn4PVw...</msg>
<status status="PASS" starttime="20220715 11:55:25.525" endtime="20220715 11:55:25.525"/>
</kw>
<kw name="POST On Session" library="RequestsLibrary">
<var>${response}</var>
<arg>serverest</arg>
<arg>/produtos</arg>
<arg>json=${payload}</arg>
<arg>expected_status=anything</arg>
<arg>headers=${header}</arg>
<doc>Sends a POST request on a previously created HTTP Session.</doc>
<msg timestamp="20220715 11:55:25.539" level="INFO">POST Request : url=http://localhost:3000/produtos 
 path_url=/produtos 
 headers={'User-Agent': 'python-requests/2.28.1', 'Accept-Encoding': 'gzip, deflate', 'Accept': '*/*', 'Connection': 'keep-alive', 'Authorization': 'Bearer eyJhbGciOiJIUzI1NiIsInR5cCI6IkpXVCJ9.eyJlbWFpbCI6ImV2ZXJtb3JlQGdtYWlsLmNvbSIsInBhc3N3b3JkIjoicmVwdXRhdGlvbiIsImlhdCI6MTY1Nzg5NjkyNSwiZXhwIjoxNjU3ODk3NTI1fQ.u3aZCwI9qzlHf71Gn4PVwntzfG7eSKXChu29aupOY2c', 'Content-Length': '87', 'Content-Type': 'application/json'} 
 body=b'{"nome": "IPhone 13 - 128GB", "preco": 5060, "descricao": "Celular", "quantidade": 128}' 
 </msg>
<msg timestamp="20220715 11:55:25.539" level="INFO">POST Response : url=http://localhost:3000/produtos 
 status=201, reason=Created 
 headers={'Access-Control-Allow-Origin': '*', 'x-dns-prefetch-control': 'off', 'x-frame-options': 'SAMEORIGIN', 'strict-transport-security': 'max-age=15552000; includeSubDomains', 'x-download-options': 'noopen', 'x-content-type-options': 'nosniff', 'x-xss-protection': '1; mode=block', 'x-moesif-transaction-id': '58fa6836-2e29-45fa-aaba-90b36ce54162', 'Content-Type': 'application/json; charset=utf-8', 'Content-Length': '82', 'Date': 'Fri, 15 Jul 2022 14:55:25 GMT', 'Connection': 'keep-alive', 'Keep-Alive': 'timeout=5'} 
 body={
    "message": "Cadastro realizado com sucesso",
    "_id": "mTq57GfPjmaNjou0"
} 
 </msg>
<msg timestamp="20220715 11:55:25.539" level="INFO">${response} = &lt;Response [201]&gt;</msg>
<status status="PASS" starttime="20220715 11:55:25.526" endtime="20220715 11:55:25.539"/>
</kw>
<kw name="Printar Conteudo Response" library="common">
<arg>${response}</arg>
<kw name="Log To Console" library="BuiltIn">
<arg>Response: ${response.content}</arg>
<doc>Logs the given message to the console.</doc>
<status status="PASS" starttime="20220715 11:55:25.540" endtime="20220715 11:55:25.541"/>
</kw>
<status status="PASS" starttime="20220715 11:55:25.540" endtime="20220715 11:55:25.541"/>
</kw>
<kw name="Set Global Variable" library="BuiltIn">
<arg>${response}</arg>
<doc>Makes a variable available globally in all tests and suites.</doc>
<msg timestamp="20220715 11:55:25.542" level="INFO">${response} = &lt;Response [201]&gt;</msg>
<status status="PASS" starttime="20220715 11:55:25.541" endtime="20220715 11:55:25.542"/>
</kw>
<status status="PASS" starttime="20220715 11:55:25.525" endtime="20220715 11:55:25.542"/>
</kw>
<status status="PASS" starttime="20220715 11:55:25.521" endtime="20220715 11:55:25.542"/>
</kw>
<kw name="Validar Status Code &quot;201&quot;" library="common" sourcename="Validar Status Code &quot;${statuscode}&quot;">
<kw name="Should Be True" library="BuiltIn">
<arg>${response.status_code} == ${statuscode}</arg>
<doc>Fails if the given condition is not true.</doc>
<status status="PASS" starttime="20220715 11:55:25.543" endtime="20220715 11:55:25.544"/>
</kw>
<status status="PASS" starttime="20220715 11:55:25.543" endtime="20220715 11:55:25.545"/>
</kw>
<kw name="Validar Mensagem: &quot;Cadastro realizado com sucesso&quot;" library="common" sourcename="Validar Mensagem: &quot;${mensagem}&quot;">
<kw name="Should Match" library="BuiltIn">
<arg>${response.json()["message"]}</arg>
<arg>${mensagem}</arg>
<doc>Fails if the given ``string`` does not match the given ``pattern``.</doc>
<status status="PASS" starttime="20220715 11:55:25.545" endtime="20220715 11:55:25.546"/>
</kw>
<status status="PASS" starttime="20220715 11:55:25.545" endtime="20220715 11:55:25.547"/>
</kw>
<tag>POST201</tag>
<status status="PASS" starttime="20220715 11:55:25.481" endtime="20220715 11:55:25.548"/>
</test>
<test id="s1-t2" name="Cenário: POST Cadastrar Produto Existente 400" line="23">
<kw name="Criar Sessao" library="common">
<kw name="Create Session" library="RequestsLibrary">
<arg>serverest</arg>
<arg>http://localhost:3000</arg>
<doc>Create Session: create a HTTP session to a server</doc>
<msg timestamp="20220715 11:55:25.554" level="INFO">Creating Session using : alias=serverest, url=http://localhost:3000, headers={},                     cookies={}, auth=None, timeout=None, proxies=None, verify=False,                     debug=0 </msg>
<status status="PASS" starttime="20220715 11:55:25.554" endtime="20220715 11:55:25.555"/>
</kw>
<status status="PASS" starttime="20220715 11:55:25.554" endtime="20220715 11:55:25.555"/>
</kw>
<kw name="Fazer Login e Armazenar Token" library="keywordsLogin">
<kw name="Fazer Login com Usuário Válido de Massa Estatica" library="keywordsLogin">
<kw name="Importar JSON Estatico" library="common">
<var>${json}</var>
<arg>../login/json_login_ex.json</arg>
<kw name="Get File" library="OperatingSystem">
<var>${arquivo}</var>
<arg>${EXECDIR}/${nome_arquivo}</arg>
<doc>Returns the contents of a specified file.</doc>
<msg timestamp="20220715 11:55:25.557" level="INFO" html="true">Getting file '&lt;a href="file://C:\Users\Usuario\Robotron_Beatriz_Jardim_Projeto_Final\login\json_login_ex.json"&gt;C:\Users\Usuario\Robotron_Beatriz_Jardim_Projeto_Final\login\json_login_ex.json&lt;/a&gt;'.</msg>
<msg timestamp="20220715 11:55:25.557" level="INFO">${arquivo} = {
    "login_valido_sem_carrinho":{
        "email":"evermore@gmail.com",
        "password":"reputation"
    },
    "login_email_invalido":{
        "email":"emailInvalido@gmail.com",
        "passwo...</msg>
<status status="PASS" starttime="20220715 11:55:25.556" endtime="20220715 11:55:25.557"/>
</kw>
<kw name="Evaluate" library="BuiltIn">
<var>&amp;{data}</var>
<arg>json.loads('''${arquivo}''')</arg>
<arg>json</arg>
<doc>Evaluates the given expression in Python and returns the result.</doc>
<msg timestamp="20220715 11:55:25.558" level="INFO">&amp;{data} = { login_valido_sem_carrinho={'email': 'evermore@gmail.com', 'password': 'reputation'} | login_email_invalido={'email': 'emailInvalido@gmail.com', 'password': 'reputation'} | login_senha_invalida={'ema...</msg>
<status status="PASS" starttime="20220715 11:55:25.557" endtime="20220715 11:55:25.558"/>
</kw>
<msg timestamp="20220715 11:55:25.558" level="INFO">${json} = {'login_valido_sem_carrinho': {'email': 'evermore@gmail.com', 'password': 'reputation'}, 'login_email_invalido': {'email': 'emailInvalido@gmail.com', 'password': 'reputation'}, 'login_senha_invalida':...</msg>
<status status="PASS" starttime="20220715 11:55:25.556" endtime="20220715 11:55:25.558"/>
</kw>
<kw name="Set Variable" library="BuiltIn">
<var>${payload}</var>
<arg>${json["login_valido_sem_carrinho"]}</arg>
<doc>Returns the given values which can then be assigned to a variables.</doc>
<msg timestamp="20220715 11:55:25.559" level="INFO">${payload} = {'email': 'evermore@gmail.com', 'password': 'reputation'}</msg>
<status status="PASS" starttime="20220715 11:55:25.558" endtime="20220715 11:55:25.559"/>
</kw>
<kw name="Set Global Variable" library="BuiltIn">
<arg>${payload}</arg>
<doc>Makes a variable available globally in all tests and suites.</doc>
<msg timestamp="20220715 11:55:25.560" level="INFO">${payload} = {'email': 'evermore@gmail.com', 'password': 'reputation'}</msg>
<status status="PASS" starttime="20220715 11:55:25.560" endtime="20220715 11:55:25.560"/>
</kw>
<kw name="POST Endpoint /login" library="keywordsLogin">
<kw name="POST On Session" library="RequestsLibrary">
<var>${response}</var>
<arg>serverest</arg>
<arg>/login</arg>
<arg>json=&amp;{payload}</arg>
<arg>expected_status=anything</arg>
<doc>Sends a POST request on a previously created HTTP Session.</doc>
<msg timestamp="20220715 11:55:25.567" level="INFO">POST Request : url=http://localhost:3000/login 
 path_url=/login 
 headers={'User-Agent': 'python-requests/2.28.1', 'Accept-Encoding': 'gzip, deflate', 'Accept': '*/*', 'Connection': 'keep-alive', 'Content-Length': '57', 'Content-Type': 'application/json'} 
 body=b'{"email": "evermore@gmail.com", "password": "reputation"}' 
 </msg>
<msg timestamp="20220715 11:55:25.567" level="INFO">POST Response : url=http://localhost:3000/login 
 status=200, reason=OK 
 headers={'Access-Control-Allow-Origin': '*', 'x-dns-prefetch-control': 'off', 'x-frame-options': 'SAMEORIGIN', 'strict-transport-security': 'max-age=15552000; includeSubDomains', 'x-download-options': 'noopen', 'x-content-type-options': 'nosniff', 'x-xss-protection': '1; mode=block', 'x-moesif-transaction-id': '163e09d5-f2f7-4e71-8370-27db87b5ef7a', 'Content-Type': 'application/json; charset=utf-8', 'Content-Length': '279', 'Date': 'Fri, 15 Jul 2022 14:55:25 GMT', 'Connection': 'keep-alive', 'Keep-Alive': 'timeout=5'} 
 body={
    "message": "Login realizado com sucesso",
    "authorization": "Bearer eyJhbGciOiJIUzI1NiIsInR5cCI6IkpXVCJ9.eyJlbWFpbCI6ImV2ZXJtb3JlQGdtYWlsLmNvbSIsInBhc3N3b3JkIjoicmVwdXRhdGlvbiIsImlhdCI6MTY1Nzg5NjkyNSwiZXhwIjoxNjU3ODk3NTI1fQ.u3aZCwI9qzlHf71Gn4PVwntzfG7eSKXChu29aupOY2c"
} 
 </msg>
<msg timestamp="20220715 11:55:25.568" level="INFO">${response} = &lt;Response [200]&gt;</msg>
<status status="PASS" starttime="20220715 11:55:25.561" endtime="20220715 11:55:25.568"/>
</kw>
<kw name="Printar Conteudo Response" library="common">
<arg>${response}</arg>
<kw name="Log To Console" library="BuiltIn">
<arg>Response: ${response.content}</arg>
<doc>Logs the given message to the console.</doc>
<status status="PASS" starttime="20220715 11:55:25.569" endtime="20220715 11:55:25.571"/>
</kw>
<status status="PASS" starttime="20220715 11:55:25.568" endtime="20220715 11:55:25.571"/>
</kw>
<kw name="Set Global Variable" library="BuiltIn">
<arg>${response}</arg>
<doc>Makes a variable available globally in all tests and suites.</doc>
<msg timestamp="20220715 11:55:25.572" level="INFO">${response} = &lt;Response [200]&gt;</msg>
<status status="PASS" starttime="20220715 11:55:25.571" endtime="20220715 11:55:25.572"/>
</kw>
<status status="PASS" starttime="20220715 11:55:25.560" endtime="20220715 11:55:25.572"/>
</kw>
<status status="PASS" starttime="20220715 11:55:25.556" endtime="20220715 11:55:25.572"/>
</kw>
<kw name="Validar Ter Logado" library="keywordsLogin">
<kw name="Should Be Equal" library="BuiltIn">
<arg>${response.json()["message"]}</arg>
<arg>Login realizado com sucesso</arg>
<doc>Fails if the given objects are unequal.</doc>
<status status="PASS" starttime="20220715 11:55:25.573" endtime="20220715 11:55:25.574"/>
</kw>
<kw name="Should Not Be Empty" library="BuiltIn">
<arg>${response.json()["authorization"]}</arg>
<doc>Verifies that the given item is not empty.</doc>
<msg timestamp="20220715 11:55:25.575" level="INFO">Length is 206</msg>
<status status="PASS" starttime="20220715 11:55:25.574" endtime="20220715 11:55:25.575"/>
</kw>
<status status="PASS" starttime="20220715 11:55:25.573" endtime="20220715 11:55:25.575"/>
</kw>
<kw name="Set Variable" library="BuiltIn">
<var>${token_auth}</var>
<arg>${response.json()["authorization"]}</arg>
<doc>Returns the given values which can then be assigned to a variables.</doc>
<msg timestamp="20220715 11:55:25.576" level="INFO">${token_auth} = Bearer eyJhbGciOiJIUzI1NiIsInR5cCI6IkpXVCJ9.eyJlbWFpbCI6ImV2ZXJtb3JlQGdtYWlsLmNvbSIsInBhc3N3b3JkIjoicmVwdXRhdGlvbiIsImlhdCI6MTY1Nzg5NjkyNSwiZXhwIjoxNjU3ODk3NTI1fQ.u3aZCwI9qzlHf71Gn4PVwntzfG7eSKXChu29a...</msg>
<status status="PASS" starttime="20220715 11:55:25.575" endtime="20220715 11:55:25.576"/>
</kw>
<kw name="Set Global Variable" library="BuiltIn">
<arg>${token_auth}</arg>
<doc>Makes a variable available globally in all tests and suites.</doc>
<msg timestamp="20220715 11:55:25.576" level="INFO">${token_auth} = Bearer eyJhbGciOiJIUzI1NiIsInR5cCI6IkpXVCJ9.eyJlbWFpbCI6ImV2ZXJtb3JlQGdtYWlsLmNvbSIsInBhc3N3b3JkIjoicmVwdXRhdGlvbiIsImlhdCI6MTY1Nzg5NjkyNSwiZXhwIjoxNjU3ODk3NTI1fQ.u3aZCwI9qzlHf71Gn4PVwntzfG7eSKXChu29a...</msg>
<status status="PASS" starttime="20220715 11:55:25.576" endtime="20220715 11:55:25.576"/>
</kw>
<status status="PASS" starttime="20220715 11:55:25.556" endtime="20220715 11:55:25.577"/>
</kw>
<kw name="Cadastra Produto Estatico Invalido">
<kw name="Importar JSON Estatico" library="common">
<var>${json}</var>
<arg>json_produtos_ex.json</arg>
<kw name="Get File" library="OperatingSystem">
<var>${arquivo}</var>
<arg>${EXECDIR}/${nome_arquivo}</arg>
<doc>Returns the contents of a specified file.</doc>
<msg timestamp="20220715 11:55:25.580" level="INFO" html="true">Getting file '&lt;a href="file://C:\Users\Usuario\Robotron_Beatriz_Jardim_Projeto_Final\produtos\json_produtos_ex.json"&gt;C:\Users\Usuario\Robotron_Beatriz_Jardim_Projeto_Final\produtos\json_produtos_ex.json&lt;/a&gt;'.</msg>
<msg timestamp="20220715 11:55:25.580" level="INFO">${arquivo} = {
    "produto_valido":{
    "nome": "IPhone 13 - 128GB",
    "preco": 5060,
    "descricao": "Celular",
    "quantidade": 128
  },
  "produto_invalido":{
    "nome": "IPhone 11 - 128GB",
    "preco":...</msg>
<status status="PASS" starttime="20220715 11:55:25.580" endtime="20220715 11:55:25.580"/>
</kw>
<kw name="Evaluate" library="BuiltIn">
<var>&amp;{data}</var>
<arg>json.loads('''${arquivo}''')</arg>
<arg>json</arg>
<doc>Evaluates the given expression in Python and returns the result.</doc>
<msg timestamp="20220715 11:55:25.581" level="INFO">&amp;{data} = { produto_valido={'nome': 'IPhone 13 - 128GB', 'preco': 5060, 'descricao': 'Celular', 'quantidade': 128} | produto_invalido={'nome': 'IPhone 11 - 128GB', 'preco': 2080, 'descricao': 'Celular em promoç...</msg>
<status status="PASS" starttime="20220715 11:55:25.581" endtime="20220715 11:55:25.581"/>
</kw>
<msg timestamp="20220715 11:55:25.581" level="INFO">${json} = {'produto_valido': {'nome': 'IPhone 13 - 128GB', 'preco': 5060, 'descricao': 'Celular', 'quantidade': 128}, 'produto_invalido': {'nome': 'IPhone 11 - 128GB', 'preco': 2080, 'descricao': 'Celular em pr...</msg>
<status status="PASS" starttime="20220715 11:55:25.579" endtime="20220715 11:55:25.581"/>
</kw>
<kw name="Set Variable" library="BuiltIn">
<var>${payload}</var>
<arg>${json["produto_invalido"]}</arg>
<doc>Returns the given values which can then be assigned to a variables.</doc>
<msg timestamp="20220715 11:55:25.582" level="INFO">${payload} = {'nome': 'IPhone 11 - 128GB', 'preco': 2080, 'descricao': 'Celular em promoção', 'quantidade': 49}</msg>
<status status="PASS" starttime="20220715 11:55:25.581" endtime="20220715 11:55:25.582"/>
</kw>
<kw name="Set Global Variable" library="BuiltIn">
<arg>${payload}</arg>
<doc>Makes a variable available globally in all tests and suites.</doc>
<msg timestamp="20220715 11:55:25.582" level="INFO">${payload} = {'nome': 'IPhone 11 - 128GB', 'preco': 2080, 'descricao': 'Celular em promoção', 'quantidade': 49}</msg>
<status status="PASS" starttime="20220715 11:55:25.582" endtime="20220715 11:55:25.583"/>
</kw>
<kw name="POST Endpoint /produtos">
<kw name="Create Dictionary" library="BuiltIn">
<var>&amp;{header}</var>
<arg>Authorization=${token_auth}</arg>
<doc>Creates and returns a dictionary based on the given ``items``.</doc>
<msg timestamp="20220715 11:55:25.583" level="INFO">&amp;{header} = { Authorization=Bearer eyJhbGciOiJIUzI1NiIsInR5cCI6IkpXVCJ9.eyJlbWFpbCI6ImV2ZXJtb3JlQGdtYWlsLmNvbSIsInBhc3N3b3JkIjoicmVwdXRhdGlvbiIsImlhdCI6MTY1Nzg5NjkyNSwiZXhwIjoxNjU3ODk3NTI1fQ.u3aZCwI9qzlHf71Gn4PVw...</msg>
<status status="PASS" starttime="20220715 11:55:25.583" endtime="20220715 11:55:25.583"/>
</kw>
<kw name="POST On Session" library="RequestsLibrary">
<var>${response}</var>
<arg>serverest</arg>
<arg>/produtos</arg>
<arg>json=${payload}</arg>
<arg>expected_status=anything</arg>
<arg>headers=${header}</arg>
<doc>Sends a POST request on a previously created HTTP Session.</doc>
<msg timestamp="20220715 11:55:25.589" level="INFO">POST Request : url=http://localhost:3000/produtos 
 path_url=/produtos 
 headers={'User-Agent': 'python-requests/2.28.1', 'Accept-Encoding': 'gzip, deflate', 'Accept': '*/*', 'Connection': 'keep-alive', 'Authorization': 'Bearer eyJhbGciOiJIUzI1NiIsInR5cCI6IkpXVCJ9.eyJlbWFpbCI6ImV2ZXJtb3JlQGdtYWlsLmNvbSIsInBhc3N3b3JkIjoicmVwdXRhdGlvbiIsImlhdCI6MTY1Nzg5NjkyNSwiZXhwIjoxNjU3ODk3NTI1fQ.u3aZCwI9qzlHf71Gn4PVwntzfG7eSKXChu29aupOY2c', 'Content-Length': '108', 'Content-Type': 'application/json'} 
 body=b'{"nome": "IPhone 11 - 128GB", "preco": 2080, "descricao": "Celular em promo\\u00e7\\u00e3o", "quantidade": 49}' 
 </msg>
<msg timestamp="20220715 11:55:25.589" level="INFO">POST Response : url=http://localhost:3000/produtos 
 status=400, reason=Bad Request 
 headers={'Access-Control-Allow-Origin': '*', 'x-dns-prefetch-control': 'off', 'x-frame-options': 'SAMEORIGIN', 'strict-transport-security': 'max-age=15552000; includeSubDomains', 'x-download-options': 'noopen', 'x-content-type-options': 'nosniff', 'x-xss-protection': '1; mode=block', 'x-moesif-transaction-id': '92af7875-ac4f-4b3c-94d9-0606c9f3fc2b', 'Content-Type': 'application/json; charset=utf-8', 'Content-Length': '53', 'Date': 'Fri, 15 Jul 2022 14:55:25 GMT', 'Connection': 'keep-alive', 'Keep-Alive': 'timeout=5'} 
 body={
    "message": "Já existe produto com esse nome"
} 
 </msg>
<msg timestamp="20220715 11:55:25.589" level="INFO">${response} = &lt;Response [400]&gt;</msg>
<status status="PASS" starttime="20220715 11:55:25.583" endtime="20220715 11:55:25.589"/>
</kw>
<kw name="Printar Conteudo Response" library="common">
<arg>${response}</arg>
<kw name="Log To Console" library="BuiltIn">
<arg>Response: ${response.content}</arg>
<doc>Logs the given message to the console.</doc>
<status status="PASS" starttime="20220715 11:55:25.590" endtime="20220715 11:55:25.591"/>
</kw>
<status status="PASS" starttime="20220715 11:55:25.589" endtime="20220715 11:55:25.591"/>
</kw>
<kw name="Set Global Variable" library="BuiltIn">
<arg>${response}</arg>
<doc>Makes a variable available globally in all tests and suites.</doc>
<msg timestamp="20220715 11:55:25.592" level="INFO">${response} = &lt;Response [400]&gt;</msg>
<status status="PASS" starttime="20220715 11:55:25.591" endtime="20220715 11:55:25.592"/>
</kw>
<status status="PASS" starttime="20220715 11:55:25.583" endtime="20220715 11:55:25.592"/>
</kw>
<status status="PASS" starttime="20220715 11:55:25.578" endtime="20220715 11:55:25.592"/>
</kw>
<kw name="Validar Status Code &quot;400&quot;" library="common" sourcename="Validar Status Code &quot;${statuscode}&quot;">
<kw name="Should Be True" library="BuiltIn">
<arg>${response.status_code} == ${statuscode}</arg>
<doc>Fails if the given condition is not true.</doc>
<status status="PASS" starttime="20220715 11:55:25.593" endtime="20220715 11:55:25.594"/>
</kw>
<status status="PASS" starttime="20220715 11:55:25.593" endtime="20220715 11:55:25.594"/>
</kw>
<kw name="Validar Mensagem: &quot;Já existe produto com esse nome&quot;" library="common" sourcename="Validar Mensagem: &quot;${mensagem}&quot;">
<kw name="Should Match" library="BuiltIn">
<arg>${response.json()["message"]}</arg>
<arg>${mensagem}</arg>
<doc>Fails if the given ``string`` does not match the given ``pattern``.</doc>
<status status="PASS" starttime="20220715 11:55:25.595" endtime="20220715 11:55:25.596"/>
</kw>
<status status="PASS" starttime="20220715 11:55:25.595" endtime="20220715 11:55:25.596"/>
</kw>
<tag>POST400</tag>
<status status="PASS" starttime="20220715 11:55:25.550" endtime="20220715 11:55:25.597"/>
</test>
<test id="s1-t3" name="Cenário: POST Erro no Token 401" line="32">
<kw name="Criar Sessao" library="common">
<kw name="Create Session" library="RequestsLibrary">
<arg>serverest</arg>
<arg>http://localhost:3000</arg>
<doc>Create Session: create a HTTP session to a server</doc>
<msg timestamp="20220715 11:55:25.603" level="INFO">Creating Session using : alias=serverest, url=http://localhost:3000, headers={},                     cookies={}, auth=None, timeout=None, proxies=None, verify=False,                     debug=0 </msg>
<status status="PASS" starttime="20220715 11:55:25.602" endtime="20220715 11:55:25.603"/>
</kw>
<status status="PASS" starttime="20220715 11:55:25.601" endtime="20220715 11:55:25.603"/>
</kw>
<kw name="Cadastra Produto Sem Token">
<kw name="Importar JSON Estatico" library="common">
<var>${json}</var>
<arg>json_produtos_ex.json</arg>
<kw name="Get File" library="OperatingSystem">
<var>${arquivo}</var>
<arg>${EXECDIR}/${nome_arquivo}</arg>
<doc>Returns the contents of a specified file.</doc>
<msg timestamp="20220715 11:55:25.606" level="INFO" html="true">Getting file '&lt;a href="file://C:\Users\Usuario\Robotron_Beatriz_Jardim_Projeto_Final\produtos\json_produtos_ex.json"&gt;C:\Users\Usuario\Robotron_Beatriz_Jardim_Projeto_Final\produtos\json_produtos_ex.json&lt;/a&gt;'.</msg>
<msg timestamp="20220715 11:55:25.606" level="INFO">${arquivo} = {
    "produto_valido":{
    "nome": "IPhone 13 - 128GB",
    "preco": 5060,
    "descricao": "Celular",
    "quantidade": 128
  },
  "produto_invalido":{
    "nome": "IPhone 11 - 128GB",
    "preco":...</msg>
<status status="PASS" starttime="20220715 11:55:25.605" endtime="20220715 11:55:25.606"/>
</kw>
<kw name="Evaluate" library="BuiltIn">
<var>&amp;{data}</var>
<arg>json.loads('''${arquivo}''')</arg>
<arg>json</arg>
<doc>Evaluates the given expression in Python and returns the result.</doc>
<msg timestamp="20220715 11:55:25.606" level="INFO">&amp;{data} = { produto_valido={'nome': 'IPhone 13 - 128GB', 'preco': 5060, 'descricao': 'Celular', 'quantidade': 128} | produto_invalido={'nome': 'IPhone 11 - 128GB', 'preco': 2080, 'descricao': 'Celular em promoç...</msg>
<status status="PASS" starttime="20220715 11:55:25.606" endtime="20220715 11:55:25.607"/>
</kw>
<msg timestamp="20220715 11:55:25.607" level="INFO">${json} = {'produto_valido': {'nome': 'IPhone 13 - 128GB', 'preco': 5060, 'descricao': 'Celular', 'quantidade': 128}, 'produto_invalido': {'nome': 'IPhone 11 - 128GB', 'preco': 2080, 'descricao': 'Celular em pr...</msg>
<status status="PASS" starttime="20220715 11:55:25.605" endtime="20220715 11:55:25.607"/>
</kw>
<kw name="Set Variable" library="BuiltIn">
<var>${payload}</var>
<arg>${json["produto_valido"]}</arg>
<doc>Returns the given values which can then be assigned to a variables.</doc>
<msg timestamp="20220715 11:55:25.608" level="INFO">${payload} = {'nome': 'IPhone 13 - 128GB', 'preco': 5060, 'descricao': 'Celular', 'quantidade': 128}</msg>
<status status="PASS" starttime="20220715 11:55:25.607" endtime="20220715 11:55:25.608"/>
</kw>
<kw name="Set Global Variable" library="BuiltIn">
<arg>${payload}</arg>
<doc>Makes a variable available globally in all tests and suites.</doc>
<msg timestamp="20220715 11:55:25.608" level="INFO">${payload} = {'nome': 'IPhone 13 - 128GB', 'preco': 5060, 'descricao': 'Celular', 'quantidade': 128}</msg>
<status status="PASS" starttime="20220715 11:55:25.608" endtime="20220715 11:55:25.608"/>
</kw>
<kw name="POST Sem Token">
<kw name="POST On Session" library="RequestsLibrary">
<var>${response}</var>
<arg>serverest</arg>
<arg>/produtos</arg>
<arg>json=${payload}</arg>
<arg>expected_status=anything</arg>
<doc>Sends a POST request on a previously created HTTP Session.</doc>
<msg timestamp="20220715 11:55:25.614" level="INFO">POST Request : url=http://localhost:3000/produtos 
 path_url=/produtos 
 headers={'User-Agent': 'python-requests/2.28.1', 'Accept-Encoding': 'gzip, deflate', 'Accept': '*/*', 'Connection': 'keep-alive', 'Content-Length': '87', 'Content-Type': 'application/json'} 
 body=b'{"nome": "IPhone 13 - 128GB", "preco": 5060, "descricao": "Celular", "quantidade": 128}' 
 </msg>
<msg timestamp="20220715 11:55:25.614" level="INFO">POST Response : url=http://localhost:3000/produtos 
 status=401, reason=Unauthorized 
 headers={'Access-Control-Allow-Origin': '*', 'x-dns-prefetch-control': 'off', 'x-frame-options': 'SAMEORIGIN', 'strict-transport-security': 'max-age=15552000; includeSubDomains', 'x-download-options': 'noopen', 'x-content-type-options': 'nosniff', 'x-xss-protection': '1; mode=block', 'x-moesif-transaction-id': '4777a50a-892e-4e5a-813c-c38f9cb24029', 'Content-Type': 'application/json; charset=utf-8', 'Content-Length': '103', 'Date': 'Fri, 15 Jul 2022 14:55:25 GMT', 'Connection': 'keep-alive', 'Keep-Alive': 'timeout=5'} 
 body={
    "message": "Token de acesso ausente, inválido, expirado ou usuário do token não existe mais"
} 
 </msg>
<msg timestamp="20220715 11:55:25.614" level="INFO">${response} = &lt;Response [401]&gt;</msg>
<status status="PASS" starttime="20220715 11:55:25.609" endtime="20220715 11:55:25.614"/>
</kw>
<kw name="Printar Conteudo Response" library="common">
<arg>${response}</arg>
<kw name="Log To Console" library="BuiltIn">
<arg>Response: ${response.content}</arg>
<doc>Logs the given message to the console.</doc>
<status status="PASS" starttime="20220715 11:55:25.614" endtime="20220715 11:55:25.616"/>
</kw>
<status status="PASS" starttime="20220715 11:55:25.614" endtime="20220715 11:55:25.616"/>
</kw>
<kw name="Set Global Variable" library="BuiltIn">
<arg>${response}</arg>
<doc>Makes a variable available globally in all tests and suites.</doc>
<msg timestamp="20220715 11:55:25.616" level="INFO">${response} = &lt;Response [401]&gt;</msg>
<status status="PASS" starttime="20220715 11:55:25.616" endtime="20220715 11:55:25.616"/>
</kw>
<status status="PASS" starttime="20220715 11:55:25.609" endtime="20220715 11:55:25.616"/>
</kw>
<status status="PASS" starttime="20220715 11:55:25.604" endtime="20220715 11:55:25.616"/>
</kw>
<kw name="Validar Status Code &quot;401&quot;" library="common" sourcename="Validar Status Code &quot;${statuscode}&quot;">
<kw name="Should Be True" library="BuiltIn">
<arg>${response.status_code} == ${statuscode}</arg>
<doc>Fails if the given condition is not true.</doc>
<status status="PASS" starttime="20220715 11:55:25.618" endtime="20220715 11:55:25.619"/>
</kw>
<status status="PASS" starttime="20220715 11:55:25.617" endtime="20220715 11:55:25.619"/>
</kw>
<kw name="Validar Mensagem: &quot;Token de acesso ausente, inválido, expirado ou usuário do token não existe mais&quot;" library="common" sourcename="Validar Mensagem: &quot;${mensagem}&quot;">
<kw name="Should Match" library="BuiltIn">
<arg>${response.json()["message"]}</arg>
<arg>${mensagem}</arg>
<doc>Fails if the given ``string`` does not match the given ``pattern``.</doc>
<status status="PASS" starttime="20220715 11:55:25.620" endtime="20220715 11:55:25.621"/>
</kw>
<status status="PASS" starttime="20220715 11:55:25.620" endtime="20220715 11:55:25.621"/>
</kw>
<tag>POST401.1</tag>
<status status="PASS" starttime="20220715 11:55:25.599" endtime="20220715 11:55:25.622"/>
</test>
<doc>Arquivo simples para requisições POST no Endpoint /produtos</doc>
<status status="PASS" starttime="20220715 11:55:25.256" endtime="20220715 11:55:25.625"/>
</suite>
<statistics>
<total>
<stat pass="3" fail="0" skip="0">All Tests</stat>
</total>
<tag>
<stat pass="1" fail="0" skip="0">POST201</stat>
<stat pass="1" fail="0" skip="0">POST400</stat>
<stat pass="1" fail="0" skip="0">POST401.1</stat>
</tag>
<suite>
<stat pass="3" fail="0" skip="0" id="s1" name="TestesProdutos POST">TestesProdutos POST</stat>
</suite>
</statistics>
<errors>
</errors>
</robot>
