<?xml version="1.0" encoding="UTF-8"?>
<robot generator="Robot 5.0.1 (Python 3.10.5 on win32)" generated="20220726 23:31:30.162" rpa="false" schemaversion="3">
<suite id="s1" name="Carrinhos Testes" source="C:\Users\Usuario\Robotron_Beatriz_Jardim_Projeto_Final\tests\carrinhos_testes.robot">
<kw name="Criar Sessao" library="base" type="SETUP">
<kw name="Create Session" library="RequestsLibrary">
<arg>serverest</arg>
<arg>${BASE_URI}</arg>
<doc>Create Session: create a HTTP session to a server</doc>
<msg timestamp="20220726 23:31:30.748" level="INFO">Creating Session using : alias=serverest, url=http://localhost:3000, headers={},                     cookies={}, auth=None, timeout=None, proxies=None, verify=False,                     debug=0 </msg>
<status status="PASS" starttime="20220726 23:31:30.747" endtime="20220726 23:31:30.760"/>
</kw>
<status status="PASS" starttime="20220726 23:31:30.747" endtime="20220726 23:31:30.760"/>
</kw>
<test id="s1-t1" name="Cenário: GET Todos os Carrinhos 200" line="17">
<kw name="GET Endpoint /carrinhos" library="carrinhos_keywords">
<kw name="GET On Session" library="RequestsLibrary">
<var>${response}</var>
<arg>serverest</arg>
<arg>/carrinhos</arg>
<doc>Sends a GET request on a previously created HTTP Session.</doc>
<msg timestamp="20220726 23:31:30.770" level="INFO">GET Request : url=http://localhost:3000/carrinhos 
 path_url=/carrinhos 
 headers={'User-Agent': 'python-requests/2.28.1', 'Accept-Encoding': 'gzip, deflate', 'Accept': '*/*', 'Connection': 'keep-alive'} 
 body=None 
 </msg>
<msg timestamp="20220726 23:31:30.770" level="INFO">GET Response : url=http://localhost:3000/carrinhos 
 status=200, reason=OK 
 headers={'Access-Control-Allow-Origin': '*', 'x-dns-prefetch-control': 'off', 'x-frame-options': 'SAMEORIGIN', 'strict-transport-security': 'max-age=15552000; includeSubDomains', 'x-download-options': 'noopen', 'x-content-type-options': 'nosniff', 'x-xss-protection': '1; mode=block', 'x-moesif-transaction-id': '34cc036c-6c5d-4c98-88ab-31d384513fe9', 'Content-Type': 'application/json; charset=utf-8', 'Content-Length': '595', 'Date': 'Wed, 27 Jul 2022 02:31:30 GMT', 'Connection': 'keep-alive', 'Keep-Alive': 'timeout=5'} 
 body={
    "quantidade": 1,
    "carrinhos": [
        {
            "produtos": [
                {
                    "idProduto": "BeeJh5lz3k6kSIzA",
                    "quantidade": 2,
                    "precoUnitario": 470
                },
                {
                    "idProduto": "K6leHdftCeOJj8BJ",
                    "quantidade": 1,
                    "precoUnitario": 5240
                }
            ],
            "precoTotal": 6180,
            "quantidadeTotal": 3,
            "idUsuario": "oUb7aGkMtSEPf6BZ",
            "_id": "qbMqntef4iTOwWfg"
        }
    ]
} 
 </msg>
<msg timestamp="20220726 23:31:30.771" level="INFO">${response} = &lt;Response [200]&gt;</msg>
<status status="PASS" starttime="20220726 23:31:30.761" endtime="20220726 23:31:30.771"/>
</kw>
<kw name="Set Global Variable" library="BuiltIn">
<arg>${response}</arg>
<doc>Makes a variable available globally in all tests and suites.</doc>
<msg timestamp="20220726 23:31:30.771" level="INFO">${response} = &lt;Response [200]&gt;</msg>
<status status="PASS" starttime="20220726 23:31:30.771" endtime="20220726 23:31:30.771"/>
</kw>
<kw name="Log To Console" library="BuiltIn">
<arg>${response.json()}</arg>
<doc>Logs the given message to the console.</doc>
<status status="PASS" starttime="20220726 23:31:30.771" endtime="20220726 23:31:30.772"/>
</kw>
<status status="PASS" starttime="20220726 23:31:30.761" endtime="20220726 23:31:30.772"/>
</kw>
<kw name="Validar Status Code &quot;200&quot;" library="common" sourcename="Validar Status Code &quot;${statuscode}&quot;">
<kw name="Should Be True" library="BuiltIn">
<arg>${response.status_code} == ${statuscode}</arg>
<doc>Fails if the given condition is not true.</doc>
<status status="PASS" starttime="20220726 23:31:30.773" endtime="20220726 23:31:30.774"/>
</kw>
<kw name="Log To Console" library="BuiltIn">
<arg>Status Code: ${response.status_code}\n</arg>
<doc>Logs the given message to the console.</doc>
<status status="PASS" starttime="20220726 23:31:30.774" endtime="20220726 23:31:30.775"/>
</kw>
<status status="PASS" starttime="20220726 23:31:30.773" endtime="20220726 23:31:30.775"/>
</kw>
<tag>GET200.1</tag>
<status status="PASS" starttime="20220726 23:31:30.761" endtime="20220726 23:31:30.775"/>
</test>
<test id="s1-t2" name="Cenário: GET Carrinho Específico 200" line="22">
<kw name="GET Endpoint /carrinhos id &quot;/qbMqntef4iTOwWfg&quot;" library="carrinhos_keywords" sourcename="GET Endpoint /carrinhos id &quot;${id}&quot;">
<kw name="GET On Session" library="RequestsLibrary">
<var>${response}</var>
<arg>serverest</arg>
<arg>/carrinhos/${id}</arg>
<arg>expected_status=anything</arg>
<doc>Sends a GET request on a previously created HTTP Session.</doc>
<msg timestamp="20220726 23:31:30.781" level="INFO">GET Request : url=http://localhost:3000/carrinhos/qbMqntef4iTOwWfg 
 path_url=/carrinhos/qbMqntef4iTOwWfg 
 headers={'User-Agent': 'python-requests/2.28.1', 'Accept-Encoding': 'gzip, deflate', 'Accept': '*/*', 'Connection': 'keep-alive'} 
 body=None 
 </msg>
<msg timestamp="20220726 23:31:30.781" level="INFO">GET Response : url=http://localhost:3000/carrinhos/qbMqntef4iTOwWfg 
 status=200, reason=OK 
 headers={'Access-Control-Allow-Origin': '*', 'x-dns-prefetch-control': 'off', 'x-frame-options': 'SAMEORIGIN', 'strict-transport-security': 'max-age=15552000; includeSubDomains', 'x-download-options': 'noopen', 'x-content-type-options': 'nosniff', 'x-xss-protection': '1; mode=block', 'x-moesif-transaction-id': 'fc2525d4-86d4-4edc-9b4d-1e3d09c41860', 'Content-Type': 'application/json; charset=utf-8', 'Content-Length': '401', 'Date': 'Wed, 27 Jul 2022 02:31:30 GMT', 'Connection': 'keep-alive', 'Keep-Alive': 'timeout=5'} 
 body={
    "produtos": [
        {
            "idProduto": "BeeJh5lz3k6kSIzA",
            "quantidade": 2,
            "precoUnitario": 470
        },
        {
            "idProduto": "K6leHdftCeOJj8BJ",
            "quantidade": 1,
            "precoUnitario": 5240
        }
    ],
    "precoTotal": 6180,
    "quantidadeTotal": 3,
    "idUsuario": "oUb7aGkMtSEPf6BZ",
    "_id": "qbMqntef4iTOwWfg"
} 
 </msg>
<msg timestamp="20220726 23:31:30.781" level="INFO">${response} = &lt;Response [200]&gt;</msg>
<status status="PASS" starttime="20220726 23:31:30.777" endtime="20220726 23:31:30.781"/>
</kw>
<kw name="Set Global Variable" library="BuiltIn">
<arg>${response}</arg>
<doc>Makes a variable available globally in all tests and suites.</doc>
<msg timestamp="20220726 23:31:30.781" level="INFO">${response} = &lt;Response [200]&gt;</msg>
<status status="PASS" starttime="20220726 23:31:30.781" endtime="20220726 23:31:30.781"/>
</kw>
<status status="PASS" starttime="20220726 23:31:30.777" endtime="20220726 23:31:30.781"/>
</kw>
<kw name="Validar _id: &quot;qbMqntef4iTOwWfg&quot;" library="common" sourcename="Validar ${campo}: &quot;${mensagem}&quot;">
<kw name="Should Match" library="BuiltIn">
<arg>${response.json()["${campo}"]}</arg>
<arg>${mensagem}</arg>
<doc>Fails if the given ``string`` does not match the given ``pattern``.</doc>
<status status="PASS" starttime="20220726 23:31:30.782" endtime="20220726 23:31:30.783"/>
</kw>
<kw name="Log To Console" library="BuiltIn">
<arg>\n\nRetorno: ${response.json()["${campo}"]}</arg>
<doc>Logs the given message to the console.</doc>
<status status="PASS" starttime="20220726 23:31:30.783" endtime="20220726 23:31:30.784"/>
</kw>
<status status="PASS" starttime="20220726 23:31:30.782" endtime="20220726 23:31:30.784"/>
</kw>
<kw name="Validar Status Code &quot;200&quot;" library="common" sourcename="Validar Status Code &quot;${statuscode}&quot;">
<kw name="Should Be True" library="BuiltIn">
<arg>${response.status_code} == ${statuscode}</arg>
<doc>Fails if the given condition is not true.</doc>
<status status="PASS" starttime="20220726 23:31:30.785" endtime="20220726 23:31:30.786"/>
</kw>
<kw name="Log To Console" library="BuiltIn">
<arg>Status Code: ${response.status_code}\n</arg>
<doc>Logs the given message to the console.</doc>
<status status="PASS" starttime="20220726 23:31:30.786" endtime="20220726 23:31:30.787"/>
</kw>
<status status="PASS" starttime="20220726 23:31:30.784" endtime="20220726 23:31:30.787"/>
</kw>
<kw name="Set Variable" library="BuiltIn">
<var>${idCarrinho}</var>
<arg>${response.json()["_id"]}</arg>
<doc>Returns the given values which can then be assigned to a variables.</doc>
<msg timestamp="20220726 23:31:30.788" level="INFO">${idCarrinho} = qbMqntef4iTOwWfg</msg>
<status status="PASS" starttime="20220726 23:31:30.788" endtime="20220726 23:31:30.788"/>
</kw>
<kw name="Usuario Dono Carrinho" library="python_library">
<var>${usuario}</var>
<arg>${idCarrinho}</arg>
<msg timestamp="20220726 23:31:30.797" level="INFO">${usuario} = Usuário não encontrado</msg>
<status status="PASS" starttime="20220726 23:31:30.789" endtime="20220726 23:31:30.797"/>
</kw>
<kw name="Log To Console" library="BuiltIn">
<arg>Nome do usuário dono deste carrinho: ${usuario}</arg>
<doc>Logs the given message to the console.</doc>
<status status="PASS" starttime="20220726 23:31:30.798" endtime="20220726 23:31:30.798"/>
</kw>
<tag>GET200.2</tag>
<status status="PASS" starttime="20220726 23:31:30.776" endtime="20220726 23:31:30.799"/>
</test>
<test id="s1-t3" name="Cenário: GET Carrinho Inexistente 400" line="31">
<kw name="GET Endpoint /carrinhos id &quot;Inexistente&quot;" library="carrinhos_keywords" sourcename="GET Endpoint /carrinhos id &quot;${id}&quot;">
<kw name="GET On Session" library="RequestsLibrary">
<var>${response}</var>
<arg>serverest</arg>
<arg>/carrinhos/${id}</arg>
<arg>expected_status=anything</arg>
<doc>Sends a GET request on a previously created HTTP Session.</doc>
<msg timestamp="20220726 23:31:30.805" level="INFO">GET Request : url=http://localhost:3000/carrinhos/Inexistente 
 path_url=/carrinhos/Inexistente 
 headers={'User-Agent': 'python-requests/2.28.1', 'Accept-Encoding': 'gzip, deflate', 'Accept': '*/*', 'Connection': 'keep-alive'} 
 body=None 
 </msg>
<msg timestamp="20220726 23:31:30.805" level="INFO">GET Response : url=http://localhost:3000/carrinhos/Inexistente 
 status=400, reason=Bad Request 
 headers={'Access-Control-Allow-Origin': '*', 'x-dns-prefetch-control': 'off', 'x-frame-options': 'SAMEORIGIN', 'strict-transport-security': 'max-age=15552000; includeSubDomains', 'x-download-options': 'noopen', 'x-content-type-options': 'nosniff', 'x-xss-protection': '1; mode=block', 'x-moesif-transaction-id': '44b1fbc6-1a1e-47c5-a077-15c18695b7ea', 'Content-Type': 'application/json; charset=utf-8', 'Content-Length': '45', 'Date': 'Wed, 27 Jul 2022 02:31:30 GMT', 'Connection': 'keep-alive', 'Keep-Alive': 'timeout=5'} 
 body={
    "message": "Carrinho não encontrado"
} 
 </msg>
<msg timestamp="20220726 23:31:30.805" level="INFO">${response} = &lt;Response [400]&gt;</msg>
<status status="PASS" starttime="20220726 23:31:30.801" endtime="20220726 23:31:30.805"/>
</kw>
<kw name="Set Global Variable" library="BuiltIn">
<arg>${response}</arg>
<doc>Makes a variable available globally in all tests and suites.</doc>
<msg timestamp="20220726 23:31:30.806" level="INFO">${response} = &lt;Response [400]&gt;</msg>
<status status="PASS" starttime="20220726 23:31:30.805" endtime="20220726 23:31:30.806"/>
</kw>
<status status="PASS" starttime="20220726 23:31:30.800" endtime="20220726 23:31:30.806"/>
</kw>
<kw name="Validar message: &quot;Carrinho não encontrado&quot;" library="common" sourcename="Validar ${campo}: &quot;${mensagem}&quot;">
<kw name="Should Match" library="BuiltIn">
<arg>${response.json()["${campo}"]}</arg>
<arg>${mensagem}</arg>
<doc>Fails if the given ``string`` does not match the given ``pattern``.</doc>
<status status="PASS" starttime="20220726 23:31:30.807" endtime="20220726 23:31:30.808"/>
</kw>
<kw name="Log To Console" library="BuiltIn">
<arg>\n\nRetorno: ${response.json()["${campo}"]}</arg>
<doc>Logs the given message to the console.</doc>
<status status="PASS" starttime="20220726 23:31:30.808" endtime="20220726 23:31:30.809"/>
</kw>
<status status="PASS" starttime="20220726 23:31:30.807" endtime="20220726 23:31:30.809"/>
</kw>
<kw name="Validar Status Code &quot;400&quot;" library="common" sourcename="Validar Status Code &quot;${statuscode}&quot;">
<kw name="Should Be True" library="BuiltIn">
<arg>${response.status_code} == ${statuscode}</arg>
<doc>Fails if the given condition is not true.</doc>
<status status="PASS" starttime="20220726 23:31:30.810" endtime="20220726 23:31:30.811"/>
</kw>
<kw name="Log To Console" library="BuiltIn">
<arg>Status Code: ${response.status_code}\n</arg>
<doc>Logs the given message to the console.</doc>
<status status="PASS" starttime="20220726 23:31:30.811" endtime="20220726 23:31:30.812"/>
</kw>
<status status="PASS" starttime="20220726 23:31:30.809" endtime="20220726 23:31:30.812"/>
</kw>
<tag>GET400</tag>
<status status="PASS" starttime="20220726 23:31:30.800" endtime="20220726 23:31:30.812"/>
</test>
<test id="s1-t4" name="Cenário: POST Cadastrar Carrinho 201" line="39">
<kw name="Fazer Login e Armazenar Token" library="login_keywords">
<arg>valido_sem_carrinho</arg>
<kw name="Fazer Login" library="login_keywords">
<arg>${usuario}</arg>
<kw name="Importar JSON Estatico" library="common">
<var>${json}</var>
<arg>json_login_ex.json</arg>
<kw name="Get File" library="OperatingSystem">
<var>${arquivo}</var>
<arg>${EXECDIR}/../support/fixtures/static/${nome_arquivo}</arg>
<doc>Returns the contents of a specified file.</doc>
<msg timestamp="20220726 23:31:30.816" level="INFO" html="true">Getting file '&lt;a href="file://C:\Users\Usuario\Robotron_Beatriz_Jardim_Projeto_Final\support\fixtures\static\json_login_ex.json"&gt;C:\Users\Usuario\Robotron_Beatriz_Jardim_Projeto_Final\support\fixtures\static\json_login_ex.json&lt;/a&gt;'.</msg>
<msg timestamp="20220726 23:31:30.816" level="INFO">${arquivo} = {
    "login_valido_sem_carrinho":{
        "email":"evermore@gmail.com",
        "password":"reputation"
    },
    "login_email_invalido":{
        "email":"emailInvalido@gmail.com",
        "passwo...</msg>
<status status="PASS" starttime="20220726 23:31:30.815" endtime="20220726 23:31:30.816"/>
</kw>
<kw name="Evaluate" library="BuiltIn">
<var>&amp;{data}</var>
<arg>json.loads('''${arquivo}''')</arg>
<arg>json</arg>
<doc>Evaluates the given expression in Python and returns the result.</doc>
<msg timestamp="20220726 23:31:30.817" level="INFO">&amp;{data} = { login_valido_sem_carrinho={'email': 'evermore@gmail.com', 'password': 'reputation'} | login_email_invalido={'email': 'emailInvalido@gmail.com', 'password': 'reputation'} | login_senha_invalida={'ema...</msg>
<status status="PASS" starttime="20220726 23:31:30.816" endtime="20220726 23:31:30.817"/>
</kw>
<msg timestamp="20220726 23:31:30.817" level="INFO">${json} = {'login_valido_sem_carrinho': {'email': 'evermore@gmail.com', 'password': 'reputation'}, 'login_email_invalido': {'email': 'emailInvalido@gmail.com', 'password': 'reputation'}, 'login_senha_invalida':...</msg>
<status status="PASS" starttime="20220726 23:31:30.815" endtime="20220726 23:31:30.817"/>
</kw>
<kw name="Set Variable" library="BuiltIn">
<var>${payload}</var>
<arg>${json["login_${estado}"]}</arg>
<doc>Returns the given values which can then be assigned to a variables.</doc>
<msg timestamp="20220726 23:31:30.818" level="INFO">${payload} = {'email': 'evermore@gmail.com', 'password': 'reputation'}</msg>
<status status="PASS" starttime="20220726 23:31:30.817" endtime="20220726 23:31:30.818"/>
</kw>
<kw name="Set Global Variable" library="BuiltIn">
<arg>${payload}</arg>
<doc>Makes a variable available globally in all tests and suites.</doc>
<msg timestamp="20220726 23:31:30.819" level="INFO">${payload} = {'email': 'evermore@gmail.com', 'password': 'reputation'}</msg>
<status status="PASS" starttime="20220726 23:31:30.818" endtime="20220726 23:31:30.819"/>
</kw>
<kw name="POST Endpoint /login" library="login_keywords">
<kw name="POST On Session" library="RequestsLibrary">
<var>${response}</var>
<arg>serverest</arg>
<arg>/login</arg>
<arg>json=&amp;{payload}</arg>
<arg>expected_status=anything</arg>
<doc>Sends a POST request on a previously created HTTP Session.</doc>
<msg timestamp="20220726 23:31:30.823" level="INFO">POST Request : url=http://localhost:3000/login 
 path_url=/login 
 headers={'User-Agent': 'python-requests/2.28.1', 'Accept-Encoding': 'gzip, deflate', 'Accept': '*/*', 'Connection': 'keep-alive', 'Content-Length': '57', 'Content-Type': 'application/json'} 
 body=b'{"email": "evermore@gmail.com", "password": "reputation"}' 
 </msg>
<msg timestamp="20220726 23:31:30.823" level="INFO">POST Response : url=http://localhost:3000/login 
 status=200, reason=OK 
 headers={'Access-Control-Allow-Origin': '*', 'x-dns-prefetch-control': 'off', 'x-frame-options': 'SAMEORIGIN', 'strict-transport-security': 'max-age=15552000; includeSubDomains', 'x-download-options': 'noopen', 'x-content-type-options': 'nosniff', 'x-xss-protection': '1; mode=block', 'x-moesif-transaction-id': '71f5e523-8449-40a7-b989-b426db092a55', 'Content-Type': 'application/json; charset=utf-8', 'Content-Length': '279', 'Date': 'Wed, 27 Jul 2022 02:31:30 GMT', 'Connection': 'keep-alive', 'Keep-Alive': 'timeout=5'} 
 body={
    "message": "Login realizado com sucesso",
    "authorization": "Bearer eyJhbGciOiJIUzI1NiIsInR5cCI6IkpXVCJ9.eyJlbWFpbCI6ImV2ZXJtb3JlQGdtYWlsLmNvbSIsInBhc3N3b3JkIjoicmVwdXRhdGlvbiIsImlhdCI6MTY1ODg4OTA5MCwiZXhwIjoxNjU4ODg5NjkwfQ.7gg-eI7yBl1YM_tEoyFGD9LRtl_eUl2lO2uEHg_V_GU"
} 
 </msg>
<msg timestamp="20220726 23:31:30.823" level="INFO">${response} = &lt;Response [200]&gt;</msg>
<status status="PASS" starttime="20220726 23:31:30.819" endtime="20220726 23:31:30.823"/>
</kw>
<kw name="Set Global Variable" library="BuiltIn">
<arg>${response}</arg>
<doc>Makes a variable available globally in all tests and suites.</doc>
<msg timestamp="20220726 23:31:30.824" level="INFO">${response} = &lt;Response [200]&gt;</msg>
<status status="PASS" starttime="20220726 23:31:30.823" endtime="20220726 23:31:30.824"/>
</kw>
<status status="PASS" starttime="20220726 23:31:30.819" endtime="20220726 23:31:30.824"/>
</kw>
<status status="PASS" starttime="20220726 23:31:30.815" endtime="20220726 23:31:30.824"/>
</kw>
<kw name="Validar Ter Logado" library="login_keywords">
<kw name="Should Be Equal" library="BuiltIn">
<arg>${response.json()["message"]}</arg>
<arg>Login realizado com sucesso</arg>
<doc>Fails if the given objects are unequal.</doc>
<status status="PASS" starttime="20220726 23:31:30.825" endtime="20220726 23:31:30.825"/>
</kw>
<kw name="Should Not Be Empty" library="BuiltIn">
<arg>${response.json()["authorization"]}</arg>
<doc>Verifies that the given item is not empty.</doc>
<msg timestamp="20220726 23:31:30.826" level="INFO">Length is 206</msg>
<status status="PASS" starttime="20220726 23:31:30.825" endtime="20220726 23:31:30.826"/>
</kw>
<status status="PASS" starttime="20220726 23:31:30.824" endtime="20220726 23:31:30.826"/>
</kw>
<kw name="Set Variable" library="BuiltIn">
<var>${token_auth}</var>
<arg>${response.json()["authorization"]}</arg>
<doc>Returns the given values which can then be assigned to a variables.</doc>
<msg timestamp="20220726 23:31:30.827" level="INFO">${token_auth} = Bearer eyJhbGciOiJIUzI1NiIsInR5cCI6IkpXVCJ9.eyJlbWFpbCI6ImV2ZXJtb3JlQGdtYWlsLmNvbSIsInBhc3N3b3JkIjoicmVwdXRhdGlvbiIsImlhdCI6MTY1ODg4OTA5MCwiZXhwIjoxNjU4ODg5NjkwfQ.7gg-eI7yBl1YM_tEoyFGD9LRtl_eUl2lO2uEH...</msg>
<status status="PASS" starttime="20220726 23:31:30.826" endtime="20220726 23:31:30.827"/>
</kw>
<kw name="Set Global Variable" library="BuiltIn">
<arg>${token_auth}</arg>
<doc>Makes a variable available globally in all tests and suites.</doc>
<msg timestamp="20220726 23:31:30.827" level="INFO">${token_auth} = Bearer eyJhbGciOiJIUzI1NiIsInR5cCI6IkpXVCJ9.eyJlbWFpbCI6ImV2ZXJtb3JlQGdtYWlsLmNvbSIsInBhc3N3b3JkIjoicmVwdXRhdGlvbiIsImlhdCI6MTY1ODg4OTA5MCwiZXhwIjoxNjU4ODg5NjkwfQ.7gg-eI7yBl1YM_tEoyFGD9LRtl_eUl2lO2uEH...</msg>
<status status="PASS" starttime="20220726 23:31:30.827" endtime="20220726 23:31:30.827"/>
</kw>
<status status="PASS" starttime="20220726 23:31:30.814" endtime="20220726 23:31:30.828"/>
</kw>
<kw name="Pega Carrinho Estatico" library="carrinhos_keywords">
<arg>carrinho1</arg>
<kw name="Importar JSON Estatico" library="common">
<var>${json}</var>
<arg>json_carrinhos_ex.json</arg>
<kw name="Get File" library="OperatingSystem">
<var>${arquivo}</var>
<arg>${EXECDIR}/../support/fixtures/static/${nome_arquivo}</arg>
<doc>Returns the contents of a specified file.</doc>
<msg timestamp="20220726 23:31:30.829" level="INFO" html="true">Getting file '&lt;a href="file://C:\Users\Usuario\Robotron_Beatriz_Jardim_Projeto_Final\support\fixtures\static\json_carrinhos_ex.json"&gt;C:\Users\Usuario\Robotron_Beatriz_Jardim_Projeto_Final\support\fixtures\static\json_carrinhos_ex.json&lt;/a&gt;'.</msg>
<msg timestamp="20220726 23:31:30.829" level="INFO">${arquivo} = {
    "carrinho1":{
        "produtos": [
            {   "idProduto":"BeeJh5lz3k6kSIzA",
                "quantidade":"4"
            }
        ]
    },
    "carrinho2":{
        "produtos": [
      ...</msg>
<status status="PASS" starttime="20220726 23:31:30.829" endtime="20220726 23:31:30.829"/>
</kw>
<kw name="Evaluate" library="BuiltIn">
<var>&amp;{data}</var>
<arg>json.loads('''${arquivo}''')</arg>
<arg>json</arg>
<doc>Evaluates the given expression in Python and returns the result.</doc>
<msg timestamp="20220726 23:31:30.830" level="INFO">&amp;{data} = { carrinho1={'produtos': [{'idProduto': 'BeeJh5lz3k6kSIzA', 'quantidade': '4'}]} | carrinho2={'produtos': [{'idProduto': 'BeeJh5lz3k6kSIzA', 'quantidade': '2'}, {'idProduto': 'YaeJ455lz3k6kSIzA', 'qua...</msg>
<status status="PASS" starttime="20220726 23:31:30.829" endtime="20220726 23:31:30.830"/>
</kw>
<msg timestamp="20220726 23:31:30.830" level="INFO">${json} = {'carrinho1': {'produtos': [{'idProduto': 'BeeJh5lz3k6kSIzA', 'quantidade': '4'}]}, 'carrinho2': {'produtos': [{'idProduto': 'BeeJh5lz3k6kSIzA', 'quantidade': '2'}, {'idProduto': 'YaeJ455lz3k6kSIzA', ...</msg>
<status status="PASS" starttime="20220726 23:31:30.828" endtime="20220726 23:31:30.830"/>
</kw>
<kw name="Set Variable" library="BuiltIn">
<var>${payload}</var>
<arg>${json["${carrinho}"]}</arg>
<doc>Returns the given values which can then be assigned to a variables.</doc>
<msg timestamp="20220726 23:31:30.831" level="INFO">${payload} = {'produtos': [{'idProduto': 'BeeJh5lz3k6kSIzA', 'quantidade': '4'}]}</msg>
<status status="PASS" starttime="20220726 23:31:30.831" endtime="20220726 23:31:30.831"/>
</kw>
<kw name="Set Global Variable" library="BuiltIn">
<arg>${payload}</arg>
<doc>Makes a variable available globally in all tests and suites.</doc>
<msg timestamp="20220726 23:31:30.832" level="INFO">${payload} = {'produtos': [{'idProduto': 'BeeJh5lz3k6kSIzA', 'quantidade': '4'}]}</msg>
<status status="PASS" starttime="20220726 23:31:30.831" endtime="20220726 23:31:30.832"/>
</kw>
<status status="PASS" starttime="20220726 23:31:30.828" endtime="20220726 23:31:30.832"/>
</kw>
<kw name="POST Endpoint /carrinhos" library="carrinhos_keywords">
<kw name="Create Dictionary" library="BuiltIn">
<var>${header}</var>
<arg>Authorization=${token_auth}</arg>
<doc>Creates and returns a dictionary based on the given ``items``.</doc>
<msg timestamp="20220726 23:31:30.833" level="INFO">${header} = {'Authorization': 'Bearer eyJhbGciOiJIUzI1NiIsInR5cCI6IkpXVCJ9.eyJlbWFpbCI6ImV2ZXJtb3JlQGdtYWlsLmNvbSIsInBhc3N3b3JkIjoicmVwdXRhdGlvbiIsImlhdCI6MTY1ODg4OTA5MCwiZXhwIjoxNjU4ODg5NjkwfQ.7gg-eI7yBl1YM_tEoy...</msg>
<status status="PASS" starttime="20220726 23:31:30.833" endtime="20220726 23:31:30.833"/>
</kw>
<kw name="POST On Session" library="RequestsLibrary">
<var>${response}</var>
<arg>serverest</arg>
<arg>/carrinhos</arg>
<arg>json=${payload}</arg>
<arg>expected_status=anything</arg>
<arg>headers=${header}</arg>
<doc>Sends a POST request on a previously created HTTP Session.</doc>
<msg timestamp="20220726 23:31:30.840" level="INFO">POST Request : url=http://localhost:3000/carrinhos 
 path_url=/carrinhos 
 headers={'User-Agent': 'python-requests/2.28.1', 'Accept-Encoding': 'gzip, deflate', 'Accept': '*/*', 'Connection': 'keep-alive', 'Authorization': 'Bearer eyJhbGciOiJIUzI1NiIsInR5cCI6IkpXVCJ9.eyJlbWFpbCI6ImV2ZXJtb3JlQGdtYWlsLmNvbSIsInBhc3N3b3JkIjoicmVwdXRhdGlvbiIsImlhdCI6MTY1ODg4OTA5MCwiZXhwIjoxNjU4ODg5NjkwfQ.7gg-eI7yBl1YM_tEoyFGD9LRtl_eUl2lO2uEHg_V_GU', 'Content-Length': '68', 'Content-Type': 'application/json'} 
 body=b'{"produtos": [{"idProduto": "BeeJh5lz3k6kSIzA", "quantidade": "4"}]}' 
 </msg>
<msg timestamp="20220726 23:31:30.840" level="INFO">POST Response : url=http://localhost:3000/carrinhos 
 status=201, reason=Created 
 headers={'Access-Control-Allow-Origin': '*', 'x-dns-prefetch-control': 'off', 'x-frame-options': 'SAMEORIGIN', 'strict-transport-security': 'max-age=15552000; includeSubDomains', 'x-download-options': 'noopen', 'x-content-type-options': 'nosniff', 'x-xss-protection': '1; mode=block', 'x-moesif-transaction-id': '4a2df505-ac02-41fb-9f20-2006125a9ef7', 'Content-Type': 'application/json; charset=utf-8', 'Content-Length': '82', 'Date': 'Wed, 27 Jul 2022 02:31:30 GMT', 'Connection': 'keep-alive', 'Keep-Alive': 'timeout=5'} 
 body={
    "message": "Cadastro realizado com sucesso",
    "_id": "OgX5G2Hw4RW3UahJ"
} 
 </msg>
<msg timestamp="20220726 23:31:30.840" level="INFO">${response} = &lt;Response [201]&gt;</msg>
<status status="PASS" starttime="20220726 23:31:30.833" endtime="20220726 23:31:30.840"/>
</kw>
<kw name="Set Global Variable" library="BuiltIn">
<arg>${response}</arg>
<doc>Makes a variable available globally in all tests and suites.</doc>
<msg timestamp="20220726 23:31:30.841" level="INFO">${response} = &lt;Response [201]&gt;</msg>
<status status="PASS" starttime="20220726 23:31:30.840" endtime="20220726 23:31:30.841"/>
</kw>
<status status="PASS" starttime="20220726 23:31:30.833" endtime="20220726 23:31:30.841"/>
</kw>
<kw name="Set Variable" library="BuiltIn">
<var>${idCarrinho}</var>
<arg>${response.json()["_id"]}</arg>
<doc>Returns the given values which can then be assigned to a variables.</doc>
<msg timestamp="20220726 23:31:30.842" level="INFO">${idCarrinho} = OgX5G2Hw4RW3UahJ</msg>
<status status="PASS" starttime="20220726 23:31:30.842" endtime="20220726 23:31:30.842"/>
</kw>
<kw name="Usuario Dono Carrinho" library="python_library">
<var>${usuario}</var>
<arg>${idCarrinho}</arg>
<msg timestamp="20220726 23:31:30.854" level="INFO">${usuario} = Taylor Swift</msg>
<status status="PASS" starttime="20220726 23:31:30.843" endtime="20220726 23:31:30.854"/>
</kw>
<kw name="Log To Console" library="BuiltIn">
<arg>Nome do usuário dono deste carrinho: ${usuario}</arg>
<doc>Logs the given message to the console.</doc>
<status status="PASS" starttime="20220726 23:31:30.854" endtime="20220726 23:31:30.855"/>
</kw>
<kw name="Validar message: &quot;Cadastro realizado com sucesso&quot;" library="common" sourcename="Validar ${campo}: &quot;${mensagem}&quot;">
<kw name="Should Match" library="BuiltIn">
<arg>${response.json()["${campo}"]}</arg>
<arg>${mensagem}</arg>
<doc>Fails if the given ``string`` does not match the given ``pattern``.</doc>
<status status="PASS" starttime="20220726 23:31:30.856" endtime="20220726 23:31:30.858"/>
</kw>
<kw name="Log To Console" library="BuiltIn">
<arg>\n\nRetorno: ${response.json()["${campo}"]}</arg>
<doc>Logs the given message to the console.</doc>
<status status="PASS" starttime="20220726 23:31:30.858" endtime="20220726 23:31:30.859"/>
</kw>
<status status="PASS" starttime="20220726 23:31:30.856" endtime="20220726 23:31:30.859"/>
</kw>
<kw name="Validar Status Code &quot;201&quot;" library="common" sourcename="Validar Status Code &quot;${statuscode}&quot;">
<kw name="Should Be True" library="BuiltIn">
<arg>${response.status_code} == ${statuscode}</arg>
<doc>Fails if the given condition is not true.</doc>
<status status="PASS" starttime="20220726 23:31:30.860" endtime="20220726 23:31:30.862"/>
</kw>
<kw name="Log To Console" library="BuiltIn">
<arg>Status Code: ${response.status_code}\n</arg>
<doc>Logs the given message to the console.</doc>
<status status="PASS" starttime="20220726 23:31:30.862" endtime="20220726 23:31:30.864"/>
</kw>
<status status="PASS" starttime="20220726 23:31:30.860" endtime="20220726 23:31:30.864"/>
</kw>
<kw name="DELETE Endpoint &quot;/carrinhos/cancelar-compra&quot;" library="carrinhos_keywords" sourcename="DELETE Endpoint &quot;${endpoint}&quot;">
<kw name="Create Dictionary" library="BuiltIn">
<var>${header}</var>
<arg>Authorization=${token_auth}</arg>
<doc>Creates and returns a dictionary based on the given ``items``.</doc>
<msg timestamp="20220726 23:31:30.866" level="INFO">${header} = {'Authorization': 'Bearer eyJhbGciOiJIUzI1NiIsInR5cCI6IkpXVCJ9.eyJlbWFpbCI6ImV2ZXJtb3JlQGdtYWlsLmNvbSIsInBhc3N3b3JkIjoicmVwdXRhdGlvbiIsImlhdCI6MTY1ODg4OTA5MCwiZXhwIjoxNjU4ODg5NjkwfQ.7gg-eI7yBl1YM_tEoy...</msg>
<status status="PASS" starttime="20220726 23:31:30.865" endtime="20220726 23:31:30.866"/>
</kw>
<kw name="DELETE On Session" library="RequestsLibrary">
<var>${response}</var>
<arg>serverest</arg>
<arg>${endpoint}</arg>
<arg>expected_status=anything</arg>
<arg>headers=${header}</arg>
<doc>Sends a DELETE request on a previously created HTTP Session.</doc>
<msg timestamp="20220726 23:31:30.872" level="INFO">DELETE Request : url=http://localhost:3000/carrinhos/cancelar-compra 
 path_url=/carrinhos/cancelar-compra 
 headers={'User-Agent': 'python-requests/2.28.1', 'Accept-Encoding': 'gzip, deflate', 'Accept': '*/*', 'Connection': 'keep-alive', 'Authorization': 'Bearer eyJhbGciOiJIUzI1NiIsInR5cCI6IkpXVCJ9.eyJlbWFpbCI6ImV2ZXJtb3JlQGdtYWlsLmNvbSIsInBhc3N3b3JkIjoicmVwdXRhdGlvbiIsImlhdCI6MTY1ODg4OTA5MCwiZXhwIjoxNjU4ODg5NjkwfQ.7gg-eI7yBl1YM_tEoyFGD9LRtl_eUl2lO2uEHg_V_GU', 'Content-Length': '0'} 
 body=None 
 </msg>
<msg timestamp="20220726 23:31:30.872" level="INFO">DELETE Response : url=http://localhost:3000/carrinhos/cancelar-compra 
 status=200, reason=OK 
 headers={'Access-Control-Allow-Origin': '*', 'x-dns-prefetch-control': 'off', 'x-frame-options': 'SAMEORIGIN', 'strict-transport-security': 'max-age=15552000; includeSubDomains', 'x-download-options': 'noopen', 'x-content-type-options': 'nosniff', 'x-xss-protection': '1; mode=block', 'x-moesif-transaction-id': '863c0829-1618-49df-ae3a-e8cbf2213cbd', 'Content-Type': 'application/json; charset=utf-8', 'Content-Length': '86', 'Date': 'Wed, 27 Jul 2022 02:31:30 GMT', 'Connection': 'keep-alive', 'Keep-Alive': 'timeout=5'} 
 body={
    "message": "Registro excluído com sucesso. Estoque dos produtos reabastecido"
} 
 </msg>
<msg timestamp="20220726 23:31:30.872" level="INFO">${response} = &lt;Response [200]&gt;</msg>
<status status="PASS" starttime="20220726 23:31:30.866" endtime="20220726 23:31:30.872"/>
</kw>
<kw name="Set Global Variable" library="BuiltIn">
<arg>${response}</arg>
<doc>Makes a variable available globally in all tests and suites.</doc>
<msg timestamp="20220726 23:31:30.873" level="INFO">${response} = &lt;Response [200]&gt;</msg>
<status status="PASS" starttime="20220726 23:31:30.872" endtime="20220726 23:31:30.873"/>
</kw>
<status status="PASS" starttime="20220726 23:31:30.865" endtime="20220726 23:31:30.873"/>
</kw>
<tag>POST201</tag>
<status status="PASS" starttime="20220726 23:31:30.814" endtime="20220726 23:31:30.874"/>
</test>
<test id="s1-t5" name="Cenário: POST Cadastrar 2 Carrinhos Para o Mesmo Usuário 400" line="51">
<kw name="Fazer Login e Armazenar Token" library="login_keywords">
<arg>valido_sem_carrinho</arg>
<kw name="Fazer Login" library="login_keywords">
<arg>${usuario}</arg>
<kw name="Importar JSON Estatico" library="common">
<var>${json}</var>
<arg>json_login_ex.json</arg>
<kw name="Get File" library="OperatingSystem">
<var>${arquivo}</var>
<arg>${EXECDIR}/../support/fixtures/static/${nome_arquivo}</arg>
<doc>Returns the contents of a specified file.</doc>
<msg timestamp="20220726 23:31:30.879" level="INFO" html="true">Getting file '&lt;a href="file://C:\Users\Usuario\Robotron_Beatriz_Jardim_Projeto_Final\support\fixtures\static\json_login_ex.json"&gt;C:\Users\Usuario\Robotron_Beatriz_Jardim_Projeto_Final\support\fixtures\static\json_login_ex.json&lt;/a&gt;'.</msg>
<msg timestamp="20220726 23:31:30.880" level="INFO">${arquivo} = {
    "login_valido_sem_carrinho":{
        "email":"evermore@gmail.com",
        "password":"reputation"
    },
    "login_email_invalido":{
        "email":"emailInvalido@gmail.com",
        "passwo...</msg>
<status status="PASS" starttime="20220726 23:31:30.879" endtime="20220726 23:31:30.880"/>
</kw>
<kw name="Evaluate" library="BuiltIn">
<var>&amp;{data}</var>
<arg>json.loads('''${arquivo}''')</arg>
<arg>json</arg>
<doc>Evaluates the given expression in Python and returns the result.</doc>
<msg timestamp="20220726 23:31:30.881" level="INFO">&amp;{data} = { login_valido_sem_carrinho={'email': 'evermore@gmail.com', 'password': 'reputation'} | login_email_invalido={'email': 'emailInvalido@gmail.com', 'password': 'reputation'} | login_senha_invalida={'ema...</msg>
<status status="PASS" starttime="20220726 23:31:30.880" endtime="20220726 23:31:30.881"/>
</kw>
<msg timestamp="20220726 23:31:30.881" level="INFO">${json} = {'login_valido_sem_carrinho': {'email': 'evermore@gmail.com', 'password': 'reputation'}, 'login_email_invalido': {'email': 'emailInvalido@gmail.com', 'password': 'reputation'}, 'login_senha_invalida':...</msg>
<status status="PASS" starttime="20220726 23:31:30.878" endtime="20220726 23:31:30.881"/>
</kw>
<kw name="Set Variable" library="BuiltIn">
<var>${payload}</var>
<arg>${json["login_${estado}"]}</arg>
<doc>Returns the given values which can then be assigned to a variables.</doc>
<msg timestamp="20220726 23:31:30.882" level="INFO">${payload} = {'email': 'evermore@gmail.com', 'password': 'reputation'}</msg>
<status status="PASS" starttime="20220726 23:31:30.881" endtime="20220726 23:31:30.882"/>
</kw>
<kw name="Set Global Variable" library="BuiltIn">
<arg>${payload}</arg>
<doc>Makes a variable available globally in all tests and suites.</doc>
<msg timestamp="20220726 23:31:30.883" level="INFO">${payload} = {'email': 'evermore@gmail.com', 'password': 'reputation'}</msg>
<status status="PASS" starttime="20220726 23:31:30.882" endtime="20220726 23:31:30.883"/>
</kw>
<kw name="POST Endpoint /login" library="login_keywords">
<kw name="POST On Session" library="RequestsLibrary">
<var>${response}</var>
<arg>serverest</arg>
<arg>/login</arg>
<arg>json=&amp;{payload}</arg>
<arg>expected_status=anything</arg>
<doc>Sends a POST request on a previously created HTTP Session.</doc>
<msg timestamp="20220726 23:31:30.890" level="INFO">POST Request : url=http://localhost:3000/login 
 path_url=/login 
 headers={'User-Agent': 'python-requests/2.28.1', 'Accept-Encoding': 'gzip, deflate', 'Accept': '*/*', 'Connection': 'keep-alive', 'Content-Length': '57', 'Content-Type': 'application/json'} 
 body=b'{"email": "evermore@gmail.com", "password": "reputation"}' 
 </msg>
<msg timestamp="20220726 23:31:30.891" level="INFO">POST Response : url=http://localhost:3000/login 
 status=200, reason=OK 
 headers={'Access-Control-Allow-Origin': '*', 'x-dns-prefetch-control': 'off', 'x-frame-options': 'SAMEORIGIN', 'strict-transport-security': 'max-age=15552000; includeSubDomains', 'x-download-options': 'noopen', 'x-content-type-options': 'nosniff', 'x-xss-protection': '1; mode=block', 'x-moesif-transaction-id': '8b8948a5-6d41-41d8-a1f1-f7d2432711b6', 'Content-Type': 'application/json; charset=utf-8', 'Content-Length': '279', 'Date': 'Wed, 27 Jul 2022 02:31:30 GMT', 'Connection': 'keep-alive', 'Keep-Alive': 'timeout=5'} 
 body={
    "message": "Login realizado com sucesso",
    "authorization": "Bearer eyJhbGciOiJIUzI1NiIsInR5cCI6IkpXVCJ9.eyJlbWFpbCI6ImV2ZXJtb3JlQGdtYWlsLmNvbSIsInBhc3N3b3JkIjoicmVwdXRhdGlvbiIsImlhdCI6MTY1ODg4OTA5MCwiZXhwIjoxNjU4ODg5NjkwfQ.7gg-eI7yBl1YM_tEoyFGD9LRtl_eUl2lO2uEHg_V_GU"
} 
 </msg>
<msg timestamp="20220726 23:31:30.891" level="INFO">${response} = &lt;Response [200]&gt;</msg>
<status status="PASS" starttime="20220726 23:31:30.884" endtime="20220726 23:31:30.891"/>
</kw>
<kw name="Set Global Variable" library="BuiltIn">
<arg>${response}</arg>
<doc>Makes a variable available globally in all tests and suites.</doc>
<msg timestamp="20220726 23:31:30.892" level="INFO">${response} = &lt;Response [200]&gt;</msg>
<status status="PASS" starttime="20220726 23:31:30.891" endtime="20220726 23:31:30.892"/>
</kw>
<status status="PASS" starttime="20220726 23:31:30.883" endtime="20220726 23:31:30.892"/>
</kw>
<status status="PASS" starttime="20220726 23:31:30.878" endtime="20220726 23:31:30.892"/>
</kw>
<kw name="Validar Ter Logado" library="login_keywords">
<kw name="Should Be Equal" library="BuiltIn">
<arg>${response.json()["message"]}</arg>
<arg>Login realizado com sucesso</arg>
<doc>Fails if the given objects are unequal.</doc>
<status status="PASS" starttime="20220726 23:31:30.893" endtime="20220726 23:31:30.894"/>
</kw>
<kw name="Should Not Be Empty" library="BuiltIn">
<arg>${response.json()["authorization"]}</arg>
<doc>Verifies that the given item is not empty.</doc>
<msg timestamp="20220726 23:31:30.895" level="INFO">Length is 206</msg>
<status status="PASS" starttime="20220726 23:31:30.894" endtime="20220726 23:31:30.895"/>
</kw>
<status status="PASS" starttime="20220726 23:31:30.892" endtime="20220726 23:31:30.895"/>
</kw>
<kw name="Set Variable" library="BuiltIn">
<var>${token_auth}</var>
<arg>${response.json()["authorization"]}</arg>
<doc>Returns the given values which can then be assigned to a variables.</doc>
<msg timestamp="20220726 23:31:30.897" level="INFO">${token_auth} = Bearer eyJhbGciOiJIUzI1NiIsInR5cCI6IkpXVCJ9.eyJlbWFpbCI6ImV2ZXJtb3JlQGdtYWlsLmNvbSIsInBhc3N3b3JkIjoicmVwdXRhdGlvbiIsImlhdCI6MTY1ODg4OTA5MCwiZXhwIjoxNjU4ODg5NjkwfQ.7gg-eI7yBl1YM_tEoyFGD9LRtl_eUl2lO2uEH...</msg>
<status status="PASS" starttime="20220726 23:31:30.896" endtime="20220726 23:31:30.897"/>
</kw>
<kw name="Set Global Variable" library="BuiltIn">
<arg>${token_auth}</arg>
<doc>Makes a variable available globally in all tests and suites.</doc>
<msg timestamp="20220726 23:31:30.897" level="INFO">${token_auth} = Bearer eyJhbGciOiJIUzI1NiIsInR5cCI6IkpXVCJ9.eyJlbWFpbCI6ImV2ZXJtb3JlQGdtYWlsLmNvbSIsInBhc3N3b3JkIjoicmVwdXRhdGlvbiIsImlhdCI6MTY1ODg4OTA5MCwiZXhwIjoxNjU4ODg5NjkwfQ.7gg-eI7yBl1YM_tEoyFGD9LRtl_eUl2lO2uEH...</msg>
<status status="PASS" starttime="20220726 23:31:30.897" endtime="20220726 23:31:30.898"/>
</kw>
<status status="PASS" starttime="20220726 23:31:30.877" endtime="20220726 23:31:30.898"/>
</kw>
<kw name="Pega Carrinho Estatico" library="carrinhos_keywords">
<arg>carrinho1</arg>
<kw name="Importar JSON Estatico" library="common">
<var>${json}</var>
<arg>json_carrinhos_ex.json</arg>
<kw name="Get File" library="OperatingSystem">
<var>${arquivo}</var>
<arg>${EXECDIR}/../support/fixtures/static/${nome_arquivo}</arg>
<doc>Returns the contents of a specified file.</doc>
<msg timestamp="20220726 23:31:30.901" level="INFO" html="true">Getting file '&lt;a href="file://C:\Users\Usuario\Robotron_Beatriz_Jardim_Projeto_Final\support\fixtures\static\json_carrinhos_ex.json"&gt;C:\Users\Usuario\Robotron_Beatriz_Jardim_Projeto_Final\support\fixtures\static\json_carrinhos_ex.json&lt;/a&gt;'.</msg>
<msg timestamp="20220726 23:31:30.901" level="INFO">${arquivo} = {
    "carrinho1":{
        "produtos": [
            {   "idProduto":"BeeJh5lz3k6kSIzA",
                "quantidade":"4"
            }
        ]
    },
    "carrinho2":{
        "produtos": [
      ...</msg>
<status status="PASS" starttime="20220726 23:31:30.900" endtime="20220726 23:31:30.901"/>
</kw>
<kw name="Evaluate" library="BuiltIn">
<var>&amp;{data}</var>
<arg>json.loads('''${arquivo}''')</arg>
<arg>json</arg>
<doc>Evaluates the given expression in Python and returns the result.</doc>
<msg timestamp="20220726 23:31:30.902" level="INFO">&amp;{data} = { carrinho1={'produtos': [{'idProduto': 'BeeJh5lz3k6kSIzA', 'quantidade': '4'}]} | carrinho2={'produtos': [{'idProduto': 'BeeJh5lz3k6kSIzA', 'quantidade': '2'}, {'idProduto': 'YaeJ455lz3k6kSIzA', 'qua...</msg>
<status status="PASS" starttime="20220726 23:31:30.902" endtime="20220726 23:31:30.903"/>
</kw>
<msg timestamp="20220726 23:31:30.903" level="INFO">${json} = {'carrinho1': {'produtos': [{'idProduto': 'BeeJh5lz3k6kSIzA', 'quantidade': '4'}]}, 'carrinho2': {'produtos': [{'idProduto': 'BeeJh5lz3k6kSIzA', 'quantidade': '2'}, {'idProduto': 'YaeJ455lz3k6kSIzA', ...</msg>
<status status="PASS" starttime="20220726 23:31:30.900" endtime="20220726 23:31:30.903"/>
</kw>
<kw name="Set Variable" library="BuiltIn">
<var>${payload}</var>
<arg>${json["${carrinho}"]}</arg>
<doc>Returns the given values which can then be assigned to a variables.</doc>
<msg timestamp="20220726 23:31:30.905" level="INFO">${payload} = {'produtos': [{'idProduto': 'BeeJh5lz3k6kSIzA', 'quantidade': '4'}]}</msg>
<status status="PASS" starttime="20220726 23:31:30.903" endtime="20220726 23:31:30.905"/>
</kw>
<kw name="Set Global Variable" library="BuiltIn">
<arg>${payload}</arg>
<doc>Makes a variable available globally in all tests and suites.</doc>
<msg timestamp="20220726 23:31:30.905" level="INFO">${payload} = {'produtos': [{'idProduto': 'BeeJh5lz3k6kSIzA', 'quantidade': '4'}]}</msg>
<status status="PASS" starttime="20220726 23:31:30.905" endtime="20220726 23:31:30.905"/>
</kw>
<status status="PASS" starttime="20220726 23:31:30.899" endtime="20220726 23:31:30.906"/>
</kw>
<kw name="POST Endpoint /carrinhos" library="carrinhos_keywords">
<kw name="Create Dictionary" library="BuiltIn">
<var>${header}</var>
<arg>Authorization=${token_auth}</arg>
<doc>Creates and returns a dictionary based on the given ``items``.</doc>
<msg timestamp="20220726 23:31:30.907" level="INFO">${header} = {'Authorization': 'Bearer eyJhbGciOiJIUzI1NiIsInR5cCI6IkpXVCJ9.eyJlbWFpbCI6ImV2ZXJtb3JlQGdtYWlsLmNvbSIsInBhc3N3b3JkIjoicmVwdXRhdGlvbiIsImlhdCI6MTY1ODg4OTA5MCwiZXhwIjoxNjU4ODg5NjkwfQ.7gg-eI7yBl1YM_tEoy...</msg>
<status status="PASS" starttime="20220726 23:31:30.906" endtime="20220726 23:31:30.907"/>
</kw>
<kw name="POST On Session" library="RequestsLibrary">
<var>${response}</var>
<arg>serverest</arg>
<arg>/carrinhos</arg>
<arg>json=${payload}</arg>
<arg>expected_status=anything</arg>
<arg>headers=${header}</arg>
<doc>Sends a POST request on a previously created HTTP Session.</doc>
<msg timestamp="20220726 23:31:30.918" level="INFO">POST Request : url=http://localhost:3000/carrinhos 
 path_url=/carrinhos 
 headers={'User-Agent': 'python-requests/2.28.1', 'Accept-Encoding': 'gzip, deflate', 'Accept': '*/*', 'Connection': 'keep-alive', 'Authorization': 'Bearer eyJhbGciOiJIUzI1NiIsInR5cCI6IkpXVCJ9.eyJlbWFpbCI6ImV2ZXJtb3JlQGdtYWlsLmNvbSIsInBhc3N3b3JkIjoicmVwdXRhdGlvbiIsImlhdCI6MTY1ODg4OTA5MCwiZXhwIjoxNjU4ODg5NjkwfQ.7gg-eI7yBl1YM_tEoyFGD9LRtl_eUl2lO2uEHg_V_GU', 'Content-Length': '68', 'Content-Type': 'application/json'} 
 body=b'{"produtos": [{"idProduto": "BeeJh5lz3k6kSIzA", "quantidade": "4"}]}' 
 </msg>
<msg timestamp="20220726 23:31:30.918" level="INFO">POST Response : url=http://localhost:3000/carrinhos 
 status=201, reason=Created 
 headers={'Access-Control-Allow-Origin': '*', 'x-dns-prefetch-control': 'off', 'x-frame-options': 'SAMEORIGIN', 'strict-transport-security': 'max-age=15552000; includeSubDomains', 'x-download-options': 'noopen', 'x-content-type-options': 'nosniff', 'x-xss-protection': '1; mode=block', 'x-moesif-transaction-id': '90696c83-0857-4418-8742-94602e920a36', 'Content-Type': 'application/json; charset=utf-8', 'Content-Length': '82', 'Date': 'Wed, 27 Jul 2022 02:31:30 GMT', 'Connection': 'keep-alive', 'Keep-Alive': 'timeout=5'} 
 body={
    "message": "Cadastro realizado com sucesso",
    "_id": "XNFxTVKJp4TUdPEJ"
} 
 </msg>
<msg timestamp="20220726 23:31:30.918" level="INFO">${response} = &lt;Response [201]&gt;</msg>
<status status="PASS" starttime="20220726 23:31:30.907" endtime="20220726 23:31:30.918"/>
</kw>
<kw name="Set Global Variable" library="BuiltIn">
<arg>${response}</arg>
<doc>Makes a variable available globally in all tests and suites.</doc>
<msg timestamp="20220726 23:31:30.919" level="INFO">${response} = &lt;Response [201]&gt;</msg>
<status status="PASS" starttime="20220726 23:31:30.918" endtime="20220726 23:31:30.919"/>
</kw>
<status status="PASS" starttime="20220726 23:31:30.906" endtime="20220726 23:31:30.919"/>
</kw>
<kw name="Pega Carrinho Estatico" library="carrinhos_keywords">
<arg>carrinho2</arg>
<kw name="Importar JSON Estatico" library="common">
<var>${json}</var>
<arg>json_carrinhos_ex.json</arg>
<kw name="Get File" library="OperatingSystem">
<var>${arquivo}</var>
<arg>${EXECDIR}/../support/fixtures/static/${nome_arquivo}</arg>
<doc>Returns the contents of a specified file.</doc>
<msg timestamp="20220726 23:31:30.922" level="INFO" html="true">Getting file '&lt;a href="file://C:\Users\Usuario\Robotron_Beatriz_Jardim_Projeto_Final\support\fixtures\static\json_carrinhos_ex.json"&gt;C:\Users\Usuario\Robotron_Beatriz_Jardim_Projeto_Final\support\fixtures\static\json_carrinhos_ex.json&lt;/a&gt;'.</msg>
<msg timestamp="20220726 23:31:30.922" level="INFO">${arquivo} = {
    "carrinho1":{
        "produtos": [
            {   "idProduto":"BeeJh5lz3k6kSIzA",
                "quantidade":"4"
            }
        ]
    },
    "carrinho2":{
        "produtos": [
      ...</msg>
<status status="PASS" starttime="20220726 23:31:30.921" endtime="20220726 23:31:30.922"/>
</kw>
<kw name="Evaluate" library="BuiltIn">
<var>&amp;{data}</var>
<arg>json.loads('''${arquivo}''')</arg>
<arg>json</arg>
<doc>Evaluates the given expression in Python and returns the result.</doc>
<msg timestamp="20220726 23:31:30.923" level="INFO">&amp;{data} = { carrinho1={'produtos': [{'idProduto': 'BeeJh5lz3k6kSIzA', 'quantidade': '4'}]} | carrinho2={'produtos': [{'idProduto': 'BeeJh5lz3k6kSIzA', 'quantidade': '2'}, {'idProduto': 'YaeJ455lz3k6kSIzA', 'qua...</msg>
<status status="PASS" starttime="20220726 23:31:30.922" endtime="20220726 23:31:30.924"/>
</kw>
<msg timestamp="20220726 23:31:30.924" level="INFO">${json} = {'carrinho1': {'produtos': [{'idProduto': 'BeeJh5lz3k6kSIzA', 'quantidade': '4'}]}, 'carrinho2': {'produtos': [{'idProduto': 'BeeJh5lz3k6kSIzA', 'quantidade': '2'}, {'idProduto': 'YaeJ455lz3k6kSIzA', ...</msg>
<status status="PASS" starttime="20220726 23:31:30.920" endtime="20220726 23:31:30.924"/>
</kw>
<kw name="Set Variable" library="BuiltIn">
<var>${payload}</var>
<arg>${json["${carrinho}"]}</arg>
<doc>Returns the given values which can then be assigned to a variables.</doc>
<msg timestamp="20220726 23:31:30.925" level="INFO">${payload} = {'produtos': [{'idProduto': 'BeeJh5lz3k6kSIzA', 'quantidade': '2'}, {'idProduto': 'YaeJ455lz3k6kSIzA', 'quantidade': '3'}]}</msg>
<status status="PASS" starttime="20220726 23:31:30.924" endtime="20220726 23:31:30.925"/>
</kw>
<kw name="Set Global Variable" library="BuiltIn">
<arg>${payload}</arg>
<doc>Makes a variable available globally in all tests and suites.</doc>
<msg timestamp="20220726 23:31:30.926" level="INFO">${payload} = {'produtos': [{'idProduto': 'BeeJh5lz3k6kSIzA', 'quantidade': '2'}, {'idProduto': 'YaeJ455lz3k6kSIzA', 'quantidade': '3'}]}</msg>
<status status="PASS" starttime="20220726 23:31:30.926" endtime="20220726 23:31:30.926"/>
</kw>
<status status="PASS" starttime="20220726 23:31:30.920" endtime="20220726 23:31:30.926"/>
</kw>
<kw name="POST Endpoint /carrinhos" library="carrinhos_keywords">
<kw name="Create Dictionary" library="BuiltIn">
<var>${header}</var>
<arg>Authorization=${token_auth}</arg>
<doc>Creates and returns a dictionary based on the given ``items``.</doc>
<msg timestamp="20220726 23:31:30.928" level="INFO">${header} = {'Authorization': 'Bearer eyJhbGciOiJIUzI1NiIsInR5cCI6IkpXVCJ9.eyJlbWFpbCI6ImV2ZXJtb3JlQGdtYWlsLmNvbSIsInBhc3N3b3JkIjoicmVwdXRhdGlvbiIsImlhdCI6MTY1ODg4OTA5MCwiZXhwIjoxNjU4ODg5NjkwfQ.7gg-eI7yBl1YM_tEoy...</msg>
<status status="PASS" starttime="20220726 23:31:30.928" endtime="20220726 23:31:30.928"/>
</kw>
<kw name="POST On Session" library="RequestsLibrary">
<var>${response}</var>
<arg>serverest</arg>
<arg>/carrinhos</arg>
<arg>json=${payload}</arg>
<arg>expected_status=anything</arg>
<arg>headers=${header}</arg>
<doc>Sends a POST request on a previously created HTTP Session.</doc>
<msg timestamp="20220726 23:31:30.936" level="INFO">POST Request : url=http://localhost:3000/carrinhos 
 path_url=/carrinhos 
 headers={'User-Agent': 'python-requests/2.28.1', 'Accept-Encoding': 'gzip, deflate', 'Accept': '*/*', 'Connection': 'keep-alive', 'Authorization': 'Bearer eyJhbGciOiJIUzI1NiIsInR5cCI6IkpXVCJ9.eyJlbWFpbCI6ImV2ZXJtb3JlQGdtYWlsLmNvbSIsInBhc3N3b3JkIjoicmVwdXRhdGlvbiIsImlhdCI6MTY1ODg4OTA5MCwiZXhwIjoxNjU4ODg5NjkwfQ.7gg-eI7yBl1YM_tEoyFGD9LRtl_eUl2lO2uEHg_V_GU', 'Content-Length': '123', 'Content-Type': 'application/json'} 
 body=b'{"produtos": [{"idProduto": "BeeJh5lz3k6kSIzA", "quantidade": "2"}, {"idProduto": "YaeJ455lz3k6kSIzA", "quantidade": "3"}]}' 
 </msg>
<msg timestamp="20220726 23:31:30.936" level="INFO">POST Response : url=http://localhost:3000/carrinhos 
 status=400, reason=Bad Request 
 headers={'Access-Control-Allow-Origin': '*', 'x-dns-prefetch-control': 'off', 'x-frame-options': 'SAMEORIGIN', 'strict-transport-security': 'max-age=15552000; includeSubDomains', 'x-download-options': 'noopen', 'x-content-type-options': 'nosniff', 'x-xss-protection': '1; mode=block', 'x-moesif-transaction-id': '847917df-f062-4211-beed-ca7bd959d31c', 'Content-Type': 'application/json; charset=utf-8', 'Content-Length': '61', 'Date': 'Wed, 27 Jul 2022 02:31:30 GMT', 'Connection': 'keep-alive', 'Keep-Alive': 'timeout=5'} 
 body={
    "message": "Não é permitido ter mais de 1 carrinho"
} 
 </msg>
<msg timestamp="20220726 23:31:30.936" level="INFO">${response} = &lt;Response [400]&gt;</msg>
<status status="PASS" starttime="20220726 23:31:30.929" endtime="20220726 23:31:30.936"/>
</kw>
<kw name="Set Global Variable" library="BuiltIn">
<arg>${response}</arg>
<doc>Makes a variable available globally in all tests and suites.</doc>
<msg timestamp="20220726 23:31:30.937" level="INFO">${response} = &lt;Response [400]&gt;</msg>
<status status="PASS" starttime="20220726 23:31:30.936" endtime="20220726 23:31:30.937"/>
</kw>
<status status="PASS" starttime="20220726 23:31:30.927" endtime="20220726 23:31:30.937"/>
</kw>
<kw name="Validar message: &quot;Não é permitido ter mais de 1 carrinho&quot;" library="common" sourcename="Validar ${campo}: &quot;${mensagem}&quot;">
<kw name="Should Match" library="BuiltIn">
<arg>${response.json()["${campo}"]}</arg>
<arg>${mensagem}</arg>
<doc>Fails if the given ``string`` does not match the given ``pattern``.</doc>
<status status="PASS" starttime="20220726 23:31:30.939" endtime="20220726 23:31:30.940"/>
</kw>
<kw name="Log To Console" library="BuiltIn">
<arg>\n\nRetorno: ${response.json()["${campo}"]}</arg>
<doc>Logs the given message to the console.</doc>
<status status="PASS" starttime="20220726 23:31:30.941" endtime="20220726 23:31:30.942"/>
</kw>
<status status="PASS" starttime="20220726 23:31:30.938" endtime="20220726 23:31:30.942"/>
</kw>
<kw name="Validar Status Code &quot;400&quot;" library="common" sourcename="Validar Status Code &quot;${statuscode}&quot;">
<kw name="Should Be True" library="BuiltIn">
<arg>${response.status_code} == ${statuscode}</arg>
<doc>Fails if the given condition is not true.</doc>
<status status="PASS" starttime="20220726 23:31:30.945" endtime="20220726 23:31:30.947"/>
</kw>
<kw name="Log To Console" library="BuiltIn">
<arg>Status Code: ${response.status_code}\n</arg>
<doc>Logs the given message to the console.</doc>
<status status="PASS" starttime="20220726 23:31:30.948" endtime="20220726 23:31:30.949"/>
</kw>
<status status="PASS" starttime="20220726 23:31:30.944" endtime="20220726 23:31:30.949"/>
</kw>
<kw name="DELETE Endpoint &quot;/carrinhos/cancelar-compra&quot;" library="carrinhos_keywords" sourcename="DELETE Endpoint &quot;${endpoint}&quot;">
<kw name="Create Dictionary" library="BuiltIn">
<var>${header}</var>
<arg>Authorization=${token_auth}</arg>
<doc>Creates and returns a dictionary based on the given ``items``.</doc>
<msg timestamp="20220726 23:31:30.952" level="INFO">${header} = {'Authorization': 'Bearer eyJhbGciOiJIUzI1NiIsInR5cCI6IkpXVCJ9.eyJlbWFpbCI6ImV2ZXJtb3JlQGdtYWlsLmNvbSIsInBhc3N3b3JkIjoicmVwdXRhdGlvbiIsImlhdCI6MTY1ODg4OTA5MCwiZXhwIjoxNjU4ODg5NjkwfQ.7gg-eI7yBl1YM_tEoy...</msg>
<status status="PASS" starttime="20220726 23:31:30.951" endtime="20220726 23:31:30.952"/>
</kw>
<kw name="DELETE On Session" library="RequestsLibrary">
<var>${response}</var>
<arg>serverest</arg>
<arg>${endpoint}</arg>
<arg>expected_status=anything</arg>
<arg>headers=${header}</arg>
<doc>Sends a DELETE request on a previously created HTTP Session.</doc>
<msg timestamp="20220726 23:31:30.960" level="INFO">DELETE Request : url=http://localhost:3000/carrinhos/cancelar-compra 
 path_url=/carrinhos/cancelar-compra 
 headers={'User-Agent': 'python-requests/2.28.1', 'Accept-Encoding': 'gzip, deflate', 'Accept': '*/*', 'Connection': 'keep-alive', 'Authorization': 'Bearer eyJhbGciOiJIUzI1NiIsInR5cCI6IkpXVCJ9.eyJlbWFpbCI6ImV2ZXJtb3JlQGdtYWlsLmNvbSIsInBhc3N3b3JkIjoicmVwdXRhdGlvbiIsImlhdCI6MTY1ODg4OTA5MCwiZXhwIjoxNjU4ODg5NjkwfQ.7gg-eI7yBl1YM_tEoyFGD9LRtl_eUl2lO2uEHg_V_GU', 'Content-Length': '0'} 
 body=None 
 </msg>
<msg timestamp="20220726 23:31:30.960" level="INFO">DELETE Response : url=http://localhost:3000/carrinhos/cancelar-compra 
 status=200, reason=OK 
 headers={'Access-Control-Allow-Origin': '*', 'x-dns-prefetch-control': 'off', 'x-frame-options': 'SAMEORIGIN', 'strict-transport-security': 'max-age=15552000; includeSubDomains', 'x-download-options': 'noopen', 'x-content-type-options': 'nosniff', 'x-xss-protection': '1; mode=block', 'x-moesif-transaction-id': 'aaa75981-9a88-4881-9cf0-045d097479f6', 'Content-Type': 'application/json; charset=utf-8', 'Content-Length': '86', 'Date': 'Wed, 27 Jul 2022 02:31:30 GMT', 'Connection': 'keep-alive', 'Keep-Alive': 'timeout=5'} 
 body={
    "message": "Registro excluído com sucesso. Estoque dos produtos reabastecido"
} 
 </msg>
<msg timestamp="20220726 23:31:30.961" level="INFO">${response} = &lt;Response [200]&gt;</msg>
<status status="PASS" starttime="20220726 23:31:30.952" endtime="20220726 23:31:30.961"/>
</kw>
<kw name="Set Global Variable" library="BuiltIn">
<arg>${response}</arg>
<doc>Makes a variable available globally in all tests and suites.</doc>
<msg timestamp="20220726 23:31:30.962" level="INFO">${response} = &lt;Response [200]&gt;</msg>
<status status="PASS" starttime="20220726 23:31:30.961" endtime="20220726 23:31:30.962"/>
</kw>
<status status="PASS" starttime="20220726 23:31:30.950" endtime="20220726 23:31:30.963"/>
</kw>
<tag>POST400.1</tag>
<status status="PASS" starttime="20220726 23:31:30.876" endtime="20220726 23:31:30.964"/>
</test>
<test id="s1-t6" name="Cenário: POST Cadastar um Carrinho Vazio 400" line="62">
<kw name="Fazer Login e Armazenar Token" library="login_keywords">
<arg>valido_sem_carrinho</arg>
<kw name="Fazer Login" library="login_keywords">
<arg>${usuario}</arg>
<kw name="Importar JSON Estatico" library="common">
<var>${json}</var>
<arg>json_login_ex.json</arg>
<kw name="Get File" library="OperatingSystem">
<var>${arquivo}</var>
<arg>${EXECDIR}/../support/fixtures/static/${nome_arquivo}</arg>
<doc>Returns the contents of a specified file.</doc>
<msg timestamp="20220726 23:31:30.971" level="INFO" html="true">Getting file '&lt;a href="file://C:\Users\Usuario\Robotron_Beatriz_Jardim_Projeto_Final\support\fixtures\static\json_login_ex.json"&gt;C:\Users\Usuario\Robotron_Beatriz_Jardim_Projeto_Final\support\fixtures\static\json_login_ex.json&lt;/a&gt;'.</msg>
<msg timestamp="20220726 23:31:30.972" level="INFO">${arquivo} = {
    "login_valido_sem_carrinho":{
        "email":"evermore@gmail.com",
        "password":"reputation"
    },
    "login_email_invalido":{
        "email":"emailInvalido@gmail.com",
        "passwo...</msg>
<status status="PASS" starttime="20220726 23:31:30.970" endtime="20220726 23:31:30.972"/>
</kw>
<kw name="Evaluate" library="BuiltIn">
<var>&amp;{data}</var>
<arg>json.loads('''${arquivo}''')</arg>
<arg>json</arg>
<doc>Evaluates the given expression in Python and returns the result.</doc>
<msg timestamp="20220726 23:31:30.973" level="INFO">&amp;{data} = { login_valido_sem_carrinho={'email': 'evermore@gmail.com', 'password': 'reputation'} | login_email_invalido={'email': 'emailInvalido@gmail.com', 'password': 'reputation'} | login_senha_invalida={'ema...</msg>
<status status="PASS" starttime="20220726 23:31:30.972" endtime="20220726 23:31:30.973"/>
</kw>
<msg timestamp="20220726 23:31:30.974" level="INFO">${json} = {'login_valido_sem_carrinho': {'email': 'evermore@gmail.com', 'password': 'reputation'}, 'login_email_invalido': {'email': 'emailInvalido@gmail.com', 'password': 'reputation'}, 'login_senha_invalida':...</msg>
<status status="PASS" starttime="20220726 23:31:30.970" endtime="20220726 23:31:30.974"/>
</kw>
<kw name="Set Variable" library="BuiltIn">
<var>${payload}</var>
<arg>${json["login_${estado}"]}</arg>
<doc>Returns the given values which can then be assigned to a variables.</doc>
<msg timestamp="20220726 23:31:30.976" level="INFO">${payload} = {'email': 'evermore@gmail.com', 'password': 'reputation'}</msg>
<status status="PASS" starttime="20220726 23:31:30.974" endtime="20220726 23:31:30.976"/>
</kw>
<kw name="Set Global Variable" library="BuiltIn">
<arg>${payload}</arg>
<doc>Makes a variable available globally in all tests and suites.</doc>
<msg timestamp="20220726 23:31:30.977" level="INFO">${payload} = {'email': 'evermore@gmail.com', 'password': 'reputation'}</msg>
<status status="PASS" starttime="20220726 23:31:30.976" endtime="20220726 23:31:30.977"/>
</kw>
<kw name="POST Endpoint /login" library="login_keywords">
<kw name="POST On Session" library="RequestsLibrary">
<var>${response}</var>
<arg>serverest</arg>
<arg>/login</arg>
<arg>json=&amp;{payload}</arg>
<arg>expected_status=anything</arg>
<doc>Sends a POST request on a previously created HTTP Session.</doc>
<msg timestamp="20220726 23:31:30.985" level="INFO">POST Request : url=http://localhost:3000/login 
 path_url=/login 
 headers={'User-Agent': 'python-requests/2.28.1', 'Accept-Encoding': 'gzip, deflate', 'Accept': '*/*', 'Connection': 'keep-alive', 'Content-Length': '57', 'Content-Type': 'application/json'} 
 body=b'{"email": "evermore@gmail.com", "password": "reputation"}' 
 </msg>
<msg timestamp="20220726 23:31:30.985" level="INFO">POST Response : url=http://localhost:3000/login 
 status=200, reason=OK 
 headers={'Access-Control-Allow-Origin': '*', 'x-dns-prefetch-control': 'off', 'x-frame-options': 'SAMEORIGIN', 'strict-transport-security': 'max-age=15552000; includeSubDomains', 'x-download-options': 'noopen', 'x-content-type-options': 'nosniff', 'x-xss-protection': '1; mode=block', 'x-moesif-transaction-id': '11d21110-c384-4e85-8534-fd8338055da4', 'Content-Type': 'application/json; charset=utf-8', 'Content-Length': '279', 'Date': 'Wed, 27 Jul 2022 02:31:30 GMT', 'Connection': 'keep-alive', 'Keep-Alive': 'timeout=5'} 
 body={
    "message": "Login realizado com sucesso",
    "authorization": "Bearer eyJhbGciOiJIUzI1NiIsInR5cCI6IkpXVCJ9.eyJlbWFpbCI6ImV2ZXJtb3JlQGdtYWlsLmNvbSIsInBhc3N3b3JkIjoicmVwdXRhdGlvbiIsImlhdCI6MTY1ODg4OTA5MCwiZXhwIjoxNjU4ODg5NjkwfQ.7gg-eI7yBl1YM_tEoyFGD9LRtl_eUl2lO2uEHg_V_GU"
} 
 </msg>
<msg timestamp="20220726 23:31:30.985" level="INFO">${response} = &lt;Response [200]&gt;</msg>
<status status="PASS" starttime="20220726 23:31:30.978" endtime="20220726 23:31:30.985"/>
</kw>
<kw name="Set Global Variable" library="BuiltIn">
<arg>${response}</arg>
<doc>Makes a variable available globally in all tests and suites.</doc>
<msg timestamp="20220726 23:31:30.986" level="INFO">${response} = &lt;Response [200]&gt;</msg>
<status status="PASS" starttime="20220726 23:31:30.985" endtime="20220726 23:31:30.986"/>
</kw>
<status status="PASS" starttime="20220726 23:31:30.977" endtime="20220726 23:31:30.986"/>
</kw>
<status status="PASS" starttime="20220726 23:31:30.969" endtime="20220726 23:31:30.987"/>
</kw>
<kw name="Validar Ter Logado" library="login_keywords">
<kw name="Should Be Equal" library="BuiltIn">
<arg>${response.json()["message"]}</arg>
<arg>Login realizado com sucesso</arg>
<doc>Fails if the given objects are unequal.</doc>
<status status="PASS" starttime="20220726 23:31:30.987" endtime="20220726 23:31:30.988"/>
</kw>
<kw name="Should Not Be Empty" library="BuiltIn">
<arg>${response.json()["authorization"]}</arg>
<doc>Verifies that the given item is not empty.</doc>
<msg timestamp="20220726 23:31:30.989" level="INFO">Length is 206</msg>
<status status="PASS" starttime="20220726 23:31:30.988" endtime="20220726 23:31:30.989"/>
</kw>
<status status="PASS" starttime="20220726 23:31:30.987" endtime="20220726 23:31:30.990"/>
</kw>
<kw name="Set Variable" library="BuiltIn">
<var>${token_auth}</var>
<arg>${response.json()["authorization"]}</arg>
<doc>Returns the given values which can then be assigned to a variables.</doc>
<msg timestamp="20220726 23:31:30.991" level="INFO">${token_auth} = Bearer eyJhbGciOiJIUzI1NiIsInR5cCI6IkpXVCJ9.eyJlbWFpbCI6ImV2ZXJtb3JlQGdtYWlsLmNvbSIsInBhc3N3b3JkIjoicmVwdXRhdGlvbiIsImlhdCI6MTY1ODg4OTA5MCwiZXhwIjoxNjU4ODg5NjkwfQ.7gg-eI7yBl1YM_tEoyFGD9LRtl_eUl2lO2uEH...</msg>
<status status="PASS" starttime="20220726 23:31:30.990" endtime="20220726 23:31:30.991"/>
</kw>
<kw name="Set Global Variable" library="BuiltIn">
<arg>${token_auth}</arg>
<doc>Makes a variable available globally in all tests and suites.</doc>
<msg timestamp="20220726 23:31:30.991" level="INFO">${token_auth} = Bearer eyJhbGciOiJIUzI1NiIsInR5cCI6IkpXVCJ9.eyJlbWFpbCI6ImV2ZXJtb3JlQGdtYWlsLmNvbSIsInBhc3N3b3JkIjoicmVwdXRhdGlvbiIsImlhdCI6MTY1ODg4OTA5MCwiZXhwIjoxNjU4ODg5NjkwfQ.7gg-eI7yBl1YM_tEoyFGD9LRtl_eUl2lO2uEH...</msg>
<status status="PASS" starttime="20220726 23:31:30.991" endtime="20220726 23:31:30.992"/>
</kw>
<status status="PASS" starttime="20220726 23:31:30.968" endtime="20220726 23:31:30.992"/>
</kw>
<kw name="Pega Carrinho Estatico" library="carrinhos_keywords">
<arg>carrinho3</arg>
<kw name="Importar JSON Estatico" library="common">
<var>${json}</var>
<arg>json_carrinhos_ex.json</arg>
<kw name="Get File" library="OperatingSystem">
<var>${arquivo}</var>
<arg>${EXECDIR}/../support/fixtures/static/${nome_arquivo}</arg>
<doc>Returns the contents of a specified file.</doc>
<msg timestamp="20220726 23:31:30.994" level="INFO" html="true">Getting file '&lt;a href="file://C:\Users\Usuario\Robotron_Beatriz_Jardim_Projeto_Final\support\fixtures\static\json_carrinhos_ex.json"&gt;C:\Users\Usuario\Robotron_Beatriz_Jardim_Projeto_Final\support\fixtures\static\json_carrinhos_ex.json&lt;/a&gt;'.</msg>
<msg timestamp="20220726 23:31:30.994" level="INFO">${arquivo} = {
    "carrinho1":{
        "produtos": [
            {   "idProduto":"BeeJh5lz3k6kSIzA",
                "quantidade":"4"
            }
        ]
    },
    "carrinho2":{
        "produtos": [
      ...</msg>
<status status="PASS" starttime="20220726 23:31:30.993" endtime="20220726 23:31:30.994"/>
</kw>
<kw name="Evaluate" library="BuiltIn">
<var>&amp;{data}</var>
<arg>json.loads('''${arquivo}''')</arg>
<arg>json</arg>
<doc>Evaluates the given expression in Python and returns the result.</doc>
<msg timestamp="20220726 23:31:30.996" level="INFO">&amp;{data} = { carrinho1={'produtos': [{'idProduto': 'BeeJh5lz3k6kSIzA', 'quantidade': '4'}]} | carrinho2={'produtos': [{'idProduto': 'BeeJh5lz3k6kSIzA', 'quantidade': '2'}, {'idProduto': 'YaeJ455lz3k6kSIzA', 'qua...</msg>
<status status="PASS" starttime="20220726 23:31:30.995" endtime="20220726 23:31:30.996"/>
</kw>
<msg timestamp="20220726 23:31:30.996" level="INFO">${json} = {'carrinho1': {'produtos': [{'idProduto': 'BeeJh5lz3k6kSIzA', 'quantidade': '4'}]}, 'carrinho2': {'produtos': [{'idProduto': 'BeeJh5lz3k6kSIzA', 'quantidade': '2'}, {'idProduto': 'YaeJ455lz3k6kSIzA', ...</msg>
<status status="PASS" starttime="20220726 23:31:30.993" endtime="20220726 23:31:30.996"/>
</kw>
<kw name="Set Variable" library="BuiltIn">
<var>${payload}</var>
<arg>${json["${carrinho}"]}</arg>
<doc>Returns the given values which can then be assigned to a variables.</doc>
<msg timestamp="20220726 23:31:30.997" level="INFO">${payload} = {'produtos': []}</msg>
<status status="PASS" starttime="20220726 23:31:30.996" endtime="20220726 23:31:30.997"/>
</kw>
<kw name="Set Global Variable" library="BuiltIn">
<arg>${payload}</arg>
<doc>Makes a variable available globally in all tests and suites.</doc>
<msg timestamp="20220726 23:31:30.998" level="INFO">${payload} = {'produtos': []}</msg>
<status status="PASS" starttime="20220726 23:31:30.997" endtime="20220726 23:31:30.998"/>
</kw>
<status status="PASS" starttime="20220726 23:31:30.993" endtime="20220726 23:31:30.998"/>
</kw>
<kw name="POST Endpoint /carrinhos" library="carrinhos_keywords">
<kw name="Create Dictionary" library="BuiltIn">
<var>${header}</var>
<arg>Authorization=${token_auth}</arg>
<doc>Creates and returns a dictionary based on the given ``items``.</doc>
<msg timestamp="20220726 23:31:30.999" level="INFO">${header} = {'Authorization': 'Bearer eyJhbGciOiJIUzI1NiIsInR5cCI6IkpXVCJ9.eyJlbWFpbCI6ImV2ZXJtb3JlQGdtYWlsLmNvbSIsInBhc3N3b3JkIjoicmVwdXRhdGlvbiIsImlhdCI6MTY1ODg4OTA5MCwiZXhwIjoxNjU4ODg5NjkwfQ.7gg-eI7yBl1YM_tEoy...</msg>
<status status="PASS" starttime="20220726 23:31:30.998" endtime="20220726 23:31:30.999"/>
</kw>
<kw name="POST On Session" library="RequestsLibrary">
<var>${response}</var>
<arg>serverest</arg>
<arg>/carrinhos</arg>
<arg>json=${payload}</arg>
<arg>expected_status=anything</arg>
<arg>headers=${header}</arg>
<doc>Sends a POST request on a previously created HTTP Session.</doc>
<msg timestamp="20220726 23:31:31.004" level="INFO">POST Request : url=http://localhost:3000/carrinhos 
 path_url=/carrinhos 
 headers={'User-Agent': 'python-requests/2.28.1', 'Accept-Encoding': 'gzip, deflate', 'Accept': '*/*', 'Connection': 'keep-alive', 'Authorization': 'Bearer eyJhbGciOiJIUzI1NiIsInR5cCI6IkpXVCJ9.eyJlbWFpbCI6ImV2ZXJtb3JlQGdtYWlsLmNvbSIsInBhc3N3b3JkIjoicmVwdXRhdGlvbiIsImlhdCI6MTY1ODg4OTA5MCwiZXhwIjoxNjU4ODg5NjkwfQ.7gg-eI7yBl1YM_tEoyFGD9LRtl_eUl2lO2uEHg_V_GU', 'Content-Length': '16', 'Content-Type': 'application/json'} 
 body=b'{"produtos": []}' 
 </msg>
<msg timestamp="20220726 23:31:31.004" level="INFO">POST Response : url=http://localhost:3000/carrinhos 
 status=400, reason=Bad Request 
 headers={'Access-Control-Allow-Origin': '*', 'x-dns-prefetch-control': 'off', 'x-frame-options': 'SAMEORIGIN', 'strict-transport-security': 'max-age=15552000; includeSubDomains', 'x-download-options': 'noopen', 'x-content-type-options': 'nosniff', 'x-xss-protection': '1; mode=block', 'x-moesif-transaction-id': 'af7096b9-b681-435b-b897-b92502336804', 'Content-Type': 'application/json; charset=utf-8', 'Content-Length': '64', 'Date': 'Wed, 27 Jul 2022 02:31:31 GMT', 'Connection': 'keep-alive', 'Keep-Alive': 'timeout=5'} 
 body={
    "produtos": "produtos não contém 1 valor obrigatório"
} 
 </msg>
<msg timestamp="20220726 23:31:31.005" level="INFO">${response} = &lt;Response [400]&gt;</msg>
<status status="PASS" starttime="20220726 23:31:30.999" endtime="20220726 23:31:31.005"/>
</kw>
<kw name="Set Global Variable" library="BuiltIn">
<arg>${response}</arg>
<doc>Makes a variable available globally in all tests and suites.</doc>
<msg timestamp="20220726 23:31:31.005" level="INFO">${response} = &lt;Response [400]&gt;</msg>
<status status="PASS" starttime="20220726 23:31:31.005" endtime="20220726 23:31:31.005"/>
</kw>
<status status="PASS" starttime="20220726 23:31:30.998" endtime="20220726 23:31:31.005"/>
</kw>
<kw name="Validar produtos: &quot;produtos não contém 1 valor obrigatório&quot;" library="common" sourcename="Validar ${campo}: &quot;${mensagem}&quot;">
<kw name="Should Match" library="BuiltIn">
<arg>${response.json()["${campo}"]}</arg>
<arg>${mensagem}</arg>
<doc>Fails if the given ``string`` does not match the given ``pattern``.</doc>
<status status="PASS" starttime="20220726 23:31:31.006" endtime="20220726 23:31:31.008"/>
</kw>
<kw name="Log To Console" library="BuiltIn">
<arg>\n\nRetorno: ${response.json()["${campo}"]}</arg>
<doc>Logs the given message to the console.</doc>
<status status="PASS" starttime="20220726 23:31:31.008" endtime="20220726 23:31:31.009"/>
</kw>
<status status="PASS" starttime="20220726 23:31:31.006" endtime="20220726 23:31:31.009"/>
</kw>
<kw name="Validar Status Code &quot;400&quot;" library="common" sourcename="Validar Status Code &quot;${statuscode}&quot;">
<kw name="Should Be True" library="BuiltIn">
<arg>${response.status_code} == ${statuscode}</arg>
<doc>Fails if the given condition is not true.</doc>
<status status="PASS" starttime="20220726 23:31:31.010" endtime="20220726 23:31:31.011"/>
</kw>
<kw name="Log To Console" library="BuiltIn">
<arg>Status Code: ${response.status_code}\n</arg>
<doc>Logs the given message to the console.</doc>
<status status="PASS" starttime="20220726 23:31:31.011" endtime="20220726 23:31:31.012"/>
</kw>
<status status="PASS" starttime="20220726 23:31:31.009" endtime="20220726 23:31:31.012"/>
</kw>
<tag>POST400.2</tag>
<status status="PASS" starttime="20220726 23:31:30.967" endtime="20220726 23:31:31.012"/>
</test>
<test id="s1-t7" name="Cenário: POST Cadastrar Carrinho com Produto Inexistente 400" line="70">
<kw name="Fazer Login e Armazenar Token" library="login_keywords">
<arg>valido_sem_carrinho</arg>
<kw name="Fazer Login" library="login_keywords">
<arg>${usuario}</arg>
<kw name="Importar JSON Estatico" library="common">
<var>${json}</var>
<arg>json_login_ex.json</arg>
<kw name="Get File" library="OperatingSystem">
<var>${arquivo}</var>
<arg>${EXECDIR}/../support/fixtures/static/${nome_arquivo}</arg>
<doc>Returns the contents of a specified file.</doc>
<msg timestamp="20220726 23:31:31.016" level="INFO" html="true">Getting file '&lt;a href="file://C:\Users\Usuario\Robotron_Beatriz_Jardim_Projeto_Final\support\fixtures\static\json_login_ex.json"&gt;C:\Users\Usuario\Robotron_Beatriz_Jardim_Projeto_Final\support\fixtures\static\json_login_ex.json&lt;/a&gt;'.</msg>
<msg timestamp="20220726 23:31:31.017" level="INFO">${arquivo} = {
    "login_valido_sem_carrinho":{
        "email":"evermore@gmail.com",
        "password":"reputation"
    },
    "login_email_invalido":{
        "email":"emailInvalido@gmail.com",
        "passwo...</msg>
<status status="PASS" starttime="20220726 23:31:31.016" endtime="20220726 23:31:31.017"/>
</kw>
<kw name="Evaluate" library="BuiltIn">
<var>&amp;{data}</var>
<arg>json.loads('''${arquivo}''')</arg>
<arg>json</arg>
<doc>Evaluates the given expression in Python and returns the result.</doc>
<msg timestamp="20220726 23:31:31.018" level="INFO">&amp;{data} = { login_valido_sem_carrinho={'email': 'evermore@gmail.com', 'password': 'reputation'} | login_email_invalido={'email': 'emailInvalido@gmail.com', 'password': 'reputation'} | login_senha_invalida={'ema...</msg>
<status status="PASS" starttime="20220726 23:31:31.017" endtime="20220726 23:31:31.018"/>
</kw>
<msg timestamp="20220726 23:31:31.018" level="INFO">${json} = {'login_valido_sem_carrinho': {'email': 'evermore@gmail.com', 'password': 'reputation'}, 'login_email_invalido': {'email': 'emailInvalido@gmail.com', 'password': 'reputation'}, 'login_senha_invalida':...</msg>
<status status="PASS" starttime="20220726 23:31:31.016" endtime="20220726 23:31:31.018"/>
</kw>
<kw name="Set Variable" library="BuiltIn">
<var>${payload}</var>
<arg>${json["login_${estado}"]}</arg>
<doc>Returns the given values which can then be assigned to a variables.</doc>
<msg timestamp="20220726 23:31:31.019" level="INFO">${payload} = {'email': 'evermore@gmail.com', 'password': 'reputation'}</msg>
<status status="PASS" starttime="20220726 23:31:31.018" endtime="20220726 23:31:31.019"/>
</kw>
<kw name="Set Global Variable" library="BuiltIn">
<arg>${payload}</arg>
<doc>Makes a variable available globally in all tests and suites.</doc>
<msg timestamp="20220726 23:31:31.019" level="INFO">${payload} = {'email': 'evermore@gmail.com', 'password': 'reputation'}</msg>
<status status="PASS" starttime="20220726 23:31:31.019" endtime="20220726 23:31:31.019"/>
</kw>
<kw name="POST Endpoint /login" library="login_keywords">
<kw name="POST On Session" library="RequestsLibrary">
<var>${response}</var>
<arg>serverest</arg>
<arg>/login</arg>
<arg>json=&amp;{payload}</arg>
<arg>expected_status=anything</arg>
<doc>Sends a POST request on a previously created HTTP Session.</doc>
<msg timestamp="20220726 23:31:31.024" level="INFO">POST Request : url=http://localhost:3000/login 
 path_url=/login 
 headers={'User-Agent': 'python-requests/2.28.1', 'Accept-Encoding': 'gzip, deflate', 'Accept': '*/*', 'Connection': 'keep-alive', 'Content-Length': '57', 'Content-Type': 'application/json'} 
 body=b'{"email": "evermore@gmail.com", "password": "reputation"}' 
 </msg>
<msg timestamp="20220726 23:31:31.024" level="INFO">POST Response : url=http://localhost:3000/login 
 status=200, reason=OK 
 headers={'Access-Control-Allow-Origin': '*', 'x-dns-prefetch-control': 'off', 'x-frame-options': 'SAMEORIGIN', 'strict-transport-security': 'max-age=15552000; includeSubDomains', 'x-download-options': 'noopen', 'x-content-type-options': 'nosniff', 'x-xss-protection': '1; mode=block', 'x-moesif-transaction-id': '3d4afc26-f658-4840-9f5b-0e62c47cfcd0', 'Content-Type': 'application/json; charset=utf-8', 'Content-Length': '279', 'Date': 'Wed, 27 Jul 2022 02:31:31 GMT', 'Connection': 'keep-alive', 'Keep-Alive': 'timeout=5'} 
 body={
    "message": "Login realizado com sucesso",
    "authorization": "Bearer eyJhbGciOiJIUzI1NiIsInR5cCI6IkpXVCJ9.eyJlbWFpbCI6ImV2ZXJtb3JlQGdtYWlsLmNvbSIsInBhc3N3b3JkIjoicmVwdXRhdGlvbiIsImlhdCI6MTY1ODg4OTA5MSwiZXhwIjoxNjU4ODg5NjkxfQ.Tivip4maOTp7XK4MTUzk9YShrDtLh1Lm0KLUcntW0Nc"
} 
 </msg>
<msg timestamp="20220726 23:31:31.024" level="INFO">${response} = &lt;Response [200]&gt;</msg>
<status status="PASS" starttime="20220726 23:31:31.020" endtime="20220726 23:31:31.024"/>
</kw>
<kw name="Set Global Variable" library="BuiltIn">
<arg>${response}</arg>
<doc>Makes a variable available globally in all tests and suites.</doc>
<msg timestamp="20220726 23:31:31.024" level="INFO">${response} = &lt;Response [200]&gt;</msg>
<status status="PASS" starttime="20220726 23:31:31.024" endtime="20220726 23:31:31.024"/>
</kw>
<status status="PASS" starttime="20220726 23:31:31.020" endtime="20220726 23:31:31.024"/>
</kw>
<status status="PASS" starttime="20220726 23:31:31.015" endtime="20220726 23:31:31.024"/>
</kw>
<kw name="Validar Ter Logado" library="login_keywords">
<kw name="Should Be Equal" library="BuiltIn">
<arg>${response.json()["message"]}</arg>
<arg>Login realizado com sucesso</arg>
<doc>Fails if the given objects are unequal.</doc>
<status status="PASS" starttime="20220726 23:31:31.025" endtime="20220726 23:31:31.025"/>
</kw>
<kw name="Should Not Be Empty" library="BuiltIn">
<arg>${response.json()["authorization"]}</arg>
<doc>Verifies that the given item is not empty.</doc>
<msg timestamp="20220726 23:31:31.026" level="INFO">Length is 206</msg>
<status status="PASS" starttime="20220726 23:31:31.026" endtime="20220726 23:31:31.026"/>
</kw>
<status status="PASS" starttime="20220726 23:31:31.025" endtime="20220726 23:31:31.026"/>
</kw>
<kw name="Set Variable" library="BuiltIn">
<var>${token_auth}</var>
<arg>${response.json()["authorization"]}</arg>
<doc>Returns the given values which can then be assigned to a variables.</doc>
<msg timestamp="20220726 23:31:31.027" level="INFO">${token_auth} = Bearer eyJhbGciOiJIUzI1NiIsInR5cCI6IkpXVCJ9.eyJlbWFpbCI6ImV2ZXJtb3JlQGdtYWlsLmNvbSIsInBhc3N3b3JkIjoicmVwdXRhdGlvbiIsImlhdCI6MTY1ODg4OTA5MSwiZXhwIjoxNjU4ODg5NjkxfQ.Tivip4maOTp7XK4MTUzk9YShrDtLh1Lm0KLUc...</msg>
<status status="PASS" starttime="20220726 23:31:31.026" endtime="20220726 23:31:31.027"/>
</kw>
<kw name="Set Global Variable" library="BuiltIn">
<arg>${token_auth}</arg>
<doc>Makes a variable available globally in all tests and suites.</doc>
<msg timestamp="20220726 23:31:31.028" level="INFO">${token_auth} = Bearer eyJhbGciOiJIUzI1NiIsInR5cCI6IkpXVCJ9.eyJlbWFpbCI6ImV2ZXJtb3JlQGdtYWlsLmNvbSIsInBhc3N3b3JkIjoicmVwdXRhdGlvbiIsImlhdCI6MTY1ODg4OTA5MSwiZXhwIjoxNjU4ODg5NjkxfQ.Tivip4maOTp7XK4MTUzk9YShrDtLh1Lm0KLUc...</msg>
<status status="PASS" starttime="20220726 23:31:31.027" endtime="20220726 23:31:31.028"/>
</kw>
<status status="PASS" starttime="20220726 23:31:31.015" endtime="20220726 23:31:31.028"/>
</kw>
<kw name="Pega Carrinho Estatico" library="carrinhos_keywords">
<arg>carrinho4</arg>
<kw name="Importar JSON Estatico" library="common">
<var>${json}</var>
<arg>json_carrinhos_ex.json</arg>
<kw name="Get File" library="OperatingSystem">
<var>${arquivo}</var>
<arg>${EXECDIR}/../support/fixtures/static/${nome_arquivo}</arg>
<doc>Returns the contents of a specified file.</doc>
<msg timestamp="20220726 23:31:31.029" level="INFO" html="true">Getting file '&lt;a href="file://C:\Users\Usuario\Robotron_Beatriz_Jardim_Projeto_Final\support\fixtures\static\json_carrinhos_ex.json"&gt;C:\Users\Usuario\Robotron_Beatriz_Jardim_Projeto_Final\support\fixtures\static\json_carrinhos_ex.json&lt;/a&gt;'.</msg>
<msg timestamp="20220726 23:31:31.030" level="INFO">${arquivo} = {
    "carrinho1":{
        "produtos": [
            {   "idProduto":"BeeJh5lz3k6kSIzA",
                "quantidade":"4"
            }
        ]
    },
    "carrinho2":{
        "produtos": [
      ...</msg>
<status status="PASS" starttime="20220726 23:31:31.029" endtime="20220726 23:31:31.030"/>
</kw>
<kw name="Evaluate" library="BuiltIn">
<var>&amp;{data}</var>
<arg>json.loads('''${arquivo}''')</arg>
<arg>json</arg>
<doc>Evaluates the given expression in Python and returns the result.</doc>
<msg timestamp="20220726 23:31:31.030" level="INFO">&amp;{data} = { carrinho1={'produtos': [{'idProduto': 'BeeJh5lz3k6kSIzA', 'quantidade': '4'}]} | carrinho2={'produtos': [{'idProduto': 'BeeJh5lz3k6kSIzA', 'quantidade': '2'}, {'idProduto': 'YaeJ455lz3k6kSIzA', 'qua...</msg>
<status status="PASS" starttime="20220726 23:31:31.030" endtime="20220726 23:31:31.031"/>
</kw>
<msg timestamp="20220726 23:31:31.031" level="INFO">${json} = {'carrinho1': {'produtos': [{'idProduto': 'BeeJh5lz3k6kSIzA', 'quantidade': '4'}]}, 'carrinho2': {'produtos': [{'idProduto': 'BeeJh5lz3k6kSIzA', 'quantidade': '2'}, {'idProduto': 'YaeJ455lz3k6kSIzA', ...</msg>
<status status="PASS" starttime="20220726 23:31:31.029" endtime="20220726 23:31:31.031"/>
</kw>
<kw name="Set Variable" library="BuiltIn">
<var>${payload}</var>
<arg>${json["${carrinho}"]}</arg>
<doc>Returns the given values which can then be assigned to a variables.</doc>
<msg timestamp="20220726 23:31:31.032" level="INFO">${payload} = {'produtos': [{'idProduto': 'Inexistente', 'quantidade': 1}]}</msg>
<status status="PASS" starttime="20220726 23:31:31.031" endtime="20220726 23:31:31.032"/>
</kw>
<kw name="Set Global Variable" library="BuiltIn">
<arg>${payload}</arg>
<doc>Makes a variable available globally in all tests and suites.</doc>
<msg timestamp="20220726 23:31:31.032" level="INFO">${payload} = {'produtos': [{'idProduto': 'Inexistente', 'quantidade': 1}]}</msg>
<status status="PASS" starttime="20220726 23:31:31.032" endtime="20220726 23:31:31.032"/>
</kw>
<status status="PASS" starttime="20220726 23:31:31.028" endtime="20220726 23:31:31.032"/>
</kw>
<kw name="POST Endpoint /carrinhos" library="carrinhos_keywords">
<kw name="Create Dictionary" library="BuiltIn">
<var>${header}</var>
<arg>Authorization=${token_auth}</arg>
<doc>Creates and returns a dictionary based on the given ``items``.</doc>
[...]
<var>${json}</var>
<arg>json_login_ex.json</arg>
<kw name="Get File" library="OperatingSystem">
<var>${arquivo}</var>
<arg>${EXECDIR}/../support/fixtures/static/${nome_arquivo}</arg>
<doc>Returns the contents of a specified file.</doc>
<msg timestamp="20220726 23:31:31.602" level="INFO" html="true">Getting file '&lt;a href="file://C:\Users\Usuario\Robotron_Beatriz_Jardim_Projeto_Final\support\fixtures\static\json_login_ex.json"&gt;C:\Users\Usuario\Robotron_Beatriz_Jardim_Projeto_Final\support\fixtures\static\json_login_ex.json&lt;/a&gt;'.</msg>
<msg timestamp="20220726 23:31:31.602" level="INFO">${arquivo} = {
    "login_valido_sem_carrinho":{
        "email":"evermore@gmail.com",
        "password":"reputation"
    },
    "login_email_invalido":{
        "email":"emailInvalido@gmail.com",
        "passwo...</msg>
<status status="PASS" starttime="20220726 23:31:31.601" endtime="20220726 23:31:31.602"/>
</kw>
<kw name="Evaluate" library="BuiltIn">
<var>&amp;{data}</var>
<arg>json.loads('''${arquivo}''')</arg>
<arg>json</arg>
<doc>Evaluates the given expression in Python and returns the result.</doc>
<msg timestamp="20220726 23:31:31.603" level="INFO">&amp;{data} = { login_valido_sem_carrinho={'email': 'evermore@gmail.com', 'password': 'reputation'} | login_email_invalido={'email': 'emailInvalido@gmail.com', 'password': 'reputation'} | login_senha_invalida={'ema...</msg>
<status status="PASS" starttime="20220726 23:31:31.602" endtime="20220726 23:31:31.603"/>
</kw>
<msg timestamp="20220726 23:31:31.603" level="INFO">${json} = {'login_valido_sem_carrinho': {'email': 'evermore@gmail.com', 'password': 'reputation'}, 'login_email_invalido': {'email': 'emailInvalido@gmail.com', 'password': 'reputation'}, 'login_senha_invalida':...</msg>
<status status="PASS" starttime="20220726 23:31:31.601" endtime="20220726 23:31:31.603"/>
</kw>
<kw name="Set Variable" library="BuiltIn">
<var>${payload}</var>
<arg>${json["login_${estado}"]}</arg>
<doc>Returns the given values which can then be assigned to a variables.</doc>
<msg timestamp="20220726 23:31:31.604" level="INFO">${payload} = {'email': 'testeProduto@gmail.com', 'password': 'teste123'}</msg>
<status status="PASS" starttime="20220726 23:31:31.603" endtime="20220726 23:31:31.604"/>
</kw>
<kw name="Set Global Variable" library="BuiltIn">
<arg>${payload}</arg>
<doc>Makes a variable available globally in all tests and suites.</doc>
<msg timestamp="20220726 23:31:31.604" level="INFO">${payload} = {'email': 'testeProduto@gmail.com', 'password': 'teste123'}</msg>
<status status="PASS" starttime="20220726 23:31:31.604" endtime="20220726 23:31:31.604"/>
</kw>
<kw name="POST Endpoint /login" library="login_keywords">
<kw name="POST On Session" library="RequestsLibrary">
<var>${response}</var>
<arg>serverest</arg>
<arg>/login</arg>
<arg>json=&amp;{payload}</arg>
<arg>expected_status=anything</arg>
<doc>Sends a POST request on a previously created HTTP Session.</doc>
<msg timestamp="20220726 23:31:31.608" level="INFO">POST Request : url=http://localhost:3000/login 
 path_url=/login 
 headers={'User-Agent': 'python-requests/2.28.1', 'Accept-Encoding': 'gzip, deflate', 'Accept': '*/*', 'Connection': 'keep-alive', 'Content-Length': '59', 'Content-Type': 'application/json'} 
 body=b'{"email": "testeProduto@gmail.com", "password": "teste123"}' 
 </msg>
<msg timestamp="20220726 23:31:31.608" level="INFO">POST Response : url=http://localhost:3000/login 
 status=200, reason=OK 
 headers={'Access-Control-Allow-Origin': '*', 'x-dns-prefetch-control': 'off', 'x-frame-options': 'SAMEORIGIN', 'strict-transport-security': 'max-age=15552000; includeSubDomains', 'x-download-options': 'noopen', 'x-content-type-options': 'nosniff', 'x-xss-protection': '1; mode=block', 'x-moesif-transaction-id': '86c7e1c1-9f3e-4848-8e20-8ed3d6e57c5d', 'Content-Type': 'application/json; charset=utf-8', 'Content-Length': '281', 'Date': 'Wed, 27 Jul 2022 02:31:31 GMT', 'Connection': 'keep-alive', 'Keep-Alive': 'timeout=5'} 
 body={
    "message": "Login realizado com sucesso",
    "authorization": "Bearer eyJhbGciOiJIUzI1NiIsInR5cCI6IkpXVCJ9.eyJlbWFpbCI6InRlc3RlUHJvZHV0b0BnbWFpbC5jb20iLCJwYXNzd29yZCI6InRlc3RlMTIzIiwiaWF0IjoxNjU4ODg5MDkxLCJleHAiOjE2NTg4ODk2OTF9.VK6NOM9eCZ7hzBoYADIqbCBLZwD6w_4O1tT6xpRvVQE"
} 
 </msg>
<msg timestamp="20220726 23:31:31.608" level="INFO">${response} = &lt;Response [200]&gt;</msg>
<status status="PASS" starttime="20220726 23:31:31.604" endtime="20220726 23:31:31.608"/>
</kw>
<kw name="Set Global Variable" library="BuiltIn">
<arg>${response}</arg>
<doc>Makes a variable available globally in all tests and suites.</doc>
<msg timestamp="20220726 23:31:31.609" level="INFO">${response} = &lt;Response [200]&gt;</msg>
<status status="PASS" starttime="20220726 23:31:31.609" endtime="20220726 23:31:31.609"/>
</kw>
<status status="PASS" starttime="20220726 23:31:31.604" endtime="20220726 23:31:31.609"/>
</kw>
<status status="PASS" starttime="20220726 23:31:31.601" endtime="20220726 23:31:31.609"/>
</kw>
<kw name="Validar Ter Logado" library="login_keywords">
<kw name="Should Be Equal" library="BuiltIn">
<arg>${response.json()["message"]}</arg>
<arg>Login realizado com sucesso</arg>
<doc>Fails if the given objects are unequal.</doc>
<status status="PASS" starttime="20220726 23:31:31.610" endtime="20220726 23:31:31.610"/>
</kw>
<kw name="Should Not Be Empty" library="BuiltIn">
<arg>${response.json()["authorization"]}</arg>
<doc>Verifies that the given item is not empty.</doc>
<msg timestamp="20220726 23:31:31.611" level="INFO">Length is 208</msg>
<status status="PASS" starttime="20220726 23:31:31.610" endtime="20220726 23:31:31.611"/>
</kw>
<status status="PASS" starttime="20220726 23:31:31.609" endtime="20220726 23:31:31.611"/>
</kw>
<kw name="Set Variable" library="BuiltIn">
<var>${token_auth}</var>
<arg>${response.json()["authorization"]}</arg>
<doc>Returns the given values which can then be assigned to a variables.</doc>
<msg timestamp="20220726 23:31:31.612" level="INFO">${token_auth} = Bearer eyJhbGciOiJIUzI1NiIsInR5cCI6IkpXVCJ9.eyJlbWFpbCI6InRlc3RlUHJvZHV0b0BnbWFpbC5jb20iLCJwYXNzd29yZCI6InRlc3RlMTIzIiwiaWF0IjoxNjU4ODg5MDkxLCJleHAiOjE2NTg4ODk2OTF9.VK6NOM9eCZ7hzBoYADIqbCBLZwD6w_4O1tT...</msg>
<status status="PASS" starttime="20220726 23:31:31.611" endtime="20220726 23:31:31.612"/>
</kw>
<kw name="Set Global Variable" library="BuiltIn">
<arg>${token_auth}</arg>
<doc>Makes a variable available globally in all tests and suites.</doc>
<msg timestamp="20220726 23:31:31.613" level="INFO">${token_auth} = Bearer eyJhbGciOiJIUzI1NiIsInR5cCI6IkpXVCJ9.eyJlbWFpbCI6InRlc3RlUHJvZHV0b0BnbWFpbC5jb20iLCJwYXNzd29yZCI6InRlc3RlMTIzIiwiaWF0IjoxNjU4ODg5MDkxLCJleHAiOjE2NTg4ODk2OTF9.VK6NOM9eCZ7hzBoYADIqbCBLZwD6w_4O1tT...</msg>
<status status="PASS" starttime="20220726 23:31:31.612" endtime="20220726 23:31:31.613"/>
</kw>
<status status="PASS" starttime="20220726 23:31:31.601" endtime="20220726 23:31:31.613"/>
</kw>
<kw name="DELETE Usuario id &quot;${idUsuario}&quot;" library="usuarios_keywords" sourcename="DELETE Usuario id &quot;${id}&quot;">
<kw name="DELETE On Session" library="RequestsLibrary">
<var>${response}</var>
<arg>serverest</arg>
<arg>/usuarios/${id}</arg>
<arg>expected_status=anything</arg>
<doc>Sends a DELETE request on a previously created HTTP Session.</doc>
<msg timestamp="20220726 23:31:31.617" level="INFO">DELETE Request : url=http://localhost:3000/usuarios/RdMcrOJtWMZCoTwR 
 path_url=/usuarios/RdMcrOJtWMZCoTwR 
 headers={'User-Agent': 'python-requests/2.28.1', 'Accept-Encoding': 'gzip, deflate', 'Accept': '*/*', 'Connection': 'keep-alive', 'Content-Length': '0'} 
 body=None 
 </msg>
<msg timestamp="20220726 23:31:31.617" level="INFO">DELETE Response : url=http://localhost:3000/usuarios/RdMcrOJtWMZCoTwR 
 status=200, reason=OK 
 headers={'Access-Control-Allow-Origin': '*', 'x-dns-prefetch-control': 'off', 'x-frame-options': 'SAMEORIGIN', 'strict-transport-security': 'max-age=15552000; includeSubDomains', 'x-download-options': 'noopen', 'x-content-type-options': 'nosniff', 'x-xss-protection': '1; mode=block', 'x-moesif-transaction-id': '4c33a79b-0ee3-426d-b97f-3aa0c5f24286', 'Content-Type': 'application/json; charset=utf-8', 'Content-Length': '51', 'Date': 'Wed, 27 Jul 2022 02:31:31 GMT', 'Connection': 'keep-alive', 'Keep-Alive': 'timeout=5'} 
 body={
    "message": "Registro excluído com sucesso"
} 
 </msg>
<msg timestamp="20220726 23:31:31.617" level="INFO">${response} = &lt;Response [200]&gt;</msg>
<status status="PASS" starttime="20220726 23:31:31.614" endtime="20220726 23:31:31.617"/>
</kw>
<kw name="Set Global Variable" library="BuiltIn">
<arg>${response}</arg>
<doc>Makes a variable available globally in all tests and suites.</doc>
<msg timestamp="20220726 23:31:31.618" level="INFO">${response} = &lt;Response [200]&gt;</msg>
<status status="PASS" starttime="20220726 23:31:31.617" endtime="20220726 23:31:31.618"/>
</kw>
<status status="PASS" starttime="20220726 23:31:31.613" endtime="20220726 23:31:31.618"/>
</kw>
<kw name="DELETE Endpoint &quot;/carrinhos/cancelar-compra&quot;" library="carrinhos_keywords" sourcename="DELETE Endpoint &quot;${endpoint}&quot;">
<kw name="Create Dictionary" library="BuiltIn">
<var>${header}</var>
<arg>Authorization=${token_auth}</arg>
<doc>Creates and returns a dictionary based on the given ``items``.</doc>
<msg timestamp="20220726 23:31:31.619" level="INFO">${header} = {'Authorization': 'Bearer eyJhbGciOiJIUzI1NiIsInR5cCI6IkpXVCJ9.eyJlbWFpbCI6InRlc3RlUHJvZHV0b0BnbWFpbC5jb20iLCJwYXNzd29yZCI6InRlc3RlMTIzIiwiaWF0IjoxNjU4ODg5MDkxLCJleHAiOjE2NTg4ODk2OTF9.VK6NOM9eCZ7hzBoY...</msg>
<status status="PASS" starttime="20220726 23:31:31.619" endtime="20220726 23:31:31.619"/>
</kw>
<kw name="DELETE On Session" library="RequestsLibrary">
<var>${response}</var>
<arg>serverest</arg>
<arg>${endpoint}</arg>
<arg>expected_status=anything</arg>
<arg>headers=${header}</arg>
<doc>Sends a DELETE request on a previously created HTTP Session.</doc>
<msg timestamp="20220726 23:31:31.622" level="INFO">DELETE Request : url=http://localhost:3000/carrinhos/cancelar-compra 
 path_url=/carrinhos/cancelar-compra 
 headers={'User-Agent': 'python-requests/2.28.1', 'Accept-Encoding': 'gzip, deflate', 'Accept': '*/*', 'Connection': 'keep-alive', 'Authorization': 'Bearer eyJhbGciOiJIUzI1NiIsInR5cCI6IkpXVCJ9.eyJlbWFpbCI6InRlc3RlUHJvZHV0b0BnbWFpbC5jb20iLCJwYXNzd29yZCI6InRlc3RlMTIzIiwiaWF0IjoxNjU4ODg5MDkxLCJleHAiOjE2NTg4ODk2OTF9.VK6NOM9eCZ7hzBoYADIqbCBLZwD6w_4O1tT6xpRvVQE', 'Content-Length': '0'} 
 body=None 
 </msg>
<msg timestamp="20220726 23:31:31.623" level="INFO">DELETE Response : url=http://localhost:3000/carrinhos/cancelar-compra 
 status=401, reason=Unauthorized 
 headers={'Access-Control-Allow-Origin': '*', 'x-dns-prefetch-control': 'off', 'x-frame-options': 'SAMEORIGIN', 'strict-transport-security': 'max-age=15552000; includeSubDomains', 'x-download-options': 'noopen', 'x-content-type-options': 'nosniff', 'x-xss-protection': '1; mode=block', 'x-moesif-transaction-id': 'e227c058-f441-4004-8b7f-1f474b785d58', 'Content-Type': 'application/json; charset=utf-8', 'Content-Length': '103', 'Date': 'Wed, 27 Jul 2022 02:31:31 GMT', 'Connection': 'keep-alive', 'Keep-Alive': 'timeout=5'} 
 body={
    "message": "Token de acesso ausente, inválido, expirado ou usuário do token não existe mais"
} 
 </msg>
<msg timestamp="20220726 23:31:31.623" level="INFO">${response} = &lt;Response [401]&gt;</msg>
<status status="PASS" starttime="20220726 23:31:31.619" endtime="20220726 23:31:31.623"/>
</kw>
<kw name="Set Global Variable" library="BuiltIn">
<arg>${response}</arg>
<doc>Makes a variable available globally in all tests and suites.</doc>
<msg timestamp="20220726 23:31:31.623" level="INFO">${response} = &lt;Response [401]&gt;</msg>
<status status="PASS" starttime="20220726 23:31:31.623" endtime="20220726 23:31:31.623"/>
</kw>
<status status="PASS" starttime="20220726 23:31:31.619" endtime="20220726 23:31:31.623"/>
</kw>
<kw name="Validar message: &quot;Token de acesso ausente, inválido, expirado ou usuário do token não existe mais&quot;" library="common" sourcename="Validar ${campo}: &quot;${mensagem}&quot;">
<kw name="Should Match" library="BuiltIn">
<arg>${response.json()["${campo}"]}</arg>
<arg>${mensagem}</arg>
<doc>Fails if the given ``string`` does not match the given ``pattern``.</doc>
<status status="PASS" starttime="20220726 23:31:31.624" endtime="20220726 23:31:31.625"/>
</kw>
<kw name="Log To Console" library="BuiltIn">
<arg>\n\nRetorno: ${response.json()["${campo}"]}</arg>
<doc>Logs the given message to the console.</doc>
<status status="PASS" starttime="20220726 23:31:31.625" endtime="20220726 23:31:31.626"/>
</kw>
<status status="PASS" starttime="20220726 23:31:31.624" endtime="20220726 23:31:31.626"/>
</kw>
<kw name="Validar Status Code &quot;401&quot;" library="common" sourcename="Validar Status Code &quot;${statuscode}&quot;">
<kw name="Should Be True" library="BuiltIn">
<arg>${response.status_code} == ${statuscode}</arg>
<doc>Fails if the given condition is not true.</doc>
<status status="PASS" starttime="20220726 23:31:31.629" endtime="20220726 23:31:31.630"/>
</kw>
<kw name="Log To Console" library="BuiltIn">
<arg>Status Code: ${response.status_code}\n</arg>
<doc>Logs the given message to the console.</doc>
<status status="PASS" starttime="20220726 23:31:31.630" endtime="20220726 23:31:31.631"/>
</kw>
<status status="PASS" starttime="20220726 23:31:31.628" endtime="20220726 23:31:31.632"/>
</kw>
<tag>DELETE401.7</tag>
<status status="PASS" starttime="20220726 23:31:31.588" endtime="20220726 23:31:31.632"/>
</test>
<test id="s1-t25" name="Cenário: DELETE Cancelar Compra com Token Expirado 401" line="217">
<kw name="DELETE Endpoint &quot;/carrinhos/cancelar-compra&quot; Token Expirado" library="carrinhos_keywords" sourcename="DELETE Endpoint &quot;${endpoint}&quot; Token Expirado">
<kw name="Create Dictionary" library="BuiltIn">
<var>${header}</var>
<arg>Authorization=${token_expirado}</arg>
<doc>Creates and returns a dictionary based on the given ``items``.</doc>
<msg timestamp="20220726 23:31:31.635" level="INFO">${header} = {'Authorization': 'Bearer eyJhbGciOiJIUzI1NiIsInR5cCI6IkpXVCJ9.eyJlbWFpbCI6ImV2ZXJtb3JlQGdtYWlsLmNvbSIsInBhc3N3b3JkIjoicmVwdXRhdGlvbiIsImlhdCI6MTY1ODg4Mzk3MywiZXhwIjoxNjU4ODg0NTczfQ.GCSrd-ffbl2Cx2jgMa...</msg>
<status status="PASS" starttime="20220726 23:31:31.634" endtime="20220726 23:31:31.635"/>
</kw>
<kw name="DELETE On Session" library="RequestsLibrary">
<var>${response}</var>
<arg>serverest</arg>
<arg>${endpoint}</arg>
<arg>expected_status=anything</arg>
<arg>headers=${header}</arg>
<doc>Sends a DELETE request on a previously created HTTP Session.</doc>
<msg timestamp="20220726 23:31:31.639" level="INFO">DELETE Request : url=http://localhost:3000/carrinhos/cancelar-compra 
 path_url=/carrinhos/cancelar-compra 
 headers={'User-Agent': 'python-requests/2.28.1', 'Accept-Encoding': 'gzip, deflate', 'Accept': '*/*', 'Connection': 'keep-alive', 'Authorization': 'Bearer eyJhbGciOiJIUzI1NiIsInR5cCI6IkpXVCJ9.eyJlbWFpbCI6ImV2ZXJtb3JlQGdtYWlsLmNvbSIsInBhc3N3b3JkIjoicmVwdXRhdGlvbiIsImlhdCI6MTY1ODg4Mzk3MywiZXhwIjoxNjU4ODg0NTczfQ.GCSrd-ffbl2Cx2jgMa8VCMQ4EuA_qJP61DQJgS_y-Kg', 'Content-Length': '0'} 
 body=None 
 </msg>
<msg timestamp="20220726 23:31:31.639" level="INFO">DELETE Response : url=http://localhost:3000/carrinhos/cancelar-compra 
 status=401, reason=Unauthorized 
 headers={'Access-Control-Allow-Origin': '*', 'x-dns-prefetch-control': 'off', 'x-frame-options': 'SAMEORIGIN', 'strict-transport-security': 'max-age=15552000; includeSubDomains', 'x-download-options': 'noopen', 'x-content-type-options': 'nosniff', 'x-xss-protection': '1; mode=block', 'x-moesif-transaction-id': '8fe01b5a-44cf-4d64-883a-fcb531c57ba2', 'Content-Type': 'application/json; charset=utf-8', 'Content-Length': '103', 'Date': 'Wed, 27 Jul 2022 02:31:31 GMT', 'Connection': 'keep-alive', 'Keep-Alive': 'timeout=5'} 
 body={
    "message": "Token de acesso ausente, inválido, expirado ou usuário do token não existe mais"
} 
 </msg>
<msg timestamp="20220726 23:31:31.639" level="INFO">${response} = &lt;Response [401]&gt;</msg>
<status status="PASS" starttime="20220726 23:31:31.635" endtime="20220726 23:31:31.639"/>
</kw>
<kw name="Set Global Variable" library="BuiltIn">
<arg>${response}</arg>
<doc>Makes a variable available globally in all tests and suites.</doc>
<msg timestamp="20220726 23:31:31.639" level="INFO">${response} = &lt;Response [401]&gt;</msg>
<status status="PASS" starttime="20220726 23:31:31.639" endtime="20220726 23:31:31.639"/>
</kw>
<status status="PASS" starttime="20220726 23:31:31.634" endtime="20220726 23:31:31.639"/>
</kw>
<kw name="Validar message: &quot;Token de acesso ausente, inválido, expirado ou usuário do token não existe mais&quot;" library="common" sourcename="Validar ${campo}: &quot;${mensagem}&quot;">
<kw name="Should Match" library="BuiltIn">
<arg>${response.json()["${campo}"]}</arg>
<arg>${mensagem}</arg>
<doc>Fails if the given ``string`` does not match the given ``pattern``.</doc>
<status status="PASS" starttime="20220726 23:31:31.640" endtime="20220726 23:31:31.641"/>
</kw>
<kw name="Log To Console" library="BuiltIn">
<arg>\n\nRetorno: ${response.json()["${campo}"]}</arg>
<doc>Logs the given message to the console.</doc>
<status status="PASS" starttime="20220726 23:31:31.641" endtime="20220726 23:31:31.643"/>
</kw>
<status status="PASS" starttime="20220726 23:31:31.640" endtime="20220726 23:31:31.643"/>
</kw>
<kw name="Validar Status Code &quot;401&quot;" library="common" sourcename="Validar Status Code &quot;${statuscode}&quot;">
<kw name="Should Be True" library="BuiltIn">
<arg>${response.status_code} == ${statuscode}</arg>
<doc>Fails if the given condition is not true.</doc>
<status status="PASS" starttime="20220726 23:31:31.644" endtime="20220726 23:31:31.645"/>
</kw>
<kw name="Log To Console" library="BuiltIn">
<arg>Status Code: ${response.status_code}\n</arg>
<doc>Logs the given message to the console.</doc>
<status status="PASS" starttime="20220726 23:31:31.645" endtime="20220726 23:31:31.646"/>
</kw>
<status status="PASS" starttime="20220726 23:31:31.643" endtime="20220726 23:31:31.646"/>
</kw>
<tag>DELETE401.8</tag>
<status status="PASS" starttime="20220726 23:31:31.633" endtime="20220726 23:31:31.647"/>
</test>
<doc>Arquivo para Test Cases no Endpoint /carrinhos</doc>
<status status="PASS" starttime="20220726 23:31:30.164" endtime="20220726 23:31:31.649"/>
</suite>
<statistics>
<total>
<stat pass="25" fail="0" skip="0">All Tests</stat>
</total>
<tag>
<stat pass="1" fail="0" skip="0">DELETE200.1</stat>
<stat pass="1" fail="0" skip="0">DELETE200.2</stat>
<stat pass="1" fail="0" skip="0">DELETE200.3</stat>
<stat pass="1" fail="0" skip="0">DELETE200.4</stat>
<stat pass="1" fail="0" skip="0">DELETE401.1</stat>
<stat pass="1" fail="0" skip="0">DELETE401.2</stat>
<stat pass="1" fail="0" skip="0">DELETE401.3</stat>
<stat pass="1" fail="0" skip="0">DELETE401.4</stat>
<stat pass="1" fail="0" skip="0">DELETE401.5</stat>
<stat pass="1" fail="0" skip="0">DELETE401.6</stat>
<stat pass="1" fail="0" skip="0">DELETE401.7</stat>
<stat pass="1" fail="0" skip="0">DELETE401.8</stat>
<stat pass="1" fail="0" skip="0">GET200.1</stat>
<stat pass="1" fail="0" skip="0">GET200.2</stat>
<stat pass="1" fail="0" skip="0">GET400</stat>
<stat pass="1" fail="0" skip="0">POST201</stat>
<stat pass="1" fail="0" skip="0">POST400.1</stat>
<stat pass="1" fail="0" skip="0">POST400.2</stat>
<stat pass="1" fail="0" skip="0">POST400.3</stat>
<stat pass="1" fail="0" skip="0">POST400.4</stat>
<stat pass="1" fail="0" skip="0">POST400.5</stat>
<stat pass="1" fail="0" skip="0">POST401</stat>
<stat pass="1" fail="0" skip="0">POST401.2</stat>
<stat pass="1" fail="0" skip="0">POST401.3</stat>
<stat pass="1" fail="0" skip="0">POST401.4</stat>
</tag>
<suite>
<stat pass="25" fail="0" skip="0" id="s1" name="Carrinhos Testes">Carrinhos Testes</stat>
</suite>
</statistics>
<errors>
</errors>
</robot>
