<?xml version="1.0" encoding="UTF-8"?>
<robot generator="Robot 5.0.1 (Python 3.10.5 on win32)" generated="20220728 11:53:52.402" rpa="false" schemaversion="3">
<suite id="s1" name="Produtos Testes" source="C:\Users\Usuario\Robotron_Beatriz_Jardim_Projeto_Final\tests\produtos_testes.robot">
<kw name="Criar Sessao" library="base" type="SETUP">
<kw name="Create Session" library="RequestsLibrary">
<arg>serverest</arg>
<arg>${BASE_URI}</arg>
<doc>Create Session: create a HTTP session to a server</doc>
<msg timestamp="20220728 11:53:52.957" level="INFO">Creating Session using : alias=serverest, url=http://localhost:3000, headers={},                     cookies={}, auth=None, timeout=None, proxies=None, verify=False,                     debug=0 </msg>
<status status="PASS" starttime="20220728 11:53:52.957" endtime="20220728 11:53:52.958"/>
</kw>
<status status="PASS" starttime="20220728 11:53:52.957" endtime="20220728 11:53:52.958"/>
</kw>
<test id="s1-t1" name="Cenário: GET Todos os Produtos 200" line="10">
<kw name="GET Endpoint /produtos" library="produtos_keywords">
<kw name="GET On Session" library="RequestsLibrary">
<var>${response}</var>
<arg>serverest</arg>
<arg>/produtos</arg>
<doc>Sends a GET request on a previously created HTTP Session.</doc>
<msg timestamp="20220728 11:53:52.967" level="INFO">GET Request : url=http://localhost:3000/produtos 
 path_url=/produtos 
 headers={'User-Agent': 'python-requests/2.28.1', 'Accept-Encoding': 'gzip, deflate', 'Accept': '*/*', 'Connection': 'keep-alive'} 
 body=None 
 </msg>
<msg timestamp="20220728 11:53:52.967" level="INFO">GET Response : url=http://localhost:3000/produtos 
 status=200, reason=OK 
 headers={'Access-Control-Allow-Origin': '*', 'x-dns-prefetch-control': 'off', 'x-frame-options': 'SAMEORIGIN', 'strict-transport-security': 'max-age=15552000; includeSubDomains', 'x-download-options': 'noopen', 'x-content-type-options': 'nosniff', 'x-xss-protection': '1; mode=block', 'x-moesif-transaction-id': '4e2a3bf8-f8bd-4673-8655-e1a52f8e8277', 'Content-Type': 'application/json; charset=utf-8', 'Content-Length': '435', 'Date': 'Thu, 28 Jul 2022 14:53:52 GMT', 'Connection': 'keep-alive', 'Keep-Alive': 'timeout=5'} 
 body={
    "quantidade": 2,
    "produtos": [
        {
            "nome": "Logitech MX Vertical",
            "preco": 470,
            "descricao": "Mouse",
            "quantidade": 381,
            "_id": "BeeJh5lz3k6kSIzA"
        },
        {
            "nome": "Samsung 60 polegadas",
            "preco": 5240,
            "descricao": "TV",
            "quantidade": 49977,
            "_id": "K6leHdftCeOJj8BJ"
        }
    ]
} 
 </msg>
<msg timestamp="20220728 11:53:52.967" level="INFO">${response} = &lt;Response [200]&gt;</msg>
<status status="PASS" starttime="20220728 11:53:52.959" endtime="20220728 11:53:52.967"/>
</kw>
<kw name="Set Global Variable" library="BuiltIn">
<arg>${response}</arg>
<doc>Makes a variable available globally in all tests and suites.</doc>
<msg timestamp="20220728 11:53:52.968" level="INFO">${response} = &lt;Response [200]&gt;</msg>
<status status="PASS" starttime="20220728 11:53:52.967" endtime="20220728 11:53:52.968"/>
</kw>
<status status="PASS" starttime="20220728 11:53:52.959" endtime="20220728 11:53:52.968"/>
</kw>
<kw name="Validar Status Code &quot;200&quot;" library="common" sourcename="Validar Status Code &quot;${statuscode}&quot;">
<kw name="Should Be True" library="BuiltIn">
<arg>${response.status_code} == ${statuscode}</arg>
<doc>Fails if the given condition is not true.</doc>
<status status="PASS" starttime="20220728 11:53:52.969" endtime="20220728 11:53:52.969"/>
</kw>
<kw name="Log To Console" library="BuiltIn">
<arg>Status Code: ${response.status_code}\n</arg>
<doc>Logs the given message to the console.</doc>
<status status="PASS" starttime="20220728 11:53:52.970" endtime="20220728 11:53:52.971"/>
</kw>
<status status="PASS" starttime="20220728 11:53:52.969" endtime="20220728 11:53:52.971"/>
</kw>
<kw name="Produtos Fora De Carrinhos" library="python_library">
<var>${produtos}</var>
<msg timestamp="20220728 11:53:52.979" level="INFO">${produtos} = []</msg>
<status status="PASS" starttime="20220728 11:53:52.971" endtime="20220728 11:53:52.979"/>
</kw>
<kw name="Log To Console" library="BuiltIn">
<arg>Produtos que não estão em nenhum carrinho: ${produtos}</arg>
<doc>Logs the given message to the console.</doc>
<status status="PASS" starttime="20220728 11:53:52.979" endtime="20220728 11:53:52.979"/>
</kw>
<tag>GET200.1</tag>
<status status="PASS" starttime="20220728 11:53:52.959" endtime="20220728 11:53:52.980"/>
</test>
<test id="s1-t2" name="Cenário: GET Produto Específico 200" line="17">
<kw name="GET Endpoint /produtos id &quot;BeeJh5lz3k6kSIzA&quot;" library="produtos_keywords" sourcename="GET Endpoint /produtos id &quot;${id}&quot;">
<kw name="GET On Session" library="RequestsLibrary">
<var>${response}</var>
<arg>serverest</arg>
<arg>/produtos/${id}</arg>
<arg>expected_status=anything</arg>
<doc>Sends a GET request on a previously created HTTP Session.</doc>
<msg timestamp="20220728 11:53:52.988" level="INFO">GET Request : url=http://localhost:3000/produtos/BeeJh5lz3k6kSIzA 
 path_url=/produtos/BeeJh5lz3k6kSIzA 
 headers={'User-Agent': 'python-requests/2.28.1', 'Accept-Encoding': 'gzip, deflate', 'Accept': '*/*', 'Connection': 'keep-alive'} 
 body=None 
 </msg>
<msg timestamp="20220728 11:53:52.988" level="INFO">GET Response : url=http://localhost:3000/produtos/BeeJh5lz3k6kSIzA 
 status=200, reason=OK 
 headers={'Access-Control-Allow-Origin': '*', 'x-dns-prefetch-control': 'off', 'x-frame-options': 'SAMEORIGIN', 'strict-transport-security': 'max-age=15552000; includeSubDomains', 'x-download-options': 'noopen', 'x-content-type-options': 'nosniff', 'x-xss-protection': '1; mode=block', 'x-moesif-transaction-id': '962720b2-57d5-4a00-bcb6-ea3bd9e408c6', 'Content-Type': 'application/json; charset=utf-8', 'Content-Length': '136', 'Date': 'Thu, 28 Jul 2022 14:53:52 GMT', 'Connection': 'keep-alive', 'Keep-Alive': 'timeout=5'} 
 body={
    "nome": "Logitech MX Vertical",
    "preco": 470,
    "descricao": "Mouse",
    "quantidade": 381,
    "_id": "BeeJh5lz3k6kSIzA"
} 
 </msg>
<msg timestamp="20220728 11:53:52.988" level="INFO">${response} = &lt;Response [200]&gt;</msg>
<status status="PASS" starttime="20220728 11:53:52.985" endtime="20220728 11:53:52.988"/>
</kw>
<kw name="Set Global Variable" library="BuiltIn">
<arg>${response}</arg>
<doc>Makes a variable available globally in all tests and suites.</doc>
<msg timestamp="20220728 11:53:52.988" level="INFO">${response} = &lt;Response [200]&gt;</msg>
<status status="PASS" starttime="20220728 11:53:52.988" endtime="20220728 11:53:52.988"/>
</kw>
<status status="PASS" starttime="20220728 11:53:52.983" endtime="20220728 11:53:52.988"/>
</kw>
<kw name="Validar nome: &quot;Logitech MX Vertical&quot;" library="common" sourcename="Validar ${campo}: &quot;${mensagem}&quot;">
<kw name="Should Match" library="BuiltIn">
<arg>${response.json()["${campo}"]}</arg>
<arg>${mensagem}</arg>
<doc>Fails if the given ``string`` does not match the given ``pattern``.</doc>
<status status="PASS" starttime="20220728 11:53:52.989" endtime="20220728 11:53:52.990"/>
</kw>
<kw name="Log To Console" library="BuiltIn">
<arg>\n\nRetorno (${campo}): ${response.json()["${campo}"]}</arg>
<doc>Logs the given message to the console.</doc>
<status status="PASS" starttime="20220728 11:53:52.990" endtime="20220728 11:53:52.991"/>
</kw>
<status status="PASS" starttime="20220728 11:53:52.989" endtime="20220728 11:53:52.991"/>
</kw>
<kw name="Validar Status Code &quot;200&quot;" library="common" sourcename="Validar Status Code &quot;${statuscode}&quot;">
<kw name="Should Be True" library="BuiltIn">
<arg>${response.status_code} == ${statuscode}</arg>
<doc>Fails if the given condition is not true.</doc>
<status status="PASS" starttime="20220728 11:53:52.991" endtime="20220728 11:53:52.992"/>
</kw>
<kw name="Log To Console" library="BuiltIn">
<arg>Status Code: ${response.status_code}\n</arg>
<doc>Logs the given message to the console.</doc>
<status status="PASS" starttime="20220728 11:53:52.992" endtime="20220728 11:53:52.994"/>
</kw>
<status status="PASS" starttime="20220728 11:53:52.991" endtime="20220728 11:53:52.994"/>
</kw>
<tag>GET200.2</tag>
<status status="PASS" starttime="20220728 11:53:52.983" endtime="20220728 11:53:52.994"/>
</test>
<test id="s1-t3" name="Cenário: GET Produto Inexistente 400" line="23">
<kw name="GET Endpoint /produtos id &quot;Inexistente&quot;" library="produtos_keywords" sourcename="GET Endpoint /produtos id &quot;${id}&quot;">
<kw name="GET On Session" library="RequestsLibrary">
<var>${response}</var>
<arg>serverest</arg>
<arg>/produtos/${id}</arg>
<arg>expected_status=anything</arg>
<doc>Sends a GET request on a previously created HTTP Session.</doc>
<msg timestamp="20220728 11:53:53.000" level="INFO">GET Request : url=http://localhost:3000/produtos/Inexistente 
 path_url=/produtos/Inexistente 
 headers={'User-Agent': 'python-requests/2.28.1', 'Accept-Encoding': 'gzip, deflate', 'Accept': '*/*', 'Connection': 'keep-alive'} 
 body=None 
 </msg>
<msg timestamp="20220728 11:53:53.000" level="INFO">GET Response : url=http://localhost:3000/produtos/Inexistente 
 status=400, reason=Bad Request 
 headers={'Access-Control-Allow-Origin': '*', 'x-dns-prefetch-control': 'off', 'x-frame-options': 'SAMEORIGIN', 'strict-transport-security': 'max-age=15552000; includeSubDomains', 'x-download-options': 'noopen', 'x-content-type-options': 'nosniff', 'x-xss-protection': '1; mode=block', 'x-moesif-transaction-id': 'b7052fce-6c4e-4d03-97c9-a4dc0b1ced2e', 'Content-Type': 'application/json; charset=utf-8', 'Content-Length': '44', 'Date': 'Thu, 28 Jul 2022 14:53:52 GMT', 'Connection': 'keep-alive', 'Keep-Alive': 'timeout=5'} 
 body={
    "message": "Produto não encontrado"
} 
 </msg>
<msg timestamp="20220728 11:53:53.000" level="INFO">${response} = &lt;Response [400]&gt;</msg>
<status status="PASS" starttime="20220728 11:53:52.996" endtime="20220728 11:53:53.000"/>
</kw>
<kw name="Set Global Variable" library="BuiltIn">
<arg>${response}</arg>
<doc>Makes a variable available globally in all tests and suites.</doc>
<msg timestamp="20220728 11:53:53.000" level="INFO">${response} = &lt;Response [400]&gt;</msg>
<status status="PASS" starttime="20220728 11:53:53.000" endtime="20220728 11:53:53.000"/>
</kw>
<status status="PASS" starttime="20220728 11:53:52.996" endtime="20220728 11:53:53.000"/>
</kw>
<kw name="Validar message: &quot;Produto não encontrado&quot;" library="common" sourcename="Validar ${campo}: &quot;${mensagem}&quot;">
<kw name="Should Match" library="BuiltIn">
<arg>${response.json()["${campo}"]}</arg>
<arg>${mensagem}</arg>
<doc>Fails if the given ``string`` does not match the given ``pattern``.</doc>
<status status="PASS" starttime="20220728 11:53:53.001" endtime="20220728 11:53:53.002"/>
</kw>
<kw name="Log To Console" library="BuiltIn">
<arg>\n\nRetorno (${campo}): ${response.json()["${campo}"]}</arg>
<doc>Logs the given message to the console.</doc>
<status status="PASS" starttime="20220728 11:53:53.002" endtime="20220728 11:53:53.003"/>
</kw>
<status status="PASS" starttime="20220728 11:53:53.001" endtime="20220728 11:53:53.003"/>
</kw>
<kw name="Validar Status Code &quot;400&quot;" library="common" sourcename="Validar Status Code &quot;${statuscode}&quot;">
<kw name="Should Be True" library="BuiltIn">
<arg>${response.status_code} == ${statuscode}</arg>
<doc>Fails if the given condition is not true.</doc>
<status status="PASS" starttime="20220728 11:53:53.004" endtime="20220728 11:53:53.004"/>
</kw>
<kw name="Log To Console" library="BuiltIn">
<arg>Status Code: ${response.status_code}\n</arg>
<doc>Logs the given message to the console.</doc>
<status status="PASS" starttime="20220728 11:53:53.005" endtime="20220728 11:53:53.006"/>
</kw>
<status status="PASS" starttime="20220728 11:53:53.003" endtime="20220728 11:53:53.006"/>
</kw>
<tag>GET400</tag>
<status status="PASS" starttime="20220728 11:53:52.995" endtime="20220728 11:53:53.007"/>
</test>
<test id="s1-t4" name="Cenário: POST Cadastrar Novo Produto 201" line="31">
<kw name="Fazer Login e Armazenar Token" library="login_keywords">
<arg>valido_sem_carrinho</arg>
<kw name="Fazer Login" library="login_keywords">
<arg>${usuario}</arg>
<kw name="Importar JSON Estatico" library="common">
<var>${json}</var>
<arg>json_login_ex.json</arg>
<kw name="Get File" library="OperatingSystem">
<var>${arquivo}</var>
<arg>${EXECDIR}/../support/fixtures/static/${nome_arquivo}</arg>
<doc>Returns the contents of a specified file.</doc>
<msg timestamp="20220728 11:53:53.011" level="INFO" html="true">Getting file '&lt;a href="file://C:\Users\Usuario\Robotron_Beatriz_Jardim_Projeto_Final\support\fixtures\static\json_login_ex.json"&gt;C:\Users\Usuario\Robotron_Beatriz_Jardim_Projeto_Final\support\fixtures\static\json_login_ex.json&lt;/a&gt;'.</msg>
<msg timestamp="20220728 11:53:53.011" level="INFO">${arquivo} = {
    "login_valido_sem_carrinho":{
        "email": "fulano@qa.com",
        "password": "teste"
    },
    "login_email_invalido":{
        "email":"emailInvalido@gmail.com",
        "password":"tes...</msg>
<status status="PASS" starttime="20220728 11:53:53.011" endtime="20220728 11:53:53.011"/>
</kw>
<kw name="Evaluate" library="BuiltIn">
<var>&amp;{data}</var>
<arg>json.loads('''${arquivo}''')</arg>
<arg>json</arg>
<doc>Evaluates the given expression in Python and returns the result.</doc>
<msg timestamp="20220728 11:53:53.012" level="INFO">&amp;{data} = { login_valido_sem_carrinho={'email': 'fulano@qa.com', 'password': 'teste'} | login_email_invalido={'email': 'emailInvalido@gmail.com', 'password': 'teste'} | login_senha_invalida={'email': 'fulano@qa...</msg>
<status status="PASS" starttime="20220728 11:53:53.011" endtime="20220728 11:53:53.012"/>
</kw>
<msg timestamp="20220728 11:53:53.012" level="INFO">${json} = {'login_valido_sem_carrinho': {'email': 'fulano@qa.com', 'password': 'teste'}, 'login_email_invalido': {'email': 'emailInvalido@gmail.com', 'password': 'teste'}, 'login_senha_invalida': {'email': 'ful...</msg>
<status status="PASS" starttime="20220728 11:53:53.010" endtime="20220728 11:53:53.012"/>
</kw>
<kw name="Set Variable" library="BuiltIn">
<var>${payload}</var>
<arg>${json["login_${estado}"]}</arg>
<doc>Returns the given values which can then be assigned to a variables.</doc>
<msg timestamp="20220728 11:53:53.012" level="INFO">${payload} = {'email': 'fulano@qa.com', 'password': 'teste'}</msg>
<status status="PASS" starttime="20220728 11:53:53.012" endtime="20220728 11:53:53.013"/>
</kw>
<kw name="Set Global Variable" library="BuiltIn">
<arg>${payload}</arg>
<doc>Makes a variable available globally in all tests and suites.</doc>
<msg timestamp="20220728 11:53:53.013" level="INFO">${payload} = {'email': 'fulano@qa.com', 'password': 'teste'}</msg>
<status status="PASS" starttime="20220728 11:53:53.013" endtime="20220728 11:53:53.013"/>
</kw>
<kw name="POST Endpoint /login" library="login_keywords">
<kw name="POST On Session" library="RequestsLibrary">
<var>${response}</var>
<arg>serverest</arg>
<arg>/login</arg>
<arg>json=&amp;{payload}</arg>
<arg>expected_status=anything</arg>
<doc>Sends a POST request on a previously created HTTP Session.</doc>
<msg timestamp="20220728 11:53:53.017" level="INFO">POST Request : url=http://localhost:3000/login 
 path_url=/login 
 headers={'User-Agent': 'python-requests/2.28.1', 'Accept-Encoding': 'gzip, deflate', 'Accept': '*/*', 'Connection': 'keep-alive', 'Content-Length': '47', 'Content-Type': 'application/json'} 
 body=b'{"email": "fulano@qa.com", "password": "teste"}' 
 </msg>
<msg timestamp="20220728 11:53:53.017" level="INFO">POST Response : url=http://localhost:3000/login 
 status=200, reason=OK 
 headers={'Access-Control-Allow-Origin': '*', 'x-dns-prefetch-control': 'off', 'x-frame-options': 'SAMEORIGIN', 'strict-transport-security': 'max-age=15552000; includeSubDomains', 'x-download-options': 'noopen', 'x-content-type-options': 'nosniff', 'x-xss-protection': '1; mode=block', 'x-moesif-transaction-id': '86fda738-38c7-493d-94f1-7b02e6099f2e', 'Content-Type': 'application/json; charset=utf-8', 'Content-Length': '265', 'Date': 'Thu, 28 Jul 2022 14:53:53 GMT', 'Connection': 'keep-alive', 'Keep-Alive': 'timeout=5'} 
 body={
    "message": "Login realizado com sucesso",
    "authorization": "Bearer eyJhbGciOiJIUzI1NiIsInR5cCI6IkpXVCJ9.eyJlbWFpbCI6ImZ1bGFub0BxYS5jb20iLCJwYXNzd29yZCI6InRlc3RlIiwiaWF0IjoxNjU5MDIwMDMzLCJleHAiOjE2NTkwMjA2MzN9.pCUGdgR3n-Lb2C-m4Munb3ko8Z3z8ZYXCEBqh4cMLOg"
} 
 </msg>
<msg timestamp="20220728 11:53:53.017" level="INFO">${response} = &lt;Response [200]&gt;</msg>
<status status="PASS" starttime="20220728 11:53:53.014" endtime="20220728 11:53:53.017"/>
</kw>
<kw name="Set Global Variable" library="BuiltIn">
<arg>${response}</arg>
<doc>Makes a variable available globally in all tests and suites.</doc>
<msg timestamp="20220728 11:53:53.018" level="INFO">${response} = &lt;Response [200]&gt;</msg>
<status status="PASS" starttime="20220728 11:53:53.017" endtime="20220728 11:53:53.018"/>
</kw>
<status status="PASS" starttime="20220728 11:53:53.013" endtime="20220728 11:53:53.018"/>
</kw>
<status status="PASS" starttime="20220728 11:53:53.010" endtime="20220728 11:53:53.018"/>
</kw>
<kw name="Validar Ter Logado" library="login_keywords">
<kw name="Should Be Equal" library="BuiltIn">
<arg>${response.json()["message"]}</arg>
<arg>Login realizado com sucesso</arg>
<doc>Fails if the given objects are unequal.</doc>
<status status="PASS" starttime="20220728 11:53:53.018" endtime="20220728 11:53:53.019"/>
</kw>
<kw name="Should Not Be Empty" library="BuiltIn">
<arg>${response.json()["authorization"]}</arg>
<doc>Verifies that the given item is not empty.</doc>
<msg timestamp="20220728 11:53:53.019" level="INFO">Length is 192</msg>
<status status="PASS" starttime="20220728 11:53:53.019" endtime="20220728 11:53:53.019"/>
</kw>
<status status="PASS" starttime="20220728 11:53:53.018" endtime="20220728 11:53:53.019"/>
</kw>
<kw name="Set Variable" library="BuiltIn">
<var>${token_auth}</var>
<arg>${response.json()["authorization"]}</arg>
<doc>Returns the given values which can then be assigned to a variables.</doc>
<msg timestamp="20220728 11:53:53.020" level="INFO">${token_auth} = Bearer eyJhbGciOiJIUzI1NiIsInR5cCI6IkpXVCJ9.eyJlbWFpbCI6ImZ1bGFub0BxYS5jb20iLCJwYXNzd29yZCI6InRlc3RlIiwiaWF0IjoxNjU5MDIwMDMzLCJleHAiOjE2NTkwMjA2MzN9.pCUGdgR3n-Lb2C-m4Munb3ko8Z3z8ZYXCEBqh4cMLOg</msg>
<status status="PASS" starttime="20220728 11:53:53.020" endtime="20220728 11:53:53.020"/>
</kw>
<kw name="Set Global Variable" library="BuiltIn">
<arg>${token_auth}</arg>
<doc>Makes a variable available globally in all tests and suites.</doc>
<msg timestamp="20220728 11:53:53.020" level="INFO">${token_auth} = Bearer eyJhbGciOiJIUzI1NiIsInR5cCI6IkpXVCJ9.eyJlbWFpbCI6ImZ1bGFub0BxYS5jb20iLCJwYXNzd29yZCI6InRlc3RlIiwiaWF0IjoxNjU5MDIwMDMzLCJleHAiOjE2NTkwMjA2MzN9.pCUGdgR3n-Lb2C-m4Munb3ko8Z3z8ZYXCEBqh4cMLOg</msg>
<status status="PASS" starttime="20220728 11:53:53.020" endtime="20220728 11:53:53.020"/>
</kw>
<status status="PASS" starttime="20220728 11:53:53.010" endtime="20220728 11:53:53.021"/>
</kw>
<kw name="Criar Dados Produto Valido" library="dynamics">
<kw name="Name" library="FakerLibrary">
<var>${nome}</var>
<doc>:example 'John Doe'</doc>
<msg timestamp="20220728 11:53:53.022" level="INFO">${nome} = Scott Fields</msg>
<status status="PASS" starttime="20220728 11:53:53.022" endtime="20220728 11:53:53.022"/>
</kw>
<kw name="Random Int" library="FakerLibrary">
<var>${preco}</var>
<arg>max=9999</arg>
<doc>Generate a random integer between two integers ``min`` and ``max`` inclusive
while observing the provided ``step`` value.</doc>
<msg timestamp="20220728 11:53:53.023" level="INFO">${preco} = 6720</msg>
<status status="PASS" starttime="20220728 11:53:53.022" endtime="20220728 11:53:53.023"/>
</kw>
<kw name="Text" library="FakerLibrary">
<var>${desc}</var>
<arg>max_nb_chars=25</arg>
<doc>Generate a text string.</doc>
<msg timestamp="20220728 11:53:53.023" level="INFO">${desc} = Run age why detail.</msg>
<status status="PASS" starttime="20220728 11:53:53.023" endtime="20220728 11:53:53.023"/>
</kw>
<kw name="Random Int" library="FakerLibrary">
<var>${qnt}</var>
<arg>max=999</arg>
<doc>Generate a random integer between two integers ``min`` and ``max`` inclusive
while observing the provided ``step`` value.</doc>
<msg timestamp="20220728 11:53:53.024" level="INFO">${qnt} = 848</msg>
<status status="PASS" starttime="20220728 11:53:53.024" endtime="20220728 11:53:53.024"/>
</kw>
<kw name="Create Dictionary" library="BuiltIn">
<var>${payload}</var>
<arg>nome=${nome}</arg>
<arg>preco=${preco}</arg>
<arg>descricao=${desc}</arg>
<arg>quantidade=${qnt}</arg>
<doc>Creates and returns a dictionary based on the given ``items``.</doc>
<msg timestamp="20220728 11:53:53.024" level="INFO">${payload} = {'nome': 'Scott Fields', 'preco': 6720, 'descricao': 'Run age why detail.', 'quantidade': 848}</msg>
<status status="PASS" starttime="20220728 11:53:53.024" endtime="20220728 11:53:53.024"/>
</kw>
<kw name="Set Global Variable" library="BuiltIn">
<arg>${payload}</arg>
<doc>Makes a variable available globally in all tests and suites.</doc>
<msg timestamp="20220728 11:53:53.024" level="INFO">${payload} = {'nome': 'Scott Fields', 'preco': 6720, 'descricao': 'Run age why detail.', 'quantidade': 848}</msg>
<status status="PASS" starttime="20220728 11:53:53.024" endtime="20220728 11:53:53.025"/>
</kw>
<status status="PASS" starttime="20220728 11:53:53.022" endtime="20220728 11:53:53.025"/>
</kw>
<kw name="POST Endpoint /produtos" library="produtos_keywords">
<kw name="Create Dictionary" library="BuiltIn">
<var>&amp;{header}</var>
<arg>Authorization=${token_auth}</arg>
<doc>Creates and returns a dictionary based on the given ``items``.</doc>
<msg timestamp="20220728 11:53:53.026" level="INFO">&amp;{header} = { Authorization=Bearer eyJhbGciOiJIUzI1NiIsInR5cCI6IkpXVCJ9.eyJlbWFpbCI6ImZ1bGFub0BxYS5jb20iLCJwYXNzd29yZCI6InRlc3RlIiwiaWF0IjoxNjU5MDIwMDMzLCJleHAiOjE2NTkwMjA2MzN9.pCUGdgR3n-Lb2C-m4Munb3ko8Z3z8ZYXCEB...</msg>
<status status="PASS" starttime="20220728 11:53:53.025" endtime="20220728 11:53:53.026"/>
</kw>
<kw name="POST On Session" library="RequestsLibrary">
<var>${response}</var>
<arg>serverest</arg>
<arg>/produtos</arg>
<arg>json=${payload}</arg>
<arg>expected_status=anything</arg>
<arg>headers=${header}</arg>
<doc>Sends a POST request on a previously created HTTP Session.</doc>
<msg timestamp="20220728 11:53:53.030" level="INFO">POST Request : url=http://localhost:3000/produtos 
 path_url=/produtos 
 headers={'User-Agent': 'python-requests/2.28.1', 'Accept-Encoding': 'gzip, deflate', 'Accept': '*/*', 'Connection': 'keep-alive', 'Authorization': 'Bearer eyJhbGciOiJIUzI1NiIsInR5cCI6IkpXVCJ9.eyJlbWFpbCI6ImZ1bGFub0BxYS5jb20iLCJwYXNzd29yZCI6InRlc3RlIiwiaWF0IjoxNjU5MDIwMDMzLCJleHAiOjE2NTkwMjA2MzN9.pCUGdgR3n-Lb2C-m4Munb3ko8Z3z8ZYXCEBqh4cMLOg', 'Content-Length': '94', 'Content-Type': 'application/json'} 
 body=b'{"nome": "Scott Fields", "preco": 6720, "descricao": "Run age why detail.", "quantidade": 848}' 
 </msg>
<msg timestamp="20220728 11:53:53.030" level="INFO">POST Response : url=http://localhost:3000/produtos 
 status=201, reason=Created 
 headers={'Access-Control-Allow-Origin': '*', 'x-dns-prefetch-control': 'off', 'x-frame-options': 'SAMEORIGIN', 'strict-transport-security': 'max-age=15552000; includeSubDomains', 'x-download-options': 'noopen', 'x-content-type-options': 'nosniff', 'x-xss-protection': '1; mode=block', 'x-moesif-transaction-id': '482d5432-fa9c-4d3e-a38e-7e751dfe3ffc', 'Content-Type': 'application/json; charset=utf-8', 'Content-Length': '82', 'Date': 'Thu, 28 Jul 2022 14:53:53 GMT', 'Connection': 'keep-alive', 'Keep-Alive': 'timeout=5'} 
 body={
    "message": "Cadastro realizado com sucesso",
    "_id": "1Hw3MyG0SyUAumyR"
} 
 </msg>
<msg timestamp="20220728 11:53:53.030" level="INFO">${response} = &lt;Response [201]&gt;</msg>
<status status="PASS" starttime="20220728 11:53:53.026" endtime="20220728 11:53:53.030"/>
</kw>
<kw name="Set Global Variable" library="BuiltIn">
<arg>${response}</arg>
<doc>Makes a variable available globally in all tests and suites.</doc>
<msg timestamp="20220728 11:53:53.031" level="INFO">${response} = &lt;Response [201]&gt;</msg>
<status status="PASS" starttime="20220728 11:53:53.030" endtime="20220728 11:53:53.031"/>
</kw>
<status status="PASS" starttime="20220728 11:53:53.025" endtime="20220728 11:53:53.031"/>
</kw>
<kw name="Validar message: &quot;Cadastro realizado com sucesso&quot;" library="common" sourcename="Validar ${campo}: &quot;${mensagem}&quot;">
<kw name="Should Match" library="BuiltIn">
<arg>${response.json()["${campo}"]}</arg>
<arg>${mensagem}</arg>
<doc>Fails if the given ``string`` does not match the given ``pattern``.</doc>
<status status="PASS" starttime="20220728 11:53:53.032" endtime="20220728 11:53:53.032"/>
</kw>
<kw name="Log To Console" library="BuiltIn">
<arg>\n\nRetorno (${campo}): ${response.json()["${campo}"]}</arg>
<doc>Logs the given message to the console.</doc>
<status status="PASS" starttime="20220728 11:53:53.033" endtime="20220728 11:53:53.033"/>
</kw>
<status status="PASS" starttime="20220728 11:53:53.032" endtime="20220728 11:53:53.034"/>
</kw>
<kw name="Validar Status Code &quot;201&quot;" library="common" sourcename="Validar Status Code &quot;${statuscode}&quot;">
<kw name="Should Be True" library="BuiltIn">
<arg>${response.status_code} == ${statuscode}</arg>
<doc>Fails if the given condition is not true.</doc>
<status status="PASS" starttime="20220728 11:53:53.034" endtime="20220728 11:53:53.035"/>
</kw>
<kw name="Log To Console" library="BuiltIn">
<arg>Status Code: ${response.status_code}\n</arg>
<doc>Logs the given message to the console.</doc>
<status status="PASS" starttime="20220728 11:53:53.035" endtime="20220728 11:53:53.037"/>
</kw>
<status status="PASS" starttime="20220728 11:53:53.034" endtime="20220728 11:53:53.037"/>
</kw>
<kw name="DELETE id &quot;${response.json()[&quot;_id&quot;]}&quot;" library="produtos_keywords" sourcename="DELETE id &quot;${id}&quot;">
<kw name="Create Dictionary" library="BuiltIn">
<var>${header}</var>
<arg>Authorization=${token_auth}</arg>
<doc>Creates and returns a dictionary based on the given ``items``.</doc>
<msg timestamp="20220728 11:53:53.038" level="INFO">${header} = {'Authorization': 'Bearer eyJhbGciOiJIUzI1NiIsInR5cCI6IkpXVCJ9.eyJlbWFpbCI6ImZ1bGFub0BxYS5jb20iLCJwYXNzd29yZCI6InRlc3RlIiwiaWF0IjoxNjU5MDIwMDMzLCJleHAiOjE2NTkwMjA2MzN9.pCUGdgR3n-Lb2C-m4Munb3ko8Z3z8ZYX...</msg>
<status status="PASS" starttime="20220728 11:53:53.038" endtime="20220728 11:53:53.038"/>
</kw>
<kw name="DELETE On Session" library="RequestsLibrary">
<var>${response}</var>
<arg>serverest</arg>
<arg>/produtos/${id}</arg>
<arg>expected_status=anything</arg>
<arg>headers=${header}</arg>
<doc>Sends a DELETE request on a previously created HTTP Session.</doc>
<msg timestamp="20220728 11:53:53.042" level="INFO">DELETE Request : url=http://localhost:3000/produtos/1Hw3MyG0SyUAumyR 
 path_url=/produtos/1Hw3MyG0SyUAumyR 
 headers={'User-Agent': 'python-requests/2.28.1', 'Accept-Encoding': 'gzip, deflate', 'Accept': '*/*', 'Connection': 'keep-alive', 'Authorization': 'Bearer eyJhbGciOiJIUzI1NiIsInR5cCI6IkpXVCJ9.eyJlbWFpbCI6ImZ1bGFub0BxYS5jb20iLCJwYXNzd29yZCI6InRlc3RlIiwiaWF0IjoxNjU5MDIwMDMzLCJleHAiOjE2NTkwMjA2MzN9.pCUGdgR3n-Lb2C-m4Munb3ko8Z3z8ZYXCEBqh4cMLOg', 'Content-Length': '0'} 
 body=None 
 </msg>
<msg timestamp="20220728 11:53:53.042" level="INFO">DELETE Response : url=http://localhost:3000/produtos/1Hw3MyG0SyUAumyR 
 status=200, reason=OK 
 headers={'Access-Control-Allow-Origin': '*', 'x-dns-prefetch-control': 'off', 'x-frame-options': 'SAMEORIGIN', 'strict-transport-security': 'max-age=15552000; includeSubDomains', 'x-download-options': 'noopen', 'x-content-type-options': 'nosniff', 'x-xss-protection': '1; mode=block', 'x-moesif-transaction-id': 'de89f391-3394-42ac-962d-1cfcdc92cd47', 'Content-Type': 'application/json; charset=utf-8', 'Content-Length': '51', 'Date': 'Thu, 28 Jul 2022 14:53:53 GMT', 'Connection': 'keep-alive', 'Keep-Alive': 'timeout=5'} 
 body={
    "message": "Registro excluído com sucesso"
} 
 </msg>
<msg timestamp="20220728 11:53:53.042" level="INFO">${response} = &lt;Response [200]&gt;</msg>
<status status="PASS" starttime="20220728 11:53:53.039" endtime="20220728 11:53:53.042"/>
</kw>
<kw name="Set Global Variable" library="BuiltIn">
<arg>${response}</arg>
<doc>Makes a variable available globally in all tests and suites.</doc>
<msg timestamp="20220728 11:53:53.043" level="INFO">${response} = &lt;Response [200]&gt;</msg>
<status status="PASS" starttime="20220728 11:53:53.043" endtime="20220728 11:53:53.043"/>
</kw>
<status status="PASS" starttime="20220728 11:53:53.037" endtime="20220728 11:53:53.043"/>
</kw>
<tag>POST201</tag>
<status status="PASS" starttime="20220728 11:53:53.009" endtime="20220728 11:53:53.043"/>
</test>
<test id="s1-t5" name="Cenário: POST Cadastrar Produto Existente 400" line="40">
<kw name="Fazer Login e Armazenar Token" library="login_keywords">
<arg>valido_sem_carrinho</arg>
<kw name="Fazer Login" library="login_keywords">
<arg>${usuario}</arg>
<kw name="Importar JSON Estatico" library="common">
<var>${json}</var>
<arg>json_login_ex.json</arg>
<kw name="Get File" library="OperatingSystem">
<var>${arquivo}</var>
<arg>${EXECDIR}/../support/fixtures/static/${nome_arquivo}</arg>
<doc>Returns the contents of a specified file.</doc>
<msg timestamp="20220728 11:53:53.047" level="INFO" html="true">Getting file '&lt;a href="file://C:\Users\Usuario\Robotron_Beatriz_Jardim_Projeto_Final\support\fixtures\static\json_login_ex.json"&gt;C:\Users\Usuario\Robotron_Beatriz_Jardim_Projeto_Final\support\fixtures\static\json_login_ex.json&lt;/a&gt;'.</msg>
<msg timestamp="20220728 11:53:53.048" level="INFO">${arquivo} = {
    "login_valido_sem_carrinho":{
        "email": "fulano@qa.com",
        "password": "teste"
    },
    "login_email_invalido":{
        "email":"emailInvalido@gmail.com",
        "password":"tes...</msg>
<status status="PASS" starttime="20220728 11:53:53.046" endtime="20220728 11:53:53.048"/>
</kw>
<kw name="Evaluate" library="BuiltIn">
<var>&amp;{data}</var>
<arg>json.loads('''${arquivo}''')</arg>
<arg>json</arg>
<doc>Evaluates the given expression in Python and returns the result.</doc>
<msg timestamp="20220728 11:53:53.048" level="INFO">&amp;{data} = { login_valido_sem_carrinho={'email': 'fulano@qa.com', 'password': 'teste'} | login_email_invalido={'email': 'emailInvalido@gmail.com', 'password': 'teste'} | login_senha_invalida={'email': 'fulano@qa...</msg>
<status status="PASS" starttime="20220728 11:53:53.048" endtime="20220728 11:53:53.048"/>
</kw>
<msg timestamp="20220728 11:53:53.048" level="INFO">${json} = {'login_valido_sem_carrinho': {'email': 'fulano@qa.com', 'password': 'teste'}, 'login_email_invalido': {'email': 'emailInvalido@gmail.com', 'password': 'teste'}, 'login_senha_invalida': {'email': 'ful...</msg>
<status status="PASS" starttime="20220728 11:53:53.046" endtime="20220728 11:53:53.048"/>
</kw>
<kw name="Set Variable" library="BuiltIn">
<var>${payload}</var>
<arg>${json["login_${estado}"]}</arg>
<doc>Returns the given values which can then be assigned to a variables.</doc>
<msg timestamp="20220728 11:53:53.049" level="INFO">${payload} = {'email': 'fulano@qa.com', 'password': 'teste'}</msg>
<status status="PASS" starttime="20220728 11:53:53.048" endtime="20220728 11:53:53.049"/>
</kw>
<kw name="Set Global Variable" library="BuiltIn">
<arg>${payload}</arg>
<doc>Makes a variable available globally in all tests and suites.</doc>
<msg timestamp="20220728 11:53:53.049" level="INFO">${payload} = {'email': 'fulano@qa.com', 'password': 'teste'}</msg>
<status status="PASS" starttime="20220728 11:53:53.049" endtime="20220728 11:53:53.049"/>
</kw>
<kw name="POST Endpoint /login" library="login_keywords">
<kw name="POST On Session" library="RequestsLibrary">
<var>${response}</var>
<arg>serverest</arg>
<arg>/login</arg>
<arg>json=&amp;{payload}</arg>
<arg>expected_status=anything</arg>
<doc>Sends a POST request on a previously created HTTP Session.</doc>
<msg timestamp="20220728 11:53:53.052" level="INFO">POST Request : url=http://localhost:3000/login 
 path_url=/login 
 headers={'User-Agent': 'python-requests/2.28.1', 'Accept-Encoding': 'gzip, deflate', 'Accept': '*/*', 'Connection': 'keep-alive', 'Content-Length': '47', 'Content-Type': 'application/json'} 
 body=b'{"email": "fulano@qa.com", "password": "teste"}' 
 </msg>
<msg timestamp="20220728 11:53:53.053" level="INFO">POST Response : url=http://localhost:3000/login 
 status=200, reason=OK 
 headers={'Access-Control-Allow-Origin': '*', 'x-dns-prefetch-control': 'off', 'x-frame-options': 'SAMEORIGIN', 'strict-transport-security': 'max-age=15552000; includeSubDomains', 'x-download-options': 'noopen', 'x-content-type-options': 'nosniff', 'x-xss-protection': '1; mode=block', 'x-moesif-transaction-id': 'dd11a3b6-a7de-4daa-a614-d15808125fd5', 'Content-Type': 'application/json; charset=utf-8', 'Content-Length': '265', 'Date': 'Thu, 28 Jul 2022 14:53:53 GMT', 'Connection': 'keep-alive', 'Keep-Alive': 'timeout=5'} 
 body={
    "message": "Login realizado com sucesso",
    "authorization": "Bearer eyJhbGciOiJIUzI1NiIsInR5cCI6IkpXVCJ9.eyJlbWFpbCI6ImZ1bGFub0BxYS5jb20iLCJwYXNzd29yZCI6InRlc3RlIiwiaWF0IjoxNjU5MDIwMDMzLCJleHAiOjE2NTkwMjA2MzN9.pCUGdgR3n-Lb2C-m4Munb3ko8Z3z8ZYXCEBqh4cMLOg"
} 
 </msg>
<msg timestamp="20220728 11:53:53.053" level="INFO">${response} = &lt;Response [200]&gt;</msg>
<status status="PASS" starttime="20220728 11:53:53.049" endtime="20220728 11:53:53.053"/>
</kw>
<kw name="Set Global Variable" library="BuiltIn">
<arg>${response}</arg>
<doc>Makes a variable available globally in all tests and suites.</doc>
<msg timestamp="20220728 11:53:53.053" level="INFO">${response} = &lt;Response [200]&gt;</msg>
<status status="PASS" starttime="20220728 11:53:53.053" endtime="20220728 11:53:53.053"/>
</kw>
<status status="PASS" starttime="20220728 11:53:53.049" endtime="20220728 11:53:53.053"/>
</kw>
<status status="PASS" starttime="20220728 11:53:53.046" endtime="20220728 11:53:53.053"/>
</kw>
<kw name="Validar Ter Logado" library="login_keywords">
<kw name="Should Be Equal" library="BuiltIn">
<arg>${response.json()["message"]}</arg>
<arg>Login realizado com sucesso</arg>
<doc>Fails if the given objects are unequal.</doc>
<status status="PASS" starttime="20220728 11:53:53.054" endtime="20220728 11:53:53.054"/>
</kw>
<kw name="Should Not Be Empty" library="BuiltIn">
<arg>${response.json()["authorization"]}</arg>
<doc>Verifies that the given item is not empty.</doc>
<msg timestamp="20220728 11:53:53.055" level="INFO">Length is 192</msg>
<status status="PASS" starttime="20220728 11:53:53.054" endtime="20220728 11:53:53.055"/>
</kw>
<status status="PASS" starttime="20220728 11:53:53.053" endtime="20220728 11:53:53.055"/>
</kw>
<kw name="Set Variable" library="BuiltIn">
<var>${token_auth}</var>
<arg>${response.json()["authorization"]}</arg>
<doc>Returns the given values which can then be assigned to a variables.</doc>
<msg timestamp="20220728 11:53:53.056" level="INFO">${token_auth} = Bearer eyJhbGciOiJIUzI1NiIsInR5cCI6IkpXVCJ9.eyJlbWFpbCI6ImZ1bGFub0BxYS5jb20iLCJwYXNzd29yZCI6InRlc3RlIiwiaWF0IjoxNjU5MDIwMDMzLCJleHAiOjE2NTkwMjA2MzN9.pCUGdgR3n-Lb2C-m4Munb3ko8Z3z8ZYXCEBqh4cMLOg</msg>
<status status="PASS" starttime="20220728 11:53:53.055" endtime="20220728 11:53:53.056"/>
</kw>
<kw name="Set Global Variable" library="BuiltIn">
<arg>${token_auth}</arg>
<doc>Makes a variable available globally in all tests and suites.</doc>
<msg timestamp="20220728 11:53:53.056" level="INFO">${token_auth} = Bearer eyJhbGciOiJIUzI1NiIsInR5cCI6IkpXVCJ9.eyJlbWFpbCI6ImZ1bGFub0BxYS5jb20iLCJwYXNzd29yZCI6InRlc3RlIiwiaWF0IjoxNjU5MDIwMDMzLCJleHAiOjE2NTkwMjA2MzN9.pCUGdgR3n-Lb2C-m4Munb3ko8Z3z8ZYXCEBqh4cMLOg</msg>
<status status="PASS" starttime="20220728 11:53:53.056" endtime="20220728 11:53:53.056"/>
</kw>
<status status="PASS" starttime="20220728 11:53:53.045" endtime="20220728 11:53:53.056"/>
</kw>
<kw name="Pega Produto Estatico" library="produtos_keywords">
<arg>invalido</arg>
<kw name="Importar JSON Estatico" library="common">
<var>${json}</var>
<arg>json_produtos_ex.json</arg>
<kw name="Get File" library="OperatingSystem">
<var>${arquivo}</var>
<arg>${EXECDIR}/../support/fixtures/static/${nome_arquivo}</arg>
<doc>Returns the contents of a specified file.</doc>
<msg timestamp="20220728 11:53:53.057" level="INFO" html="true">Getting file '&lt;a href="file://C:\Users\Usuario\Robotron_Beatriz_Jardim_Projeto_Final\support\fixtures\static\json_produtos_ex.json"&gt;C:\Users\Usuario\Robotron_Beatriz_Jardim_Projeto_Final\support\fixtures\static\json_produtos_ex.json&lt;/a&gt;'.</msg>
<msg timestamp="20220728 11:53:53.058" level="INFO">${arquivo} = {
  "produto_default":{
    "nome": "Logitech MX Vertical",
    "preco": 470,
    "descricao": "Mouse",
    "quantidade": 381
    },
  "produto_valido":{
    "nome": "IPhone 13 - 128GB",
    "preco": ...</msg>
<status status="PASS" starttime="20220728 11:53:53.057" endtime="20220728 11:53:53.058"/>
</kw>
<kw name="Evaluate" library="BuiltIn">
<var>&amp;{data}</var>
<arg>json.loads('''${arquivo}''')</arg>
<arg>json</arg>
<doc>Evaluates the given expression in Python and returns the result.</doc>
<msg timestamp="20220728 11:53:53.058" level="INFO">&amp;{data} = { produto_default={'nome': 'Logitech MX Vertical', 'preco': 470, 'descricao': 'Mouse', 'quantidade': 381} | produto_valido={'nome': 'IPhone 13 - 128GB', 'preco': 5060, 'descricao': 'Celular', 'quantid...</msg>
<status status="PASS" starttime="20220728 11:53:53.058" endtime="20220728 11:53:53.058"/>
</kw>
<msg timestamp="20220728 11:53:53.059" level="INFO">${json} = {'produto_default': {'nome': 'Logitech MX Vertical', 'preco': 470, 'descricao': 'Mouse', 'quantidade': 381}, 'produto_valido': {'nome': 'IPhone 13 - 128GB', 'preco': 5060, 'descricao': 'Celular', 'qua...</msg>
<status status="PASS" starttime="20220728 11:53:53.057" endtime="20220728 11:53:53.059"/>
</kw>
<kw name="Set Variable" library="BuiltIn">
<var>${payload}</var>
<arg>${json["produto_${estado}"]}</arg>
<doc>Returns the given values which can then be assigned to a variables.</doc>
<msg timestamp="20220728 11:53:53.059" level="INFO">${payload} = {'nome': 'Logitech MX Vertical', 'preco': 2080, 'descricao': 'Mouse Preto', 'quantidade': 248}</msg>
<status status="PASS" starttime="20220728 11:53:53.059" endtime="20220728 11:53:53.059"/>
</kw>
<kw name="Set Global Variable" library="BuiltIn">
<arg>${payload}</arg>
<doc>Makes a variable available globally in all tests and suites.</doc>
<msg timestamp="20220728 11:53:53.060" level="INFO">${payload} = {'nome': 'Logitech MX Vertical', 'preco': 2080, 'descricao': 'Mouse Preto', 'quantidade': 248}</msg>
<status status="PASS" starttime="20220728 11:53:53.059" endtime="20220728 11:53:53.060"/>
</kw>
<status status="PASS" starttime="20220728 11:53:53.057" endtime="20220728 11:53:53.060"/>
</kw>
<kw name="POST Endpoint /produtos" library="produtos_keywords">
<kw name="Create Dictionary" library="BuiltIn">
<var>&amp;{header}</var>
<arg>Authorization=${token_auth}</arg>
<doc>Creates and returns a dictionary based on the given ``items``.</doc>
<msg timestamp="20220728 11:53:53.060" level="INFO">&amp;{header} = { Authorization=Bearer eyJhbGciOiJIUzI1NiIsInR5cCI6IkpXVCJ9.eyJlbWFpbCI6ImZ1bGFub0BxYS5jb20iLCJwYXNzd29yZCI6InRlc3RlIiwiaWF0IjoxNjU5MDIwMDMzLCJleHAiOjE2NTkwMjA2MzN9.pCUGdgR3n-Lb2C-m4Munb3ko8Z3z8ZYXCEB...</msg>
<status status="PASS" starttime="20220728 11:53:53.060" endtime="20220728 11:53:53.061"/>
</kw>
<kw name="POST On Session" library="RequestsLibrary">
<var>${response}</var>
<arg>serverest</arg>
<arg>/produtos</arg>
<arg>json=${payload}</arg>
<arg>expected_status=anything</arg>
<arg>headers=${header}</arg>
<doc>Sends a POST request on a previously created HTTP Session.</doc>
<msg timestamp="20220728 11:53:53.065" level="INFO">POST Request : url=http://localhost:3000/produtos 
 path_url=/produtos 
 headers={'User-Agent': 'python-requests/2.28.1', 'Accept-Encoding': 'gzip, deflate', 'Accept': '*/*', 'Connection': 'keep-alive', 'Authorization': 'Bearer eyJhbGciOiJIUzI1NiIsInR5cCI6IkpXVCJ9.eyJlbWFpbCI6ImZ1bGFub0BxYS5jb20iLCJwYXNzd29yZCI6InRlc3RlIiwiaWF0IjoxNjU5MDIwMDMzLCJleHAiOjE2NTkwMjA2MzN9.pCUGdgR3n-Lb2C-m4Munb3ko8Z3z8ZYXCEBqh4cMLOg', 'Content-Length': '94', 'Content-Type': 'application/json'} 
 body=b'{"nome": "Logitech MX Vertical", "preco": 2080, "descricao": "Mouse Preto", "quantidade": 248}' 
 </msg>
<msg timestamp="20220728 11:53:53.065" level="INFO">POST Response : url=http://localhost:3000/produtos 
 status=400, reason=Bad Request 
 headers={'Access-Control-Allow-Origin': '*', 'x-dns-prefetch-control': 'off', 'x-frame-options': 'SAMEORIGIN', 'strict-transport-security': 'max-age=15552000; includeSubDomains', 'x-download-options': 'noopen', 'x-content-type-options': 'nosniff', 'x-xss-protection': '1; mode=block', 'x-moesif-transaction-id': '854f31f1-8783-4af4-87ef-c5b3e03d0446', 'Content-Type': 'application/json; charset=utf-8', 'Content-Length': '53', 'Date': 'Thu, 28 Jul 2022 14:53:53 GMT', 'Connection': 'keep-alive', 'Keep-Alive': 'timeout=5'} 
 body={
    "message": "Já existe produto com esse nome"
} 
 </msg>
<msg timestamp="20220728 11:53:53.065" level="INFO">${response} = &lt;Response [400]&gt;</msg>
<status status="PASS" starttime="20220728 11:53:53.061" endtime="20220728 11:53:53.065"/>
</kw>
<kw name="Set Global Variable" library="BuiltIn">
<arg>${response}</arg>
<doc>Makes a variable available globally in all tests and suites.</doc>
<msg timestamp="20220728 11:53:53.065" level="INFO">${response} = &lt;Response [400]&gt;</msg>
<status status="PASS" starttime="20220728 11:53:53.065" endtime="20220728 11:53:53.065"/>
</kw>
<status status="PASS" starttime="20220728 11:53:53.060" endtime="20220728 11:53:53.066"/>
</kw>
<kw name="Validar message: &quot;Já existe produto com esse nome&quot;" library="common" sourcename="Validar ${campo}: &quot;${mensagem}&quot;">
<kw name="Should Match" library="BuiltIn">
<arg>${response.json()["${campo}"]}</arg>
<arg>${mensagem}</arg>
<doc>Fails if the given ``string`` does not match the given ``pattern``.</doc>
<status status="PASS" starttime="20220728 11:53:53.066" endtime="20220728 11:53:53.067"/>
</kw>
<kw name="Log To Console" library="BuiltIn">
<arg>\n\nRetorno (${campo}): ${response.json()["${campo}"]}</arg>
<doc>Logs the given message to the console.</doc>
<status status="PASS" starttime="20220728 11:53:53.068" endtime="20220728 11:53:53.068"/>
</kw>
<status status="PASS" starttime="20220728 11:53:53.066" endtime="20220728 11:53:53.069"/>
</kw>
<kw name="Validar Status Code &quot;400&quot;" library="common" sourcename="Validar Status Code &quot;${statuscode}&quot;">
<kw name="Should Be True" library="BuiltIn">
<arg>${response.status_code} == ${statuscode}</arg>
<doc>Fails if the given condition is not true.</doc>
<status status="PASS" starttime="20220728 11:53:53.070" endtime="20220728 11:53:53.071"/>
</kw>
<kw name="Log To Console" library="BuiltIn">
<arg>Status Code: ${response.status_code}\n</arg>
<doc>Logs the given message to the console.</doc>
<status status="PASS" starttime="20220728 11:53:53.071" endtime="20220728 11:53:53.072"/>
</kw>
<status status="PASS" starttime="20220728 11:53:53.069" endtime="20220728 11:53:53.072"/>
</kw>
<tag>POST400.1</tag>
<status status="PASS" starttime="20220728 11:53:53.045" endtime="20220728 11:53:53.072"/>
</test>
<test id="s1-t6" name="Cenário: POST Cadastrar Produto sem Nome 400" line="48">
<kw name="Fazer Login e Armazenar Token" library="login_keywords">
<arg>valido_sem_carrinho</arg>
<kw name="Fazer Login" library="login_keywords">
<arg>${usuario}</arg>
<kw name="Importar JSON Estatico" library="common">
<var>${json}</var>
<arg>json_login_ex.json</arg>
<kw name="Get File" library="OperatingSystem">
<var>${arquivo}</var>
<arg>${EXECDIR}/../support/fixtures/static/${nome_arquivo}</arg>
<doc>Returns the contents of a specified file.</doc>
<msg timestamp="20220728 11:53:53.075" level="INFO" html="true">Getting file '&lt;a href="file://C:\Users\Usuario\Robotron_Beatriz_Jardim_Projeto_Final\support\fixtures\static\json_login_ex.json"&gt;C:\Users\Usuario\Robotron_Beatriz_Jardim_Projeto_Final\support\fixtures\static\json_login_ex.json&lt;/a&gt;'.</msg>
<msg timestamp="20220728 11:53:53.075" level="INFO">${arquivo} = {
    "login_valido_sem_carrinho":{
        "email": "fulano@qa.com",
        "password": "teste"
    },
    "login_email_invalido":{
        "email":"emailInvalido@gmail.com",
        "password":"tes...</msg>
<status status="PASS" starttime="20220728 11:53:53.075" endtime="20220728 11:53:53.075"/>
</kw>
<kw name="Evaluate" library="BuiltIn">
<var>&amp;{data}</var>
<arg>json.loads('''${arquivo}''')</arg>
<arg>json</arg>
<doc>Evaluates the given expression in Python and returns the result.</doc>
<msg timestamp="20220728 11:53:53.076" level="INFO">&amp;{data} = { login_valido_sem_carrinho={'email': 'fulano@qa.com', 'password': 'teste'} | login_email_invalido={'email': 'emailInvalido@gmail.com', 'password': 'teste'} | login_senha_invalida={'email': 'fulano@qa...</msg>
<status status="PASS" starttime="20220728 11:53:53.075" endtime="20220728 11:53:53.076"/>
</kw>
<msg timestamp="20220728 11:53:53.076" level="INFO">${json} = {'login_valido_sem_carrinho': {'email': 'fulano@qa.com', 'password': 'teste'}, 'login_email_invalido': {'email': 'emailInvalido@gmail.com', 'password': 'teste'}, 'login_senha_invalida': {'email': 'ful...</msg>
<status status="PASS" starttime="20220728 11:53:53.074" endtime="20220728 11:53:53.076"/>
</kw>
<kw name="Set Variable" library="BuiltIn">
<var>${payload}</var>
<arg>${json["login_${estado}"]}</arg>
<doc>Returns the given values which can then be assigned to a variables.</doc>
<msg timestamp="20220728 11:53:53.076" level="INFO">${payload} = {'email': 'fulano@qa.com', 'password': 'teste'}</msg>
<status status="PASS" starttime="20220728 11:53:53.076" endtime="20220728 11:53:53.076"/>
</kw>
<kw name="Set Global Variable" library="BuiltIn">
<arg>${payload}</arg>
<doc>Makes a variable available globally in all tests and suites.</doc>
<msg timestamp="20220728 11:53:53.077" level="INFO">${payload} = {'email': 'fulano@qa.com', 'password': 'teste'}</msg>
<status status="PASS" starttime="20220728 11:53:53.077" endtime="20220728 11:53:53.077"/>
</kw>
<kw name="POST Endpoint /login" library="login_keywords">
<kw name="POST On Session" library="RequestsLibrary">
<var>${response}</var>
<arg>serverest</arg>
<arg>/login</arg>
<arg>json=&amp;{payload}</arg>
<arg>expected_status=anything</arg>
<doc>Sends a POST request on a previously created HTTP Session.</doc>
<msg timestamp="20220728 11:53:53.081" level="INFO">POST Request : url=http://localhost:3000/login 
 path_url=/login 
 headers={'User-Agent': 'python-requests/2.28.1', 'Accept-Encoding': 'gzip, deflate', 'Accept': '*/*', 'Connection': 'keep-alive', 'Content-Length': '47', 'Content-Type': 'application/json'} 
 body=b'{"email": "fulano@qa.com", "password": "teste"}' 
 </msg>
<msg timestamp="20220728 11:53:53.081" level="INFO">POST Response : url=http://localhost:3000/login 
 status=200, reason=OK 
 headers={'Access-Control-Allow-Origin': '*', 'x-dns-prefetch-control': 'off', 'x-frame-options': 'SAMEORIGIN', 'strict-transport-security': 'max-age=15552000; includeSubDomains', 'x-download-options': 'noopen', 'x-content-type-options': 'nosniff', 'x-xss-protection': '1; mode=block', 'x-moesif-transaction-id': '8f621445-1f05-4603-85c1-23cd6cd00b0c', 'Content-Type': 'application/json; charset=utf-8', 'Content-Length': '265', 'Date': 'Thu, 28 Jul 2022 14:53:53 GMT', 'Connection': 'keep-alive', 'Keep-Alive': 'timeout=5'} 
 body={
    "message": "Login realizado com sucesso",
    "authorization": "Bearer eyJhbGciOiJIUzI1NiIsInR5cCI6IkpXVCJ9.eyJlbWFpbCI6ImZ1bGFub0BxYS5jb20iLCJwYXNzd29yZCI6InRlc3RlIiwiaWF0IjoxNjU5MDIwMDMzLCJleHAiOjE2NTkwMjA2MzN9.pCUGdgR3n-Lb2C-m4Munb3ko8Z3z8ZYXCEBqh4cMLOg"
} 
 </msg>
<msg timestamp="20220728 11:53:53.082" level="INFO">${response} = &lt;Response [200]&gt;</msg>
<status status="PASS" starttime="20220728 11:53:53.077" endtime="20220728 11:53:53.082"/>
</kw>
<kw name="Set Global Variable" library="BuiltIn">
<arg>${response}</arg>
<doc>Makes a variable available globally in all tests and suites.</doc>
<msg timestamp="20220728 11:53:53.082" level="INFO">${response} = &lt;Response [200]&gt;</msg>
<status status="PASS" starttime="20220728 11:53:53.082" endtime="20220728 11:53:53.082"/>
</kw>
<status status="PASS" starttime="20220728 11:53:53.077" endtime="20220728 11:53:53.083"/>
</kw>
<status status="PASS" starttime="20220728 11:53:53.074" endtime="20220728 11:53:53.083"/>
</kw>
<kw name="Validar Ter Logado" library="login_keywords">
<kw name="Should Be Equal" library="BuiltIn">
<arg>${response.json()["message"]}</arg>
<arg>Login realizado com sucesso</arg>
<doc>Fails if the given objects are unequal.</doc>
<status status="PASS" starttime="20220728 11:53:53.083" endtime="20220728 11:53:53.084"/>
</kw>
<kw name="Should Not Be Empty" library="BuiltIn">
<arg>${response.json()["authorization"]}</arg>
<doc>Verifies that the given item is not empty.</doc>
<msg timestamp="20220728 11:53:53.084" level="INFO">Length is 192</msg>
<status status="PASS" starttime="20220728 11:53:53.084" endtime="20220728 11:53:53.084"/>
</kw>
<status status="PASS" starttime="20220728 11:53:53.083" endtime="20220728 11:53:53.084"/>
</kw>
<kw name="Set Variable" library="BuiltIn">
<var>${token_auth}</var>
<arg>${response.json()["authorization"]}</arg>
<doc>Returns the given values which can then be assigned to a variables.</doc>
<msg timestamp="20220728 11:53:53.085" level="INFO">${token_auth} = Bearer eyJhbGciOiJIUzI1NiIsInR5cCI6IkpXVCJ9.eyJlbWFpbCI6ImZ1bGFub0BxYS5jb20iLCJwYXNzd29yZCI6InRlc3RlIiwiaWF0IjoxNjU5MDIwMDMzLCJleHAiOjE2NTkwMjA2MzN9.pCUGdgR3n-Lb2C-m4Munb3ko8Z3z8ZYXCEBqh4cMLOg</msg>
<status status="PASS" starttime="20220728 11:53:53.084" endtime="20220728 11:53:53.085"/>
</kw>
<kw name="Set Global Variable" library="BuiltIn">
<arg>${token_auth}</arg>
<doc>Makes a variable available globally in all tests and suites.</doc>
<msg timestamp="20220728 11:53:53.085" level="INFO">${token_auth} = Bearer eyJhbGciOiJIUzI1NiIsInR5cCI6IkpXVCJ9.eyJlbWFpbCI6ImZ1bGFub0BxYS5jb20iLCJwYXNzd29yZCI6InRlc3RlIiwiaWF0IjoxNjU5MDIwMDMzLCJleHAiOjE2NTkwMjA2MzN9.pCUGdgR3n-Lb2C-m4Munb3ko8Z3z8ZYXCEBqh4cMLOg</msg>
<status status="PASS" starttime="20220728 11:53:53.085" endtime="20220728 11:53:53.085"/>
</kw>
<status status="PASS" starttime="20220728 11:53:53.074" endtime="20220728 11:53:53.085"/>
</kw>
<kw name="Pega Produto Estatico" library="produtos_keywords">
<arg>sem_nome</arg>
<kw name="Importar JSON Estatico" library="common">
<var>${json}</var>
<arg>json_produtos_ex.json</arg>
<kw name="Get File" library="OperatingSystem">
<var>${arquivo}</var>
<arg>${EXECDIR}/../support/fixtures/static/${nome_arquivo}</arg>
<doc>Returns the contents of a specified file.</doc>
<msg timestamp="20220728 11:53:53.087" level="INFO" html="true">Getting file '&lt;a href="file://C:\Users\Usuario\Robotron_Beatriz_Jardim_Projeto_Final\support\fixtures\static\json_produtos_ex.json"&gt;C:\Users\Usuario\Robotron_Beatriz_Jardim_Projeto_Final\support\fixtures\static\json_produtos_ex.json&lt;/a&gt;'.</msg>
<msg timestamp="20220728 11:53:53.087" level="INFO">${arquivo} = {
  "produto_default":{
    "nome": "Logitech MX Vertical",
    "preco": 470,
    "descricao": "Mouse",
    "quantidade": 381
    },
  "produto_valido":{
    "nome": "IPhone 13 - 128GB",
    "preco": ...</msg>
<status status="PASS" starttime="20220728 11:53:53.086" endtime="20220728 11:53:53.087"/>
</kw>
<kw name="Evaluate" library="BuiltIn">
<var>&amp;{data}</var>
<arg>json.loads('''${arquivo}''')</arg>
<arg>json</arg>
<doc>Evaluates the given expression in Python and returns the result.</doc>
<msg timestamp="20220728 11:53:53.087" level="INFO">&amp;{data} = { produto_default={'nome': 'Logitech MX Vertical', 'preco': 470, 'descricao': 'Mouse', 'quantidade': 381} | produto_valido={'nome': 'IPhone 13 - 128GB', 'preco': 5060, 'descricao': 'Celular', 'quantid...</msg>
<status status="PASS" starttime="20220728 11:53:53.087" endtime="20220728 11:53:53.087"/>
</kw>
<msg timestamp="20220728 11:53:53.088" level="INFO">${json} = {'produto_default': {'nome': 'Logitech MX Vertical', 'preco': 470, 'descricao': 'Mouse', 'quantidade': 381}, 'produto_valido': {'nome': 'IPhone 13 - 128GB', 'preco': 5060, 'descricao': 'Celular', 'qua...</msg>
<status status="PASS" starttime="20220728 11:53:53.086" endtime="20220728 11:53:53.088"/>
</kw>
<kw name="Set Variable" library="BuiltIn">
<var>${payload}</var>
<arg>${json["produto_${estado}"]}</arg>
<doc>Returns the given values which can then be assigned to a variables.</doc>
<msg timestamp="20220728 11:53:53.088" level="INFO">${payload} = {'nome': '', 'preco': 450, 'descricao': 'Mouse', 'quantidade': 203}</msg>
<status status="PASS" starttime="20220728 11:53:53.088" endtime="20220728 11:53:53.088"/>
</kw>
<kw name="Set Global Variable" library="BuiltIn">
<arg>${payload}</arg>
<doc>Makes a variable available globally in all tests and suites.</doc>
<msg timestamp="20220728 11:53:53.089" level="INFO">${payload} = {'nome': '', 'preco': 450, 'descricao': 'Mouse', 'quantidade': 203}</msg>
<status status="PASS" starttime="20220728 11:53:53.088" endtime="20220728 11:53:53.089"/>
</kw>
<status status="PASS" starttime="20220728 11:53:53.086" endtime="20220728 11:53:53.089"/>
</kw>
<kw name="POST Endpoint /produtos" library="produtos_keywords">
<kw name="Create Dictionary" library="BuiltIn">
<var>&amp;{header}</var>
<arg>Authorization=${token_auth}</arg>
<doc>Creates and returns a dictionary based on the given ``items``.</doc>
<msg timestamp="20220728 11:53:53.090" level="INFO">&amp;{header} = { Authorization=Bearer eyJhbGciOiJIUzI1NiIsInR5cCI6IkpXVCJ9.eyJlbWFpbCI6ImZ1bGFub0BxYS5jb20iLCJwYXNzd29yZCI6InRlc3RlIiwiaWF0IjoxNjU5MDIwMDMzLCJleHAiOjE2NTkwMjA2MzN9.pCUGdgR3n-Lb2C-m4Munb3ko8Z3z8ZYXCEB...</msg>
<status status="PASS" starttime="20220728 11:53:53.089" endtime="20220728 11:53:53.090"/>
</kw>
<kw name="POST On Session" library="RequestsLibrary">
<var>${response}</var>
<arg>serverest</arg>
<arg>/produtos</arg>
<arg>json=${payload}</arg>
<arg>expected_status=anything</arg>
<arg>headers=${header}</arg>
<doc>Sends a POST request on a previously created HTTP Session.</doc>
<msg timestamp="20220728 11:53:53.093" level="INFO">POST Request : url=http://localhost:3000/produtos 
 path_url=/produtos 
 headers={'User-Agent': 'python-requests/2.28.1', 'Accept-Encoding': 'gzip, deflate', 'Accept': '*/*', 'Connection': 'keep-alive', 'Authorization': 'Bearer eyJhbGciOiJIUzI1NiIsInR5cCI6IkpXVCJ9.eyJlbWFpbCI6ImZ1bGFub0BxYS5jb20iLCJwYXNzd29yZCI6InRlc3RlIiwiaWF0IjoxNjU5MDIwMDMzLCJleHAiOjE2NTkwMjA2MzN9.pCUGdgR3n-Lb2C-m4Munb3ko8Z3z8ZYXCEBqh4cMLOg', 'Content-Length': '67', 'Content-Type': 'application/json'} 
 body=b'{"nome": "", "preco": 450, "descricao": "Mouse", "quantidade": 203}' 
 </msg>
<msg timestamp="20220728 11:53:53.093" level="INFO">POST Response : url=http://localhost:3000/produtos 
 status=400, reason=Bad Request 
 headers={'Access-Control-Allow-Origin': '*', 'x-dns-prefetch-control': 'off', 'x-frame-options': 'SAMEORIGIN', 'strict-transport-security': 'max-age=15552000; includeSubDomains', 'x-download-options': 'noopen', 'x-content-type-options': 'nosniff', 'x-xss-protection': '1; mode=block', 'x-moesif-transaction-id': 'c50cb945-dc6f-4463-b9c7-26aca12c6016', 'Content-Type': 'application/json; charset=utf-8', 'Content-Length': '48', 'Date': 'Thu, 28 Jul 2022 14:53:53 GMT', 'Connection': 'keep-alive', 'Keep-Alive': 'timeout=5'} 
 body={
    "nome": "nome não pode ficar em branco"
} 
 </msg>
<msg timestamp="20220728 11:53:53.094" level="INFO">${response} = &lt;Response [400]&gt;</msg>
<status status="PASS" starttime="20220728 11:53:53.090" endtime="20220728 11:53:53.094"/>
</kw>
<kw name="Set Global Variable" library="BuiltIn">
<arg>${response}</arg>
<doc>Makes a variable available globally in all tests and suites.</doc>
<msg timestamp="20220728 11:53:53.094" level="INFO">${response} = &lt;Response [400]&gt;</msg>
<status status="PASS" starttime="20220728 11:53:53.094" endtime="20220728 11:53:53.094"/>
</kw>
<status status="PASS" starttime="20220728 11:53:53.089" endtime="20220728 11:53:53.094"/>
</kw>
<kw name="Validar nome: &quot;nome não pode ficar em branco&quot;" library="common" sourcename="Validar ${campo}: &quot;${mensagem}&quot;">
<kw name="Should Match" library="BuiltIn">
<arg>${response.json()["${campo}"]}</arg>
<arg>${mensagem}</arg>
<doc>Fails if the given ``string`` does not match the given ``pattern``.</doc>
<status status="PASS" starttime="20220728 11:53:53.095" endtime="20220728 11:53:53.096"/>
</kw>
<kw name="Log To Console" library="BuiltIn">
<arg>\n\nRetorno (${campo}): ${response.json()["${campo}"]}</arg>
<doc>Logs the given message to the console.</doc>
<status status="PASS" starttime="20220728 11:53:53.096" endtime="20220728 11:53:53.097"/>
</kw>
<status status="PASS" starttime="20220728 11:53:53.095" endtime="20220728 11:53:53.097"/>
</kw>
<kw name="Validar Status Code &quot;400&quot;" library="common" sourcename="Validar Status Code &quot;${statuscode}&quot;">
<kw name="Should Be True" library="BuiltIn">
<arg>${response.status_code} == ${statuscode}</arg>
<doc>Fails if the given condition is not true.</doc>
<status status="PASS" starttime="20220728 11:53:53.100" endtime="20220728 11:53:53.101"/>
</kw>
<kw name="Log To Console" library="BuiltIn">
<arg>Status Code: ${response.status_code}\n</arg>
<doc>Logs the given message to the console.</doc>
<status status="PASS" starttime="20220728 11:53:53.102" endtime="20220728 11:53:53.102"/>
</kw>
<status status="PASS" starttime="20220728 11:53:53.100" endtime="20220728 11:53:53.102"/>
</kw>
<tag>POST400.2</tag>
<status status="PASS" starttime="20220728 11:53:53.073" endtime="20220728 11:53:53.103"/>
</test>
<test id="s1-t7" name="Cenário: POST Cadastrar Produto com Preço Invalido 400" line="57">
<kw name="Fazer Login e Armazenar Token" library="login_keywords">
<arg>valido_sem_carrinho</arg>
<kw name="Fazer Login" library="login_keywords">
<arg>${usuario}</arg>
<kw name="Importar JSON Estatico" library="common">
<var>${json}</var>
<arg>json_login_ex.json</arg>
<kw name="Get File" library="OperatingSystem">
<var>${arquivo}</var>
<arg>${EXECDIR}/../support/fixtures/static/${nome_arquivo}</arg>
<doc>Returns the contents of a specified file.</doc>
<msg timestamp="20220728 11:53:53.107" level="INFO" html="true">Getting file '&lt;a href="file://C:\Users\Usuario\Robotron_Beatriz_Jardim_Projeto_Final\support\fixtures\static\json_login_ex.json"&gt;C:\Users\Usuario\Robotron_Beatriz_Jardim_Projeto_Final\support\fixtures\static\json_login_ex.json&lt;/a&gt;'.</msg>
<msg timestamp="20220728 11:53:53.107" level="INFO">${arquivo} = {
    "login_valido_sem_carrinho":{
        "email": "fulano@qa.com",
        "password": "teste"
    },
    "login_email_invalido":{
        "email":"emailInvalido@gmail.com",
        "password":"tes...</msg>
<status status="PASS" starttime="20220728 11:53:53.107" endtime="20220728 11:53:53.107"/>
</kw>
<kw name="Evaluate" library="BuiltIn">
<var>&amp;{data}</var>
<arg>json.loads('''${arquivo}''')</arg>
<arg>json</arg>
<doc>Evaluates the given expression in Python and returns the result.</doc>
<msg timestamp="20220728 11:53:53.108" level="INFO">&amp;{data} = { login_valido_sem_carrinho={'email': 'fulano@qa.com', 'password': 'teste'} | login_email_invalido={'email': 'emailInvalido@gmail.com', 'password': 'teste'} | login_senha_invalida={'email': 'fulano@qa...</msg>
<status status="PASS" starttime="20220728 11:53:53.107" endtime="20220728 11:53:53.108"/>
</kw>
<msg timestamp="20220728 11:53:53.108" level="INFO">${json} = {'login_valido_sem_carrinho': {'email': 'fulano@qa.com', 'password': 'teste'}, 'login_email_invalido': {'email': 'emailInvalido@gmail.com', 'password': 'teste'}, 'login_senha_invalida': {'email': 'ful...</msg>
<status status="PASS" starttime="20220728 11:53:53.106" endtime="20220728 11:53:53.108"/>
</kw>
<kw name="Set Variable" library="BuiltIn">
<var>${payload}</var>
<arg>${json["login_${estado}"]}</arg>
<doc>Returns the given values which can then be assigned to a variables.</doc>
<msg timestamp="20220728 11:53:53.109" level="INFO">${payload} = {'email': 'fulano@qa.com', 'password': 'teste'}</msg>
<status status="PASS" starttime="20220728 11:53:53.108" endtime="20220728 11:53:53.109"/>
</kw>
<kw name="Set Global Variable" library="BuiltIn">
<arg>${payload}</arg>
<doc>Makes a variable available globally in all tests and suites.</doc>
<msg timestamp="20220728 11:53:53.109" level="INFO">${payload} = {'email': 'fulano@qa.com', 'password': 'teste'}</msg>
<status status="PASS" starttime="20220728 11:53:53.109" endtime="20220728 11:53:53.109"/>
</kw>
<kw name="POST Endpoint /login" library="login_keywords">
<kw name="POST On Session" library="RequestsLibrary">
<var>${response}</var>
<arg>serverest</arg>
<arg>/login</arg>
<arg>json=&amp;{payload}</arg>
<arg>expected_status=anything</arg>
<doc>Sends a POST request on a previously created HTTP Session.</doc>
<msg timestamp="20220728 11:53:53.112" level="INFO">POST Request : url=http://localhost:3000/login 
 path_url=/login 
 headers={'User-Agent': 'python-requests/2.28.1', 'Accept-Encoding': 'gzip, deflate', 'Accept': '*/*', 'Connection': 'keep-alive', 'Content-Length': '47', 'Content-Type': 'application/json'} 
 body=b'{"email": "fulano@qa.com", "password": "teste"}' 
 </msg>
<msg timestamp="20220728 11:53:53.112" level="INFO">POST Response : url=http://localhost:3000/login 
 status=200, reason=OK 
 headers={'Access-Control-Allow-Origin': '*', 'x-dns-prefetch-control': 'off', 'x-frame-options': 'SAMEORIGIN', 'strict-transport-security': 'max-age=15552000; includeSubDomains', 'x-download-options': 'noopen', 'x-content-type-options': 'nosniff', 'x-xss-protection': '1; mode=block', 'x-moesif-transaction-id': '78134511-7de6-4161-89eb-4159b6b46288', 'Content-Type': 'application/json; charset=utf-8', 'Content-Length': '265', 'Date': 'Thu, 28 Jul 2022 14:53:53 GMT', 'Connection': 'keep-alive', 'Keep-Alive': 'timeout=5'} 
 body={
    "message": "Login realizado com sucesso",
    "authorization": "Bearer eyJhbGciOiJIUzI1NiIsInR5cCI6IkpXVCJ9.eyJlbWFpbCI6ImZ1bGFub0BxYS5jb20iLCJwYXNzd29yZCI6InRlc3RlIiwiaWF0IjoxNjU5MDIwMDMzLCJleHAiOjE2NTkwMjA2MzN9.pCUGdgR3n-Lb2C-m4Munb3ko8Z3z8ZYXCEBqh4cMLOg"
} 
 </msg>
<msg timestamp="20220728 11:53:53.112" level="INFO">${response} = &lt;Response [200]&gt;</msg>
<status status="PASS" starttime="20220728 11:53:53.109" endtime="20220728 11:53:53.112"/>
</kw>
<kw name="Set Global Variable" library="BuiltIn">
<arg>${response}</arg>
<doc>Makes a variable available globally in all tests and suites.</doc>
<msg timestamp="20220728 11:53:53.112" level="INFO">${response} = &lt;Response [200]&gt;</msg>
<status status="PASS" starttime="20220728 11:53:53.112" endtime="20220728 11:53:53.112"/>
</kw>
<status status="PASS" starttime="20220728 11:53:53.109" endtime="20220728 11:53:53.112"/>
</kw>
<status status="PASS" starttime="20220728 11:53:53.106" endtime="20220728 11:53:53.113"/>
</kw>
<kw name="Validar Ter Logado" library="login_keywords">
<kw name="Should Be Equal" library="BuiltIn">
<arg>${response.json()["message"]}</arg>
<arg>Login realizado com sucesso</arg>
<doc>Fails if the given objects are unequal.</doc>
<status status="PASS" starttime="20220728 11:53:53.113" endtime="20220728 11:53:53.114"/>
</kw>
<kw name="Should Not Be Empty" library="BuiltIn">
<arg>${response.json()["authorization"]}</arg>
<doc>Verifies that the given item is not empty.</doc>
<msg timestamp="20220728 11:53:53.114" level="INFO">Length is 192</msg>
<status status="PASS" starttime="20220728 11:53:53.114" endtime="20220728 11:53:53.115"/>
</kw>
<status status="PASS" starttime="20220728 11:53:53.113" endtime="20220728 11:53:53.115"/>
</kw>
<kw name="Set Variable" library="BuiltIn">
<var>${token_auth}</var>
<arg>${response.json()["authorization"]}</arg>
<doc>Returns the given values which can then be assigned to a variables.</doc>
<msg timestamp="20220728 11:53:53.116" level="INFO">${token_auth} = Bearer eyJhbGciOiJIUzI1NiIsInR5cCI6IkpXVCJ9.eyJlbWFpbCI6ImZ1bGFub0BxYS5jb20iLCJwYXNzd29yZCI6InRlc3RlIiwiaWF0IjoxNjU5MDIwMDMzLCJleHAiOjE2NTkwMjA2MzN9.pCUGdgR3n-Lb2C-m4Munb3ko8Z3z8ZYXCEBqh4cMLOg</msg>
<status status="PASS" starttime="20220728 11:53:53.115" endtime="20220728 11:53:53.116"/>
</kw>
<kw name="Set Global Variable" library="BuiltIn">
<arg>${token_auth}</arg>
<doc>Makes a variable available globally in all tests and suites.</doc>
<msg timestamp="20220728 11:53:53.116" level="INFO">${token_auth} = Bearer eyJhbGciOiJIUzI1NiIsInR5cCI6IkpXVCJ9.eyJlbWFpbCI6ImZ1bGFub0BxYS5jb20iLCJwYXNzd29yZCI6InRlc3RlIiwiaWF0IjoxNjU5MDIwMDMzLCJleHAiOjE2NTkwMjA2MzN9.pCUGdgR3n-Lb2C-m4Munb3ko8Z3z8ZYXCEBqh4cMLOg</msg>
<status status="PASS" starttime="20220728 11:53:53.116" endtime="20220728 11:53:53.116"/>
</kw>
<status status="PASS" starttime="20220728 11:53:53.106" endtime="20220728 11:53:53.116"/>
</kw>
<kw name="Pega Produto Estatico" library="produtos_keywords">
<arg>preco_invalido</arg>
<kw name="Importar JSON Estatico" library="common">
<var>${json}</var>
<arg>json_produtos_ex.json</arg>
<kw name="Get File" library="OperatingSystem">
<var>${arquivo}</var>
<arg>${EXECDIR}/../support/fixtures/static/${nome_arquivo}</arg>
<doc>Returns the contents of a specified file.</doc>
<msg timestamp="20220728 11:53:53.117" level="INFO" html="true">Getting file '&lt;a href="file://C:\Users\Usuario\Robotron_Beatriz_Jardim_Projeto_Final\support\fixtures\static\json_produtos_ex.json"&gt;C:\Users\Usuario\Robotron_Beatriz_Jardim_Projeto_Final\support\fixtures\static\json_produtos_ex.json&lt;/a&gt;'.</msg>
<msg timestamp="20220728 11:53:53.117" level="INFO">${arquivo} = {
  "produto_default":{
    "nome": "Logitech MX Vertical",
    "preco": 470,
    "descricao": "Mouse",
    "quantidade": 381
    },
  "produto_valido":{
    "nome": "IPhone 13 - 128GB",
    "preco": ...</msg>
<status status="PASS" starttime="20220728 11:53:53.117" endtime="20220728 11:53:53.117"/>
</kw>
<kw name="Evaluate" library="BuiltIn">
<var>&amp;{data}</var>
<arg>json.loads('''${arquivo}''')</arg>
<arg>json</arg>
<doc>Evaluates the given expression in Python and returns the result.</doc>
<msg timestamp="20220728 11:53:53.118" level="INFO">&amp;{data} = { produto_default={'nome': 'Logitech MX Vertical', 'preco': 470, 'descricao': 'Mouse', 'quantidade': 381} | produto_valido={'nome': 'IPhone 13 - 128GB', 'preco': 5060, 'descricao': 'Celular', 'quantid...</msg>
<status status="PASS" starttime="20220728 11:53:53.117" endtime="20220728 11:53:53.118"/>
</kw>
<msg timestamp="20220728 11:53:53.118" level="INFO">${json} = {'produto_default': {'nome': 'Logitech MX Vertical', 'preco': 470, 'descricao': 'Mouse', 'quantidade': 381}, 'produto_valido': {'nome': 'IPhone 13 - 128GB', 'preco': 5060, 'descricao': 'Celular', 'qua...</msg>
<status status="PASS" starttime="20220728 11:53:53.117" endtime="20220728 11:53:53.118"/>
</kw>
<kw name="Set Variable" library="BuiltIn">
<var>${payload}</var>
<arg>${json["produto_${estado}"]}</arg>
<doc>Returns the given values which can then be assigned to a variables.</doc>
<msg timestamp="20220728 11:53:53.119" level="INFO">${payload} = {'nome': 'Logitech MX Vertical', 'preco': 'texto', 'descricao': 'Mouse', 'quantidade': 203}</msg>
<status status="PASS" starttime="20220728 11:53:53.118" endtime="20220728 11:53:53.119"/>
</kw>
<kw name="Set Global Variable" library="BuiltIn">
<arg>${payload}</arg>
<doc>Makes a variable available globally in all tests and suites.</doc>
<msg timestamp="20220728 11:53:53.119" level="INFO">${payload} = {'nome': 'Logitech MX Vertical', 'preco': 'texto', 'descricao': 'Mouse', 'quantidade': 203}</msg>
<status status="PASS" starttime="20220728 11:53:53.119" endtime="20220728 11:53:53.119"/>
</kw>
<status status="PASS" starttime="20220728 11:53:53.116" endtime="20220728 11:53:53.119"/>
</kw>
<kw name="POST Endpoint /produtos" library="produtos_keywords">
<kw name="Create Dictionary" library="BuiltIn">
<var>&amp;{header}</var>
<arg>Authorization=${token_auth}</arg>
<doc>Creates and returns a dictionary based on the given ``items``.</doc>
<msg timestamp="20220728 11:53:53.120" level="INFO">&amp;{header} = { Authorization=Bearer eyJhbGciOiJIUzI1NiIsInR5cCI6IkpXVCJ9.eyJlbWFpbCI6ImZ1bGFub0BxYS5jb20iLCJwYXNzd29yZCI6InRlc3RlIiwiaWF0IjoxNjU5MDIwMDMzLCJleHAiOjE2NTkwMjA2MzN9.pCUGdgR3n-Lb2C-m4Munb3ko8Z3z8ZYXCEB...</msg>
<status status="PASS" starttime="20220728 11:53:53.120" endtime="20220728 11:53:53.120"/>
</kw>
<kw name="POST On Session" library="RequestsLibrary">
<var>${response}</var>
<arg>serverest</arg>
<arg>/produtos</arg>
<arg>json=${payload}</arg>
<arg>expected_status=anything</arg>
<arg>headers=${header}</arg>
<doc>Sends a POST request on a previously created HTTP Session.</doc>
<msg timestamp="20220728 11:53:53.124" level="INFO">POST Request : url=http://localhost:3000/produtos 
 path_url=/produtos 
 headers={'User-Agent': 'python-requests/2.28.1', 'Accept-Encoding': 'gzip, deflate', 'Accept': '*/*', 'Connection': 'keep-alive', 'Authorization': 'Bearer eyJhbGciOiJIUzI1NiIsInR5cCI6IkpXVCJ9.eyJlbWFpbCI6ImZ1bGFub0BxYS5jb20iLCJwYXNzd29yZCI6InRlc3RlIiwiaWF0IjoxNjU5MDIwMDMzLCJleHAiOjE2NTkwMjA2MzN9.pCUGdgR3n-Lb2C-m4Munb3ko8Z3z8ZYXCEBqh4cMLOg', 'Content-Length': '91', 'Content-Type': 'application/json'} 
 body=b'{"nome": "Logitech MX Vertical", "preco": "texto", "descricao": "Mouse", "quantidade": 203}' 
 </msg>
<msg timestamp="20220728 11:53:53.124" level="INFO">POST Response : url=http://localhost:3000/produtos 
 status=400, reason=Bad Request 
 headers={'Access-Control-Allow-Origin': '*', 'x-dns-prefetch-control': 'off', 'x-frame-options': 'SAMEORIGIN', 'strict-transport-security': 'max-age=15552000; includeSubDomains', 'x-download-options': 'noopen', 'x-content-type-options': 'nosniff', 'x-xss-protection': '1; mode=block', 'x-moesif-transaction-id': '4f57f79f-000c-4047-ac6b-8acd341a09aa', 'Content-Type': 'application/json; charset=utf-8', 'Content-Length': '44', 'Date': 'Thu, 28 Jul 2022 14:53:53 GMT', 'Connection': 'keep-alive', 'Keep-Alive': 'timeout=5'} 
 body={
    "preco": "preco deve ser um número"
} 
 </msg>
<msg timestamp="20220728 11:53:53.124" level="INFO">${response} = &lt;Response [400]&gt;</msg>
<status status="PASS" starttime="20220728 11:53:53.120" endtime="20220728 11:53:53.124"/>
</kw>
<kw name="Set Global Variable" library="BuiltIn">
<arg>${response}</arg>
<doc>Makes a variable available globally in all tests and suites.</doc>
<msg timestamp="20220728 11:53:53.125" level="INFO">${response} = &lt;Response [400]&gt;</msg>
<status status="PASS" starttime="20220728 11:53:53.124" endtime="20220728 11:53:53.125"/>
</kw>
<status status="PASS" starttime="20220728 11:53:53.120" endtime="20220728 11:53:53.125"/>
</kw>
<kw name="Validar preco: &quot;preco deve ser um número&quot;" library="common" sourcename="Validar ${campo}: &quot;${mensagem}&quot;">
<kw name="Should Match" library="BuiltIn">
<arg>${response.json()["${campo}"]}</arg>
<arg>${mensagem}</arg>
<doc>Fails if the given ``string`` does not match the given ``pattern``.</doc>
<status status="PASS" starttime="20220728 11:53:53.125" endtime="20220728 11:53:53.126"/>
</kw>
<kw name="Log To Console" library="BuiltIn">
<arg>\n\nRetorno (${campo}): ${response.json()["${campo}"]}</arg>
<doc>Logs the given message to the console.</doc>
<status status="PASS" starttime="20220728 11:53:53.126" endtime="20220728 11:53:53.128"/>
</kw>
<status status="PASS" starttime="20220728 11:53:53.125" endtime="20220728 11:53:53.128"/>
</kw>
<kw name="Validar Status Code &quot;400&quot;" library="common" sourcename="Validar Status Code &quot;${statuscode}&quot;">
<kw name="Should Be True" library="BuiltIn">
<arg>${response.status_code} == ${statuscode}</arg>
<doc>Fails if the given condition is not true.</doc>
<status status="PASS" starttime="20220728 11:53:53.128" endtime="20220728 11:53:53.129"/>
</kw>
<kw name="Log To Console" library="BuiltIn">
<arg>Status Code: ${response.status_code}\n</arg>
<doc>Logs the given message to the console.</doc>
<status status="PASS" starttime="20220728 11:53:53.129" endtime="20220728 11:53:53.130"/>
</kw>
<status status="PASS" starttime="20220728 11:53:53.128" endtime="20220728 11:53:53.130"/>
</kw>
<tag>POST400.3</tag>
<status status="PASS" starttime="20220728 11:53:53.105" endtime="20220728 11:53:53.133"/>
</test>
<test id="s1-t8" name="Cenário: POST Sem Token 401" line="65">
<kw name="Pega Produto Estatico" library="produtos_keywords">
<arg>valido</arg>
<kw name="Importar JSON Estatico" library="common">
<var>${json}</var>
<arg>json_produtos_ex.json</arg>
<kw name="Get File" library="OperatingSystem">
<var>${arquivo}</var>
<arg>${EXECDIR}/../support/fixtures/static/${nome_arquivo}</arg>
<doc>Returns the contents of a specified file.</doc>
<msg timestamp="20220728 11:53:53.136" level="INFO" html="true">Getting file '&lt;a href="file://C:\Users\Usuario\Robotron_Beatriz_Jardim_Projeto_Final\support\fixtures\static\json_produtos_ex.json"&gt;C:\Users\Usuario\Robotron_Beatriz_Jardim_Projeto_Final\support\fixtures\static\json_produtos_ex.json&lt;/a&gt;'.</msg>
<msg timestamp="20220728 11:53:53.136" level="INFO">${arquivo} = {
  "produto_default":{
    "nome": "Logitech MX Vertical",
    "preco": 470,
    "descricao": "Mouse",
    "quantidade": 381
    },
  "produto_valido":{
    "nome": "IPhone 13 - 128GB",
    "preco": ...</msg>
<status status="PASS" starttime="20220728 11:53:53.136" endtime="20220728 11:53:53.137"/>
</kw>
<kw name="Evaluate" library="BuiltIn">
<var>&amp;{data}</var>
<arg>json.loads('''${arquivo}''')</arg>
<arg>json</arg>
<doc>Evaluates the given expression in Python and returns the result.</doc>
<msg timestamp="20220728 11:53:53.137" level="INFO">&amp;{data} = { produto_default={'nome': 'Logitech MX Vertical', 'preco': 470, 'descricao': 'Mouse', 'quantidade': 381} | produto_valido={'nome': 'IPhone 13 - 128GB', 'preco': 5060, 'descricao': 'Celular', 'quantid...</msg>
<status status="PASS" starttime="20220728 11:53:53.137" endtime="20220728 11:53:53.137"/>
</kw>
<msg timestamp="20220728 11:53:53.137" level="INFO">${json} = {'produto_default': {'nome': 'Logitech MX Vertical', 'preco': 470, 'descricao': 'Mouse', 'quantidade': 381}, 'produto_valido': {'nome': 'IPhone 13 - 128GB', 'preco': 5060, 'descricao': 'Celular', 'qua...</msg>
<status status="PASS" starttime="20220728 11:53:53.136" endtime="20220728 11:53:53.137"/>
</kw>
<kw name="Set Variable" library="BuiltIn">
<var>${payload}</var>
<arg>${json["produto_${estado}"]}</arg>
<doc>Returns the given values which can then be assigned to a variables.</doc>
<msg timestamp="20220728 11:53:53.138" level="INFO">${payload} = {'nome': 'IPhone 13 - 128GB', 'preco': 5060, 'descricao': 'Celular', 'quantidade': 128}</msg>
<status status="PASS" starttime="20220728 11:53:53.137" endtime="20220728 11:53:53.138"/>
</kw>
<kw name="Set Global Variable" library="BuiltIn">
<arg>${payload}</arg>
<doc>Makes a variable available globally in all tests and suites.</doc>
<msg timestamp="20220728 11:53:53.138" level="INFO">${payload} = {'nome': 'IPhone 13 - 128GB', 'preco': 5060, 'descricao': 'Celular', 'quantidade': 128}</msg>
<status status="PASS" starttime="20220728 11:53:53.138" endtime="20220728 11:53:53.138"/>
</kw>
<status status="PASS" starttime="20220728 11:53:53.135" endtime="20220728 11:53:53.138"/>
</kw>
<kw name="POST Sem Token" library="produtos_keywords">
<kw name="POST On Session" library="RequestsLibrary">
<var>${response}</var>
<arg>serverest</arg>
<arg>/produtos</arg>
<arg>json=${payload}</arg>
<arg>expected_status=anything</arg>
<doc>Sends a POST request on a previously created HTTP Session.</doc>
<msg timestamp="20220728 11:53:53.142" level="INFO">POST Request : url=http://localhost:3000/produtos 
 path_url=/produtos 
 headers={'User-Agent': 'python-requests/2.28.1', 'Accept-Encoding': 'gzip, deflate', 'Accept': '*/*', 'Connection': 'keep-alive', 'Content-Length': '87', 'Content-Type': 'application/json'} 
 body=b'{"nome": "IPhone 13 - 128GB", "preco": 5060, "descricao": "Celular", "quantidade": 128}' 
 </msg>
<msg timestamp="20220728 11:53:53.142" level="INFO">POST Response : url=http://localhost:3000/produtos 
 status=401, reason=Unauthorized 
 headers={'Access-Control-Allow-Origin': '*', 'x-dns-prefetch-control': 'off', 'x-frame-options': 'SAMEORIGIN', 'strict-transport-security': 'max-age=15552000; includeSubDomains', 'x-download-options': 'noopen', 'x-content-type-options': 'nosniff', 'x-xss-protection': '1; mode=block', 'x-moesif-transaction-id': '04ddb6fb-e042-44aa-8954-3f1c4cac1d5a', 'Content-Type': 'application/json; charset=utf-8', 'Content-Length': '103', 'Date': 'Thu, 28 Jul 2022 14:53:53 GMT', 'Connection': 'keep-alive', 'Keep-Alive': 'timeout=5'} 
 body={
    "message": "Token de acesso ausente, inválido, expirado ou usuário do token não existe mais"
} 
 </msg>
<msg timestamp="20220728 11:53:53.142" level="INFO">${response} = &lt;Response [401]&gt;</msg>
<status status="PASS" starttime="20220728 11:53:53.139" endtime="20220728 11:53:53.142"/>
</kw>
<kw name="Set Global Variable" library="BuiltIn">
<arg>${response}</arg>
<doc>Makes a variable available globally in all tests and suites.</doc>
<msg timestamp="20220728 11:53:53.142" level="INFO">${response} = &lt;Response [401]&gt;</msg>
<status status="PASS" starttime="20220728 11:53:53.142" endtime="20220728 11:53:53.142"/>
</kw>
<status status="PASS" starttime="20220728 11:53:53.139" endtime="20220728 11:53:53.142"/>
</kw>
<kw name="Validar message: &quot;Token de acesso ausente, inválido, expirado ou usuário do token não existe mais&quot;" library="common" sourcename="Validar ${campo}: &quot;${mensagem}&quot;">
<kw name="Should Match" library="BuiltIn">
<arg>${response.json()["${campo}"]}</arg>
<arg>${mensagem}</arg>
<doc>Fails if the given ``string`` does not match the given ``pattern``.</doc>
<status status="PASS" starttime="20220728 11:53:53.143" endtime="20220728 11:53:53.144"/>
</kw>
<kw name="Log To Console" library="BuiltIn">
<arg>\n\nRetorno (${campo}): ${response.json()["${campo}"]}</arg>
<doc>Logs the given message to the console.</doc>
<status status="PASS" starttime="20220728 11:53:53.144" endtime="20220728 11:53:53.146"/>
</kw>
<status status="PASS" starttime="20220728 11:53:53.143" endtime="20220728 11:53:53.146"/>
</kw>
<kw name="Validar Status Code &quot;401&quot;" library="common" sourcename="Validar Status Code &quot;${statuscode}&quot;">
<kw name="Should Be True" library="BuiltIn">
<arg>${response.status_code} == ${statuscode}</arg>
<doc>Fails if the given condition is not true.</doc>
<status status="PASS" starttime="20220728 11:53:53.147" endtime="20220728 11:53:53.148"/>
</kw>
<kw name="Log To Console" library="BuiltIn">
<arg>Status Code: ${response.status_code}\n</arg>
<doc>Logs the given message to the console.</doc>
<status status="PASS" starttime="20220728 11:53:53.148" endtime="20220728 11:53:53.149"/>
</kw>
<status status="PASS" starttime="20220728 11:53:53.147" endtime="20220728 11:53:53.149"/>
</kw>
<tag>POST401.1</tag>
<status status="PASS" starttime="20220728 11:53:53.135" endtime="20220728 11:53:53.150"/>
</test>
<test id="s1-t9" name="Cenário: POST Token Invalido 401" line="72">
<kw name="Pega Produto Estatico" library="produtos_keywords">
<arg>valido</arg>
<kw name="Importar JSON Estatico" library="common">
<var>${json}</var>
<arg>json_produtos_ex.json</arg>
<kw name="Get File" library="OperatingSystem">
<var>${arquivo}</var>
<arg>${EXECDIR}/../support/fixtures/static/${nome_arquivo}</arg>
[...]
</kw>
<kw name="Evaluate" library="BuiltIn">
<var>&amp;{data}</var>
<arg>json.loads('''${arquivo}''')</arg>
<arg>json</arg>
<doc>Evaluates the given expression in Python and returns the result.</doc>
<msg timestamp="20220728 11:53:53.702" level="INFO">&amp;{data} = { usuario_default={'nome': 'Fulano da Silva', 'email': 'fulano@qa.com', 'password': 'teste', 'administrador': 'true'} | usuario_valido={'nome': 'Lana Del Rey', 'email': 'stargirlinterlude@gmail.com', ...</msg>
<status status="PASS" starttime="20220728 11:53:53.702" endtime="20220728 11:53:53.702"/>
</kw>
<msg timestamp="20220728 11:53:53.702" level="INFO">${json} = {'usuario_default': {'nome': 'Fulano da Silva', 'email': 'fulano@qa.com', 'password': 'teste', 'administrador': 'true'}, 'usuario_valido': {'nome': 'Lana Del Rey', 'email': 'stargirlinterlude@gmail.co...</msg>
<status status="PASS" starttime="20220728 11:53:53.701" endtime="20220728 11:53:53.702"/>
</kw>
<kw name="Set Variable" library="BuiltIn">
<var>${payload}</var>
<arg>${json["usuario_${estado}"]}</arg>
<doc>Returns the given values which can then be assigned to a variables.</doc>
<msg timestamp="20220728 11:53:53.704" level="INFO">${payload} = {'nome': 'Beltrano de Souza', 'email': 'beltranoNaoAdmin@gmail.com', 'password': 'teste321', 'administrador': 'false'}</msg>
<status status="PASS" starttime="20220728 11:53:53.702" endtime="20220728 11:53:53.704"/>
</kw>
<kw name="Set Global Variable" library="BuiltIn">
<arg>${payload}</arg>
<doc>Makes a variable available globally in all tests and suites.</doc>
<msg timestamp="20220728 11:53:53.704" level="INFO">${payload} = {'nome': 'Beltrano de Souza', 'email': 'beltranoNaoAdmin@gmail.com', 'password': 'teste321', 'administrador': 'false'}</msg>
<status status="PASS" starttime="20220728 11:53:53.704" endtime="20220728 11:53:53.704"/>
</kw>
<status status="PASS" starttime="20220728 11:53:53.700" endtime="20220728 11:53:53.704"/>
</kw>
<kw name="POST Endpoint /usuarios" library="usuarios_keywords">
<kw name="POST On Session" library="RequestsLibrary">
<var>${response}</var>
<arg>serverest</arg>
<arg>/usuarios</arg>
<arg>json=&amp;{payload}</arg>
<arg>expected_status=anything</arg>
<doc>Sends a POST request on a previously created HTTP Session.</doc>
<msg timestamp="20220728 11:53:53.708" level="INFO">POST Request : url=http://localhost:3000/usuarios 
 path_url=/usuarios 
 headers={'User-Agent': 'python-requests/2.28.1', 'Accept-Encoding': 'gzip, deflate', 'Accept': '*/*', 'Connection': 'keep-alive', 'Content-Length': '118', 'Content-Type': 'application/json'} 
 body=b'{"nome": "Beltrano de Souza", "email": "beltranoNaoAdmin@gmail.com", "password": "teste321", "administrador": "false"}' 
 </msg>
<msg timestamp="20220728 11:53:53.708" level="INFO">POST Response : url=http://localhost:3000/usuarios 
 status=201, reason=Created 
 headers={'Access-Control-Allow-Origin': '*', 'x-dns-prefetch-control': 'off', 'x-frame-options': 'SAMEORIGIN', 'strict-transport-security': 'max-age=15552000; includeSubDomains', 'x-download-options': 'noopen', 'x-content-type-options': 'nosniff', 'x-xss-protection': '1; mode=block', 'x-moesif-transaction-id': '767eeec4-5a53-4d4c-91c0-812fd2dcb857', 'Content-Type': 'application/json; charset=utf-8', 'Content-Length': '82', 'Date': 'Thu, 28 Jul 2022 14:53:53 GMT', 'Connection': 'keep-alive', 'Keep-Alive': 'timeout=5'} 
 body={
    "message": "Cadastro realizado com sucesso",
    "_id": "wc2SBn2lmmiHePgD"
} 
 </msg>
<msg timestamp="20220728 11:53:53.708" level="INFO">${response} = &lt;Response [201]&gt;</msg>
<status status="PASS" starttime="20220728 11:53:53.704" endtime="20220728 11:53:53.708"/>
</kw>
<kw name="Set Global Variable" library="BuiltIn">
<arg>${response}</arg>
<doc>Makes a variable available globally in all tests and suites.</doc>
<msg timestamp="20220728 11:53:53.709" level="INFO">${response} = &lt;Response [201]&gt;</msg>
<status status="PASS" starttime="20220728 11:53:53.709" endtime="20220728 11:53:53.709"/>
</kw>
<status status="PASS" starttime="20220728 11:53:53.704" endtime="20220728 11:53:53.709"/>
</kw>
<kw name="Set Variable" library="BuiltIn">
<var>${idUsuario}</var>
<arg>${response.json()["_id"]}</arg>
<doc>Returns the given values which can then be assigned to a variables.</doc>
<msg timestamp="20220728 11:53:53.710" level="INFO">${idUsuario} = wc2SBn2lmmiHePgD</msg>
<status status="PASS" starttime="20220728 11:53:53.710" endtime="20220728 11:53:53.710"/>
</kw>
<kw name="Fazer Login Sem Admnistrador e Armazenar Token" library="login_keywords">
<kw name="Fazer Login" library="login_keywords">
<arg>nao_administrador</arg>
<kw name="Importar JSON Estatico" library="common">
<var>${json}</var>
<arg>json_login_ex.json</arg>
<kw name="Get File" library="OperatingSystem">
<var>${arquivo}</var>
<arg>${EXECDIR}/../support/fixtures/static/${nome_arquivo}</arg>
<doc>Returns the contents of a specified file.</doc>
<msg timestamp="20220728 11:53:53.711" level="INFO" html="true">Getting file '&lt;a href="file://C:\Users\Usuario\Robotron_Beatriz_Jardim_Projeto_Final\support\fixtures\static\json_login_ex.json"&gt;C:\Users\Usuario\Robotron_Beatriz_Jardim_Projeto_Final\support\fixtures\static\json_login_ex.json&lt;/a&gt;'.</msg>
<msg timestamp="20220728 11:53:53.712" level="INFO">${arquivo} = {
    "login_valido_sem_carrinho":{
        "email": "fulano@qa.com",
        "password": "teste"
    },
    "login_email_invalido":{
        "email":"emailInvalido@gmail.com",
        "password":"tes...</msg>
<status status="PASS" starttime="20220728 11:53:53.711" endtime="20220728 11:53:53.712"/>
</kw>
<kw name="Evaluate" library="BuiltIn">
<var>&amp;{data}</var>
<arg>json.loads('''${arquivo}''')</arg>
<arg>json</arg>
<doc>Evaluates the given expression in Python and returns the result.</doc>
<msg timestamp="20220728 11:53:53.713" level="INFO">&amp;{data} = { login_valido_sem_carrinho={'email': 'fulano@qa.com', 'password': 'teste'} | login_email_invalido={'email': 'emailInvalido@gmail.com', 'password': 'teste'} | login_senha_invalida={'email': 'fulano@qa...</msg>
<status status="PASS" starttime="20220728 11:53:53.712" endtime="20220728 11:53:53.713"/>
</kw>
<msg timestamp="20220728 11:53:53.713" level="INFO">${json} = {'login_valido_sem_carrinho': {'email': 'fulano@qa.com', 'password': 'teste'}, 'login_email_invalido': {'email': 'emailInvalido@gmail.com', 'password': 'teste'}, 'login_senha_invalida': {'email': 'ful...</msg>
<status status="PASS" starttime="20220728 11:53:53.711" endtime="20220728 11:53:53.713"/>
</kw>
<kw name="Set Variable" library="BuiltIn">
<var>${payload}</var>
<arg>${json["login_${estado}"]}</arg>
<doc>Returns the given values which can then be assigned to a variables.</doc>
<msg timestamp="20220728 11:53:53.714" level="INFO">${payload} = {'email': 'beltranoNaoAdmin@gmail.com', 'password': 'teste321'}</msg>
<status status="PASS" starttime="20220728 11:53:53.713" endtime="20220728 11:53:53.714"/>
</kw>
<kw name="Set Global Variable" library="BuiltIn">
<arg>${payload}</arg>
<doc>Makes a variable available globally in all tests and suites.</doc>
<msg timestamp="20220728 11:53:53.714" level="INFO">${payload} = {'email': 'beltranoNaoAdmin@gmail.com', 'password': 'teste321'}</msg>
<status status="PASS" starttime="20220728 11:53:53.714" endtime="20220728 11:53:53.714"/>
</kw>
<kw name="POST Endpoint /login" library="login_keywords">
<kw name="POST On Session" library="RequestsLibrary">
<var>${response}</var>
<arg>serverest</arg>
<arg>/login</arg>
<arg>json=&amp;{payload}</arg>
<arg>expected_status=anything</arg>
<doc>Sends a POST request on a previously created HTTP Session.</doc>
<msg timestamp="20220728 11:53:53.717" level="INFO">POST Request : url=http://localhost:3000/login 
 path_url=/login 
 headers={'User-Agent': 'python-requests/2.28.1', 'Accept-Encoding': 'gzip, deflate', 'Accept': '*/*', 'Connection': 'keep-alive', 'Content-Length': '63', 'Content-Type': 'application/json'} 
 body=b'{"email": "beltranoNaoAdmin@gmail.com", "password": "teste321"}' 
 </msg>
<msg timestamp="20220728 11:53:53.718" level="INFO">POST Response : url=http://localhost:3000/login 
 status=200, reason=OK 
 headers={'Access-Control-Allow-Origin': '*', 'x-dns-prefetch-control': 'off', 'x-frame-options': 'SAMEORIGIN', 'strict-transport-security': 'max-age=15552000; includeSubDomains', 'x-download-options': 'noopen', 'x-content-type-options': 'nosniff', 'x-xss-protection': '1; mode=block', 'x-moesif-transaction-id': 'eec53326-12a5-4efa-836b-2d78eebd4e39', 'Content-Type': 'application/json; charset=utf-8', 'Content-Length': '287', 'Date': 'Thu, 28 Jul 2022 14:53:53 GMT', 'Connection': 'keep-alive', 'Keep-Alive': 'timeout=5'} 
 body={
    "message": "Login realizado com sucesso",
    "authorization": "Bearer eyJhbGciOiJIUzI1NiIsInR5cCI6IkpXVCJ9.eyJlbWFpbCI6ImJlbHRyYW5vTmFvQWRtaW5AZ21haWwuY29tIiwicGFzc3dvcmQiOiJ0ZXN0ZTMyMSIsImlhdCI6MTY1OTAyMDAzMywiZXhwIjoxNjU5MDIwNjMzfQ.zi2TNiA9Qe1NURCybXQKeQGRaPxACeBYXKgWhyt8ZwM"
} 
 </msg>
<msg timestamp="20220728 11:53:53.718" level="INFO">${response} = &lt;Response [200]&gt;</msg>
<status status="PASS" starttime="20220728 11:53:53.714" endtime="20220728 11:53:53.718"/>
</kw>
<kw name="Set Global Variable" library="BuiltIn">
<arg>${response}</arg>
<doc>Makes a variable available globally in all tests and suites.</doc>
<msg timestamp="20220728 11:53:53.718" level="INFO">${response} = &lt;Response [200]&gt;</msg>
<status status="PASS" starttime="20220728 11:53:53.718" endtime="20220728 11:53:53.718"/>
</kw>
<status status="PASS" starttime="20220728 11:53:53.714" endtime="20220728 11:53:53.718"/>
</kw>
<status status="PASS" starttime="20220728 11:53:53.711" endtime="20220728 11:53:53.718"/>
</kw>
<kw name="Validar Ter Logado" library="login_keywords">
<kw name="Should Be Equal" library="BuiltIn">
<arg>${response.json()["message"]}</arg>
<arg>Login realizado com sucesso</arg>
<doc>Fails if the given objects are unequal.</doc>
<status status="PASS" starttime="20220728 11:53:53.719" endtime="20220728 11:53:53.719"/>
</kw>
<kw name="Should Not Be Empty" library="BuiltIn">
<arg>${response.json()["authorization"]}</arg>
<doc>Verifies that the given item is not empty.</doc>
<msg timestamp="20220728 11:53:53.720" level="INFO">Length is 214</msg>
<status status="PASS" starttime="20220728 11:53:53.719" endtime="20220728 11:53:53.720"/>
</kw>
<status status="PASS" starttime="20220728 11:53:53.719" endtime="20220728 11:53:53.720"/>
</kw>
<kw name="Set Variable" library="BuiltIn">
<var>${token_auth}</var>
<arg>${response.json()["authorization"]}</arg>
<doc>Returns the given values which can then be assigned to a variables.</doc>
<msg timestamp="20220728 11:53:53.721" level="INFO">${token_auth} = Bearer eyJhbGciOiJIUzI1NiIsInR5cCI6IkpXVCJ9.eyJlbWFpbCI6ImJlbHRyYW5vTmFvQWRtaW5AZ21haWwuY29tIiwicGFzc3dvcmQiOiJ0ZXN0ZTMyMSIsImlhdCI6MTY1OTAyMDAzMywiZXhwIjoxNjU5MDIwNjMzfQ.zi2TNiA9Qe1NURCybXQKeQGRaPxAC...</msg>
<status status="PASS" starttime="20220728 11:53:53.720" endtime="20220728 11:53:53.721"/>
</kw>
<kw name="Set Global Variable" library="BuiltIn">
<arg>${token_auth}</arg>
<doc>Makes a variable available globally in all tests and suites.</doc>
<msg timestamp="20220728 11:53:53.721" level="INFO">${token_auth} = Bearer eyJhbGciOiJIUzI1NiIsInR5cCI6IkpXVCJ9.eyJlbWFpbCI6ImJlbHRyYW5vTmFvQWRtaW5AZ21haWwuY29tIiwicGFzc3dvcmQiOiJ0ZXN0ZTMyMSIsImlhdCI6MTY1OTAyMDAzMywiZXhwIjoxNjU5MDIwNjMzfQ.zi2TNiA9Qe1NURCybXQKeQGRaPxAC...</msg>
<status status="PASS" starttime="20220728 11:53:53.721" endtime="20220728 11:53:53.721"/>
</kw>
<status status="PASS" starttime="20220728 11:53:53.711" endtime="20220728 11:53:53.721"/>
</kw>
<kw name="DELETE id &quot;0uxuPY0cbmQhpEz1&quot;" library="produtos_keywords" sourcename="DELETE id &quot;${id}&quot;">
<kw name="Create Dictionary" library="BuiltIn">
<var>${header}</var>
<arg>Authorization=${token_auth}</arg>
<doc>Creates and returns a dictionary based on the given ``items``.</doc>
<msg timestamp="20220728 11:53:53.723" level="INFO">${header} = {'Authorization': 'Bearer eyJhbGciOiJIUzI1NiIsInR5cCI6IkpXVCJ9.eyJlbWFpbCI6ImJlbHRyYW5vTmFvQWRtaW5AZ21haWwuY29tIiwicGFzc3dvcmQiOiJ0ZXN0ZTMyMSIsImlhdCI6MTY1OTAyMDAzMywiZXhwIjoxNjU5MDIwNjMzfQ.zi2TNiA9Qe...</msg>
<status status="PASS" starttime="20220728 11:53:53.722" endtime="20220728 11:53:53.723"/>
</kw>
<kw name="DELETE On Session" library="RequestsLibrary">
<var>${response}</var>
<arg>serverest</arg>
<arg>/produtos/${id}</arg>
<arg>expected_status=anything</arg>
<arg>headers=${header}</arg>
<doc>Sends a DELETE request on a previously created HTTP Session.</doc>
<msg timestamp="20220728 11:53:53.727" level="INFO">DELETE Request : url=http://localhost:3000/produtos/0uxuPY0cbmQhpEz1 
 path_url=/produtos/0uxuPY0cbmQhpEz1 
 headers={'User-Agent': 'python-requests/2.28.1', 'Accept-Encoding': 'gzip, deflate', 'Accept': '*/*', 'Connection': 'keep-alive', 'Authorization': 'Bearer eyJhbGciOiJIUzI1NiIsInR5cCI6IkpXVCJ9.eyJlbWFpbCI6ImJlbHRyYW5vTmFvQWRtaW5AZ21haWwuY29tIiwicGFzc3dvcmQiOiJ0ZXN0ZTMyMSIsImlhdCI6MTY1OTAyMDAzMywiZXhwIjoxNjU5MDIwNjMzfQ.zi2TNiA9Qe1NURCybXQKeQGRaPxACeBYXKgWhyt8ZwM', 'Content-Length': '0'} 
 body=None 
 </msg>
<msg timestamp="20220728 11:53:53.727" level="INFO">DELETE Response : url=http://localhost:3000/produtos/0uxuPY0cbmQhpEz1 
 status=403, reason=Forbidden 
 headers={'Access-Control-Allow-Origin': '*', 'x-dns-prefetch-control': 'off', 'x-frame-options': 'SAMEORIGIN', 'strict-transport-security': 'max-age=15552000; includeSubDomains', 'x-download-options': 'noopen', 'x-content-type-options': 'nosniff', 'x-xss-protection': '1; mode=block', 'x-moesif-transaction-id': '3bb08f03-4e5d-4fc1-a983-7447cb89fb39', 'Content-Type': 'application/json; charset=utf-8', 'Content-Length': '56', 'Date': 'Thu, 28 Jul 2022 14:53:53 GMT', 'Connection': 'keep-alive', 'Keep-Alive': 'timeout=5'} 
 body={
    "message": "Rota exclusiva para administradores"
} 
 </msg>
<msg timestamp="20220728 11:53:53.727" level="INFO">${response} = &lt;Response [403]&gt;</msg>
<status status="PASS" starttime="20220728 11:53:53.723" endtime="20220728 11:53:53.727"/>
</kw>
<kw name="Set Global Variable" library="BuiltIn">
<arg>${response}</arg>
<doc>Makes a variable available globally in all tests and suites.</doc>
<msg timestamp="20220728 11:53:53.728" level="INFO">${response} = &lt;Response [403]&gt;</msg>
<status status="PASS" starttime="20220728 11:53:53.727" endtime="20220728 11:53:53.728"/>
</kw>
<status status="PASS" starttime="20220728 11:53:53.722" endtime="20220728 11:53:53.728"/>
</kw>
<kw name="Validar message: &quot;Rota exclusiva para administradores&quot;" library="common" sourcename="Validar ${campo}: &quot;${mensagem}&quot;">
<kw name="Should Match" library="BuiltIn">
<arg>${response.json()["${campo}"]}</arg>
<arg>${mensagem}</arg>
<doc>Fails if the given ``string`` does not match the given ``pattern``.</doc>
<status status="PASS" starttime="20220728 11:53:53.729" endtime="20220728 11:53:53.730"/>
</kw>
<kw name="Log To Console" library="BuiltIn">
<arg>\n\nRetorno (${campo}): ${response.json()["${campo}"]}</arg>
<doc>Logs the given message to the console.</doc>
<status status="PASS" starttime="20220728 11:53:53.730" endtime="20220728 11:53:53.732"/>
</kw>
<status status="PASS" starttime="20220728 11:53:53.729" endtime="20220728 11:53:53.732"/>
</kw>
<kw name="Validar Status Code &quot;403&quot;" library="common" sourcename="Validar Status Code &quot;${statuscode}&quot;">
<kw name="Should Be True" library="BuiltIn">
<arg>${response.status_code} == ${statuscode}</arg>
<doc>Fails if the given condition is not true.</doc>
<status status="PASS" starttime="20220728 11:53:53.732" endtime="20220728 11:53:53.733"/>
</kw>
<kw name="Log To Console" library="BuiltIn">
<arg>Status Code: ${response.status_code}\n</arg>
<doc>Logs the given message to the console.</doc>
<status status="PASS" starttime="20220728 11:53:53.733" endtime="20220728 11:53:53.735"/>
</kw>
<status status="PASS" starttime="20220728 11:53:53.732" endtime="20220728 11:53:53.735"/>
</kw>
<kw name="DELETE Usuario id &quot;${idUsuario}&quot;" library="usuarios_keywords" sourcename="DELETE Usuario id &quot;${id}&quot;">
<kw name="DELETE On Session" library="RequestsLibrary">
<var>${response}</var>
<arg>serverest</arg>
<arg>/usuarios/${id}</arg>
<arg>expected_status=anything</arg>
<doc>Sends a DELETE request on a previously created HTTP Session.</doc>
<msg timestamp="20220728 11:53:53.740" level="INFO">DELETE Request : url=http://localhost:3000/usuarios/wc2SBn2lmmiHePgD 
 path_url=/usuarios/wc2SBn2lmmiHePgD 
 headers={'User-Agent': 'python-requests/2.28.1', 'Accept-Encoding': 'gzip, deflate', 'Accept': '*/*', 'Connection': 'keep-alive', 'Content-Length': '0'} 
 body=None 
 </msg>
<msg timestamp="20220728 11:53:53.741" level="INFO">DELETE Response : url=http://localhost:3000/usuarios/wc2SBn2lmmiHePgD 
 status=200, reason=OK 
 headers={'Access-Control-Allow-Origin': '*', 'x-dns-prefetch-control': 'off', 'x-frame-options': 'SAMEORIGIN', 'strict-transport-security': 'max-age=15552000; includeSubDomains', 'x-download-options': 'noopen', 'x-content-type-options': 'nosniff', 'x-xss-protection': '1; mode=block', 'x-moesif-transaction-id': '3790d3e3-b6fb-4b8e-a6a3-f941553d6574', 'Content-Type': 'application/json; charset=utf-8', 'Content-Length': '51', 'Date': 'Thu, 28 Jul 2022 14:53:53 GMT', 'Connection': 'keep-alive', 'Keep-Alive': 'timeout=5'} 
 body={
    "message": "Registro excluído com sucesso"
} 
 </msg>
<msg timestamp="20220728 11:53:53.741" level="INFO">${response} = &lt;Response [200]&gt;</msg>
<status status="PASS" starttime="20220728 11:53:53.735" endtime="20220728 11:53:53.741"/>
</kw>
<kw name="Set Global Variable" library="BuiltIn">
<arg>${response}</arg>
<doc>Makes a variable available globally in all tests and suites.</doc>
<msg timestamp="20220728 11:53:53.741" level="INFO">${response} = &lt;Response [200]&gt;</msg>
<status status="PASS" starttime="20220728 11:53:53.741" endtime="20220728 11:53:53.741"/>
</kw>
<status status="PASS" starttime="20220728 11:53:53.735" endtime="20220728 11:53:53.741"/>
</kw>
<tag>DELETE403</tag>
<status status="PASS" starttime="20220728 11:53:53.700" endtime="20220728 11:53:53.741"/>
</test>
<doc>Arquivo para Test Cases no Endpoint /produtos</doc>
<status status="PASS" starttime="20220728 11:53:52.404" endtime="20220728 11:53:53.743"/>
</suite>
<statistics>
<total>
<stat pass="28" fail="0" skip="0">All Tests</stat>
</total>
<tag>
<stat pass="1" fail="0" skip="0">DELETE200.1</stat>
<stat pass="1" fail="0" skip="0">DELETE200.2</stat>
<stat pass="1" fail="0" skip="0">DELETE400</stat>
<stat pass="1" fail="0" skip="0">DELETE401.1</stat>
<stat pass="1" fail="0" skip="0">DELETE401.2</stat>
<stat pass="1" fail="0" skip="0">DELETE401.3</stat>
<stat pass="1" fail="0" skip="0">DELETE401.4</stat>
<stat pass="1" fail="0" skip="0">DELETE403</stat>
<stat pass="1" fail="0" skip="0">GET200.1</stat>
<stat pass="1" fail="0" skip="0">GET200.2</stat>
<stat pass="1" fail="0" skip="0">GET400</stat>
<stat pass="1" fail="0" skip="0">POST201</stat>
<stat pass="1" fail="0" skip="0">POST400.1</stat>
<stat pass="1" fail="0" skip="0">POST400.2</stat>
<stat pass="1" fail="0" skip="0">POST400.3</stat>
<stat pass="1" fail="0" skip="0">POST401.1</stat>
<stat pass="1" fail="0" skip="0">POST401.2</stat>
<stat pass="1" fail="0" skip="0">POST401.3</stat>
<stat pass="1" fail="0" skip="0">POST401.4</stat>
<stat pass="1" fail="0" skip="0">POST403</stat>
<stat pass="1" fail="0" skip="0">PUT200</stat>
<stat pass="1" fail="0" skip="0">PUT201</stat>
<stat pass="1" fail="0" skip="0">PUT400</stat>
<stat pass="1" fail="0" skip="0">PUT401.1</stat>
<stat pass="1" fail="0" skip="0">PUT401.2</stat>
<stat pass="1" fail="0" skip="0">PUT401.3</stat>
<stat pass="1" fail="0" skip="0">PUT401.4</stat>
<stat pass="1" fail="0" skip="0">PUT403</stat>
</tag>
<suite>
<stat pass="28" fail="0" skip="0" id="s1" name="Produtos Testes">Produtos Testes</stat>
</suite>
</statistics>
<errors>
</errors>
</robot>
